#
# There is insufficient memory for the Java Runtime Environment to continue.
# Native memory allocation (malloc) failed to allocate 37184 bytes for Chunk::new
# Possible reasons:
#   The system is out of physical RAM or swap space
#   The process is running with CompressedOops enabled, and the Java Heap may be blocking the growth of the native heap
# Possible solutions:
#   Reduce memory load on the system
#   Increase physical memory or swap space
#   Check if swap backing store is full
#   Decrease Java heap size (-Xmx/-Xms)
#   Decrease number of Java threads
#   Decrease Java thread stack sizes (-Xss)
#   Set larger code cache with -XX:ReservedCodeCacheSize=
#   JVM is running with Unscaled Compressed Oops mode in which the Java heap is
#     placed in the first 4GB address space. The Java Heap base address is the
#     maximum limit for the native heap growth. Please use -XX:HeapBaseMinAddress
#     to set the Java Heap base and to place the Java Heap above 4GB virtual address.
# This output file may be truncated or incomplete.
#
#  Out of Memory Error (arena.cpp:184), pid=23824, tid=22584
#
# JRE version: Java(TM) SE Runtime Environment (18.0+36) (build 18+36-2087)
# Java VM: Java HotSpot(TM) 64-Bit Server VM (18+36-2087, mixed mode, sharing, tiered, compressed oops, compressed class ptrs, g1 gc, windows-amd64)
# No core dump will be written. Minidumps are not enabled by default on client versions of Windows
#

---------------  S U M M A R Y ------------

Command Line: -Dfile.encoding=UTF-8 --module-path=C:\Users\ashwani yadav\Documents\NetBeansProjects\Hotel Management System\build\classes hotel.management.system.AddCustomer

Host: AMD Ryzen 5 5500U with Radeon Graphics         , 12 cores, 7G,  Windows 10 , 64 bit Build 19041 (10.0.19041.1645)
Time: Tue Apr 26 05:11:48 2022 India Standard Time elapsed time: 0.510430 seconds (0d 0h 0m 0s)

---------------  T H R E A D  ---------------

Current thread (0x0000022846d5e220):  JavaThread "main" [_thread_in_vm, id=22584, stack(0x0000007dd2700000,0x0000007dd2800000)]

Stack: [0x0000007dd2700000,0x0000007dd2800000]
Native frames: (J=compiled Java code, j=interpreted, Vv=VM code, C=native code)
V  [jvm.dll+0x69804a]
V  [jvm.dll+0x7f308d]
V  [jvm.dll+0x7f499e]
V  [jvm.dll+0x7f5053]
V  [jvm.dll+0x25ca3f]
V  [jvm.dll+0xb8c2f]
V  [jvm.dll+0xb8fa5]
V  [jvm.dll+0x20a7ba]
V  [jvm.dll+0x2095d2]
V  [jvm.dll+0x76c73d]
V  [jvm.dll+0x76da76]
V  [jvm.dll+0x76dda8]
V  [jvm.dll+0x254d46]
V  [jvm.dll+0x254f8f]
V  [jvm.dll+0x57b978]
V  [jvm.dll+0x57e7a0]
V  [jvm.dll+0x3a4743]
V  [jvm.dll+0x3a3ddf]
C  0x000002284e6aa602

Java frames: (J=compiled Java code, j=interpreted, Vv=VM code)
j  sun.awt.SunToolkit.checkAndSetPolicy(Ljava/awt/Container;)V+0 java.desktop@18
j  java.awt.Window.init(Ljava/awt/GraphicsConfiguration;)V+194 java.desktop@18
j  java.awt.Window.<init>()V+114 java.desktop@18
j  java.awt.Frame.<init>(Ljava/lang/String;)V+1 java.desktop@18
j  java.awt.Frame.<init>()V+3 java.desktop@18
j  javax.swing.JFrame.<init>()V+1 java.desktop@18
j  hotel.management.system.AddCustomer.<init>()V+1
j  hotel.management.system.AddCustomer.main([Ljava/lang/String;)V+4
v  ~StubRoutines::call_stub

---------------  P R O C E S S  ---------------

Threads class SMR info:
_java_thread_list=0x00000228691f7b70, length=15, elements={
0x0000022846d5e220, 0x0000022864d8cf30, 0x0000022864d8db90, 0x0000022864da66a0,
0x0000022864da7f60, 0x0000022864da8900, 0x0000022864da92a0, 0x0000022864da9f70,
0x0000022864db5930, 0x0000022864dc05b0, 0x0000022864d7b560, 0x000002286909a230,
0x00000228692bb430, 0x00000228692e7a00, 0x00000228692ead90
}

Java Threads: ( => current thread )
=>0x0000022846d5e220 JavaThread "main" [_thread_in_vm, id=22584, stack(0x0000007dd2700000,0x0000007dd2800000)]
  0x0000022864d8cf30 JavaThread "Reference Handler" daemon [_thread_blocked, id=2212, stack(0x0000007dd2e00000,0x0000007dd2f00000)]
  0x0000022864d8db90 JavaThread "Finalizer" daemon [_thread_blocked, id=23956, stack(0x0000007dd2f00000,0x0000007dd3000000)]
  0x0000022864da66a0 JavaThread "Signal Dispatcher" daemon [_thread_blocked, id=22984, stack(0x0000007dd3000000,0x0000007dd3100000)]
  0x0000022864da7f60 JavaThread "Attach Listener" daemon [_thread_blocked, id=21576, stack(0x0000007dd3100000,0x0000007dd3200000)]
  0x0000022864da8900 JavaThread "Service Thread" daemon [_thread_blocked, id=10068, stack(0x0000007dd3200000,0x0000007dd3300000)]
  0x0000022864da92a0 JavaThread "Monitor Deflation Thread" daemon [_thread_blocked, id=11188, stack(0x0000007dd3300000,0x0000007dd3400000)]
  0x0000022864da9f70 JavaThread "C2 CompilerThread0" daemon [_thread_blocked, id=23228, stack(0x0000007dd3400000,0x0000007dd3500000)]
  0x0000022864db5930 JavaThread "C1 CompilerThread0" daemon [_thread_blocked, id=24180, stack(0x0000007dd3500000,0x0000007dd3600000)]
  0x0000022864dc05b0 JavaThread "Sweeper thread" daemon [_thread_blocked, id=23724, stack(0x0000007dd3600000,0x0000007dd3700000)]
  0x0000022864d7b560 JavaThread "Common-Cleaner" daemon [_thread_blocked, id=16440, stack(0x0000007dd3700000,0x0000007dd3800000)]
  0x000002286909a230 JavaThread "Notification Thread" daemon [_thread_blocked, id=20816, stack(0x0000007dd3800000,0x0000007dd3900000)]
  0x00000228692bb430 JavaThread "Java2D Disposer" daemon [_thread_blocked, id=19632, stack(0x0000007dd3a00000,0x0000007dd3b00000)]
  0x00000228692e7a00 JavaThread "AWT-Shutdown" [_thread_blocked, id=16204, stack(0x0000007dd3b00000,0x0000007dd3c00000)]
  0x00000228692ead90 JavaThread "AWT-Windows" daemon [_thread_in_native, id=24220, stack(0x0000007dd3c00000,0x0000007dd3d00000)]

Other Threads:
  0x0000022846dd4ed0 VMThread "VM Thread" [stack: 0x0000007dd2d00000,0x0000007dd2e00000] [id=23800]
  0x00000228690af840 WatcherThread "VM Periodic Task Thread" [stack: 0x0000007dd3900000,0x0000007dd3a00000] [id=22120]
  0x0000022846db8ad0 WorkerThread "GC Thread#0" [stack: 0x0000007dd2800000,0x0000007dd2900000] [id=23588]
  0x0000022846dca520 ConcurrentGCThread "G1 Main Marker" [stack: 0x0000007dd2900000,0x0000007dd2a00000] [id=20836]
  0x0000022846dcaf10 WorkerThread "G1 Conc#0" [stack: 0x0000007dd2a00000,0x0000007dd2b00000] [id=21256]
  0x0000022846e27350 ConcurrentGCThread "G1 Refine#0" [stack: 0x0000007dd2b00000,0x0000007dd2c00000] [id=24352]
  0x0000022846e27c60 ConcurrentGCThread "G1 Service" [stack: 0x0000007dd2c00000,0x0000007dd2d00000] [id=24460]

Threads with active compile tasks:

VM state: not at safepoint (normal execution)

VM Mutex/Monitor currently owned by a thread: None

Heap address: 0x000000008a800000, size: 1880 MB, Compressed Oops mode: 32-bit

CDS archive(s) mapped at: [0x0000000800000000-0x0000000800ba0000-0x0000000800ba0000), size 12189696, SharedBaseAddress: 0x0000000800000000, ArchiveRelocationMode: 0.
Compressed class space mapped at: 0x0000000800c00000-0x0000000840c00000, reserved size: 1073741824
Narrow klass base: 0x0000000800000000, Narrow klass shift: 0, Narrow klass range: 0x100000000

GC Precious Log:
 CardTable entry size: 512
 Card Set container configuration: InlinePtr #cards 5 size 8 Array Of Cards #cards 12 size 40 Howl #buckets 4 coarsen threshold 1843 Howl Bitmap #cards 512 size 80 coarsen threshold 460 Card regions per heap region 1 cards per card region 2048
 CPUs: 12 total, 12 available
 Memory: 7514M
 Large Page Support: Disabled
 NUMA Support: Disabled
 Compressed Oops: Enabled (32-bit)
 Heap Region Size: 1M
 Heap Min Capacity: 8M
 Heap Initial Capacity: 118M
 Heap Max Capacity: 1880M
 Pre-touch: Disabled
 Parallel Workers: 10
 Concurrent Workers: 3
 Concurrent Refinement Workers: 10
 Periodic GC: Disabled

Heap:
 garbage-first heap   total 120832K, used 3072K [0x000000008a800000, 0x0000000100000000)
  region size 1024K, 4 young (4096K), 0 survivors (0K)
 Metaspace       used 2838K, committed 3008K, reserved 1114112K
  class space    used 277K, committed 384K, reserved 1048576K

Heap Regions: E=young(eden), S=young(survivor), O=old, HS=humongous(starts), HC=humongous(continues), CS=collection set, F=free, OA=open archive, CA=closed archive, TAMS=top-at-mark-start (previous, next)
|   0|0x000000008a800000, 0x000000008a800000, 0x000000008a900000|  0%| F|  |TAMS 0x000000008a800000, 0x000000008a800000| Untracked 
|   1|0x000000008a900000, 0x000000008a900000, 0x000000008aa00000|  0%| F|  |TAMS 0x000000008a900000, 0x000000008a900000| Untracked 
|   2|0x000000008aa00000, 0x000000008aa00000, 0x000000008ab00000|  0%| F|  |TAMS 0x000000008aa00000, 0x000000008aa00000| Untracked 
|   3|0x000000008ab00000, 0x000000008ab00000, 0x000000008ac00000|  0%| F|  |TAMS 0x000000008ab00000, 0x000000008ab00000| Untracked 
|   4|0x000000008ac00000, 0x000000008ac00000, 0x000000008ad00000|  0%| F|  |TAMS 0x000000008ac00000, 0x000000008ac00000| Untracked 
|   5|0x000000008ad00000, 0x000000008ad00000, 0x000000008ae00000|  0%| F|  |TAMS 0x000000008ad00000, 0x000000008ad00000| Untracked 
|   6|0x000000008ae00000, 0x000000008ae00000, 0x000000008af00000|  0%| F|  |TAMS 0x000000008ae00000, 0x000000008ae00000| Untracked 
|   7|0x000000008af00000, 0x000000008af00000, 0x000000008b000000|  0%| F|  |TAMS 0x000000008af00000, 0x000000008af00000| Untracked 
|   8|0x000000008b000000, 0x000000008b000000, 0x000000008b100000|  0%| F|  |TAMS 0x000000008b000000, 0x000000008b000000| Untracked 
|   9|0x000000008b100000, 0x000000008b100000, 0x000000008b200000|  0%| F|  |TAMS 0x000000008b100000, 0x000000008b100000| Untracked 
|  10|0x000000008b200000, 0x000000008b200000, 0x000000008b300000|  0%| F|  |TAMS 0x000000008b200000, 0x000000008b200000| Untracked 
|  11|0x000000008b300000, 0x000000008b300000, 0x000000008b400000|  0%| F|  |TAMS 0x000000008b300000, 0x000000008b300000| Untracked 
|  12|0x000000008b400000, 0x000000008b400000, 0x000000008b500000|  0%| F|  |TAMS 0x000000008b400000, 0x000000008b400000| Untracked 
|  13|0x000000008b500000, 0x000000008b500000, 0x000000008b600000|  0%| F|  |TAMS 0x000000008b500000, 0x000000008b500000| Untracked 
|  14|0x000000008b600000, 0x000000008b600000, 0x000000008b700000|  0%| F|  |TAMS 0x000000008b600000, 0x000000008b600000| Untracked 
|  15|0x000000008b700000, 0x000000008b700000, 0x000000008b800000|  0%| F|  |TAMS 0x000000008b700000, 0x000000008b700000| Untracked 
|  16|0x000000008b800000, 0x000000008b800000, 0x000000008b900000|  0%| F|  |TAMS 0x000000008b800000, 0x000000008b800000| Untracked 
|  17|0x000000008b900000, 0x000000008b900000, 0x000000008ba00000|  0%| F|  |TAMS 0x000000008b900000, 0x000000008b900000| Untracked 
|  18|0x000000008ba00000, 0x000000008ba00000, 0x000000008bb00000|  0%| F|  |TAMS 0x000000008ba00000, 0x000000008ba00000| Untracked 
|  19|0x000000008bb00000, 0x000000008bb00000, 0x000000008bc00000|  0%| F|  |TAMS 0x000000008bb00000, 0x000000008bb00000| Untracked 
|  20|0x000000008bc00000, 0x000000008bc00000, 0x000000008bd00000|  0%| F|  |TAMS 0x000000008bc00000, 0x000000008bc00000| Untracked 
|  21|0x000000008bd00000, 0x000000008bd00000, 0x000000008be00000|  0%| F|  |TAMS 0x000000008bd00000, 0x000000008bd00000| Untracked 
|  22|0x000000008be00000, 0x000000008be00000, 0x000000008bf00000|  0%| F|  |TAMS 0x000000008be00000, 0x000000008be00000| Untracked 
|  23|0x000000008bf00000, 0x000000008bf00000, 0x000000008c000000|  0%| F|  |TAMS 0x000000008bf00000, 0x000000008bf00000| Untracked 
|  24|0x000000008c000000, 0x000000008c000000, 0x000000008c100000|  0%| F|  |TAMS 0x000000008c000000, 0x000000008c000000| Untracked 
|  25|0x000000008c100000, 0x000000008c100000, 0x000000008c200000|  0%| F|  |TAMS 0x000000008c100000, 0x000000008c100000| Untracked 
|  26|0x000000008c200000, 0x000000008c200000, 0x000000008c300000|  0%| F|  |TAMS 0x000000008c200000, 0x000000008c200000| Untracked 
|  27|0x000000008c300000, 0x000000008c300000, 0x000000008c400000|  0%| F|  |TAMS 0x000000008c300000, 0x000000008c300000| Untracked 
|  28|0x000000008c400000, 0x000000008c400000, 0x000000008c500000|  0%| F|  |TAMS 0x000000008c400000, 0x000000008c400000| Untracked 
|  29|0x000000008c500000, 0x000000008c500000, 0x000000008c600000|  0%| F|  |TAMS 0x000000008c500000, 0x000000008c500000| Untracked 
|  30|0x000000008c600000, 0x000000008c600000, 0x000000008c700000|  0%| F|  |TAMS 0x000000008c600000, 0x000000008c600000| Untracked 
|  31|0x000000008c700000, 0x000000008c700000, 0x000000008c800000|  0%| F|  |TAMS 0x000000008c700000, 0x000000008c700000| Untracked 
|  32|0x000000008c800000, 0x000000008c800000, 0x000000008c900000|  0%| F|  |TAMS 0x000000008c800000, 0x000000008c800000| Untracked 
|  33|0x000000008c900000, 0x000000008c900000, 0x000000008ca00000|  0%| F|  |TAMS 0x000000008c900000, 0x000000008c900000| Untracked 
|  34|0x000000008ca00000, 0x000000008ca00000, 0x000000008cb00000|  0%| F|  |TAMS 0x000000008ca00000, 0x000000008ca00000| Untracked 
|  35|0x000000008cb00000, 0x000000008cb00000, 0x000000008cc00000|  0%| F|  |TAMS 0x000000008cb00000, 0x000000008cb00000| Untracked 
|  36|0x000000008cc00000, 0x000000008cc00000, 0x000000008cd00000|  0%| F|  |TAMS 0x000000008cc00000, 0x000000008cc00000| Untracked 
|  37|0x000000008cd00000, 0x000000008cd00000, 0x000000008ce00000|  0%| F|  |TAMS 0x000000008cd00000, 0x000000008cd00000| Untracked 
|  38|0x000000008ce00000, 0x000000008ce00000, 0x000000008cf00000|  0%| F|  |TAMS 0x000000008ce00000, 0x000000008ce00000| Untracked 
|  39|0x000000008cf00000, 0x000000008cf00000, 0x000000008d000000|  0%| F|  |TAMS 0x000000008cf00000, 0x000000008cf00000| Untracked 
|  40|0x000000008d000000, 0x000000008d000000, 0x000000008d100000|  0%| F|  |TAMS 0x000000008d000000, 0x000000008d000000| Untracked 
|  41|0x000000008d100000, 0x000000008d100000, 0x000000008d200000|  0%| F|  |TAMS 0x000000008d100000, 0x000000008d100000| Untracked 
|  42|0x000000008d200000, 0x000000008d200000, 0x000000008d300000|  0%| F|  |TAMS 0x000000008d200000, 0x000000008d200000| Untracked 
|  43|0x000000008d300000, 0x000000008d300000, 0x000000008d400000|  0%| F|  |TAMS 0x000000008d300000, 0x000000008d300000| Untracked 
|  44|0x000000008d400000, 0x000000008d400000, 0x000000008d500000|  0%| F|  |TAMS 0x000000008d400000, 0x000000008d400000| Untracked 
|  45|0x000000008d500000, 0x000000008d500000, 0x000000008d600000|  0%| F|  |TAMS 0x000000008d500000, 0x000000008d500000| Untracked 
|  46|0x000000008d600000, 0x000000008d600000, 0x000000008d700000|  0%| F|  |TAMS 0x000000008d600000, 0x000000008d600000| Untracked 
|  47|0x000000008d700000, 0x000000008d700000, 0x000000008d800000|  0%| F|  |TAMS 0x000000008d700000, 0x000000008d700000| Untracked 
|  48|0x000000008d800000, 0x000000008d800000, 0x000000008d900000|  0%| F|  |TAMS 0x000000008d800000, 0x000000008d800000| Untracked 
|  49|0x000000008d900000, 0x000000008d900000, 0x000000008da00000|  0%| F|  |TAMS 0x000000008d900000, 0x000000008d900000| Untracked 
|  50|0x000000008da00000, 0x000000008da00000, 0x000000008db00000|  0%| F|  |TAMS 0x000000008da00000, 0x000000008da00000| Untracked 
|  51|0x000000008db00000, 0x000000008db00000, 0x000000008dc00000|  0%| F|  |TAMS 0x000000008db00000, 0x000000008db00000| Untracked 
|  52|0x000000008dc00000, 0x000000008dc00000, 0x000000008dd00000|  0%| F|  |TAMS 0x000000008dc00000, 0x000000008dc00000| Untracked 
|  53|0x000000008dd00000, 0x000000008dd00000, 0x000000008de00000|  0%| F|  |TAMS 0x000000008dd00000, 0x000000008dd00000| Untracked 
|  54|0x000000008de00000, 0x000000008de00000, 0x000000008df00000|  0%| F|  |TAMS 0x000000008de00000, 0x000000008de00000| Untracked 
|  55|0x000000008df00000, 0x000000008df00000, 0x000000008e000000|  0%| F|  |TAMS 0x000000008df00000, 0x000000008df00000| Untracked 
|  56|0x000000008e000000, 0x000000008e000000, 0x000000008e100000|  0%| F|  |TAMS 0x000000008e000000, 0x000000008e000000| Untracked 
|  57|0x000000008e100000, 0x000000008e100000, 0x000000008e200000|  0%| F|  |TAMS 0x000000008e100000, 0x000000008e100000| Untracked 
|  58|0x000000008e200000, 0x000000008e200000, 0x000000008e300000|  0%| F|  |TAMS 0x000000008e200000, 0x000000008e200000| Untracked 
|  59|0x000000008e300000, 0x000000008e300000, 0x000000008e400000|  0%| F|  |TAMS 0x000000008e300000, 0x000000008e300000| Untracked 
|  60|0x000000008e400000, 0x000000008e400000, 0x000000008e500000|  0%| F|  |TAMS 0x000000008e400000, 0x000000008e400000| Untracked 
|  61|0x000000008e500000, 0x000000008e500000, 0x000000008e600000|  0%| F|  |TAMS 0x000000008e500000, 0x000000008e500000| Untracked 
|  62|0x000000008e600000, 0x000000008e600000, 0x000000008e700000|  0%| F|  |TAMS 0x000000008e600000, 0x000000008e600000| Untracked 
|  63|0x000000008e700000, 0x000000008e700000, 0x000000008e800000|  0%| F|  |TAMS 0x000000008e700000, 0x000000008e700000| Untracked 
|  64|0x000000008e800000, 0x000000008e800000, 0x000000008e900000|  0%| F|  |TAMS 0x000000008e800000, 0x000000008e800000| Untracked 
|  65|0x000000008e900000, 0x000000008e900000, 0x000000008ea00000|  0%| F|  |TAMS 0x000000008e900000, 0x000000008e900000| Untracked 
|  66|0x000000008ea00000, 0x000000008ea00000, 0x000000008eb00000|  0%| F|  |TAMS 0x000000008ea00000, 0x000000008ea00000| Untracked 
|  67|0x000000008eb00000, 0x000000008eb00000, 0x000000008ec00000|  0%| F|  |TAMS 0x000000008eb00000, 0x000000008eb00000| Untracked 
|  68|0x000000008ec00000, 0x000000008ec00000, 0x000000008ed00000|  0%| F|  |TAMS 0x000000008ec00000, 0x000000008ec00000| Untracked 
|  69|0x000000008ed00000, 0x000000008ed00000, 0x000000008ee00000|  0%| F|  |TAMS 0x000000008ed00000, 0x000000008ed00000| Untracked 
|  70|0x000000008ee00000, 0x000000008ee00000, 0x000000008ef00000|  0%| F|  |TAMS 0x000000008ee00000, 0x000000008ee00000| Untracked 
|  71|0x000000008ef00000, 0x000000008ef00000, 0x000000008f000000|  0%| F|  |TAMS 0x000000008ef00000, 0x000000008ef00000| Untracked 
|  72|0x000000008f000000, 0x000000008f000000, 0x000000008f100000|  0%| F|  |TAMS 0x000000008f000000, 0x000000008f000000| Untracked 
|  73|0x000000008f100000, 0x000000008f100000, 0x000000008f200000|  0%| F|  |TAMS 0x000000008f100000, 0x000000008f100000| Untracked 
|  74|0x000000008f200000, 0x000000008f200000, 0x000000008f300000|  0%| F|  |TAMS 0x000000008f200000, 0x000000008f200000| Untracked 
|  75|0x000000008f300000, 0x000000008f300000, 0x000000008f400000|  0%| F|  |TAMS 0x000000008f300000, 0x000000008f300000| Untracked 
|  76|0x000000008f400000, 0x000000008f400000, 0x000000008f500000|  0%| F|  |TAMS 0x000000008f400000, 0x000000008f400000| Untracked 
|  77|0x000000008f500000, 0x000000008f500000, 0x000000008f600000|  0%| F|  |TAMS 0x000000008f500000, 0x000000008f500000| Untracked 
|  78|0x000000008f600000, 0x000000008f600000, 0x000000008f700000|  0%| F|  |TAMS 0x000000008f600000, 0x000000008f600000| Untracked 
|  79|0x000000008f700000, 0x000000008f700000, 0x000000008f800000|  0%| F|  |TAMS 0x000000008f700000, 0x000000008f700000| Untracked 
|  80|0x000000008f800000, 0x000000008f800000, 0x000000008f900000|  0%| F|  |TAMS 0x000000008f800000, 0x000000008f800000| Untracked 
|  81|0x000000008f900000, 0x000000008f900000, 0x000000008fa00000|  0%| F|  |TAMS 0x000000008f900000, 0x000000008f900000| Untracked 
|  82|0x000000008fa00000, 0x000000008fa00000, 0x000000008fb00000|  0%| F|  |TAMS 0x000000008fa00000, 0x000000008fa00000| Untracked 
|  83|0x000000008fb00000, 0x000000008fb00000, 0x000000008fc00000|  0%| F|  |TAMS 0x000000008fb00000, 0x000000008fb00000| Untracked 
|  84|0x000000008fc00000, 0x000000008fc00000, 0x000000008fd00000|  0%| F|  |TAMS 0x000000008fc00000, 0x000000008fc00000| Untracked 
|  85|0x000000008fd00000, 0x000000008fd00000, 0x000000008fe00000|  0%| F|  |TAMS 0x000000008fd00000, 0x000000008fd00000| Untracked 
|  86|0x000000008fe00000, 0x000000008fe00000, 0x000000008ff00000|  0%| F|  |TAMS 0x000000008fe00000, 0x000000008fe00000| Untracked 
|  87|0x000000008ff00000, 0x000000008ff00000, 0x0000000090000000|  0%| F|  |TAMS 0x000000008ff00000, 0x000000008ff00000| Untracked 
|  88|0x0000000090000000, 0x0000000090000000, 0x0000000090100000|  0%| F|  |TAMS 0x0000000090000000, 0x0000000090000000| Untracked 
|  89|0x0000000090100000, 0x0000000090100000, 0x0000000090200000|  0%| F|  |TAMS 0x0000000090100000, 0x0000000090100000| Untracked 
|  90|0x0000000090200000, 0x0000000090200000, 0x0000000090300000|  0%| F|  |TAMS 0x0000000090200000, 0x0000000090200000| Untracked 
|  91|0x0000000090300000, 0x0000000090300000, 0x0000000090400000|  0%| F|  |TAMS 0x0000000090300000, 0x0000000090300000| Untracked 
|  92|0x0000000090400000, 0x0000000090400000, 0x0000000090500000|  0%| F|  |TAMS 0x0000000090400000, 0x0000000090400000| Untracked 
|  93|0x0000000090500000, 0x0000000090500000, 0x0000000090600000|  0%| F|  |TAMS 0x0000000090500000, 0x0000000090500000| Untracked 
|  94|0x0000000090600000, 0x0000000090600000, 0x0000000090700000|  0%| F|  |TAMS 0x0000000090600000, 0x0000000090600000| Untracked 
|  95|0x0000000090700000, 0x0000000090700000, 0x0000000090800000|  0%| F|  |TAMS 0x0000000090700000, 0x0000000090700000| Untracked 
|  96|0x0000000090800000, 0x0000000090800000, 0x0000000090900000|  0%| F|  |TAMS 0x0000000090800000, 0x0000000090800000| Untracked 
|  97|0x0000000090900000, 0x0000000090900000, 0x0000000090a00000|  0%| F|  |TAMS 0x0000000090900000, 0x0000000090900000| Untracked 
|  98|0x0000000090a00000, 0x0000000090a00000, 0x0000000090b00000|  0%| F|  |TAMS 0x0000000090a00000, 0x0000000090a00000| Untracked 
|  99|0x0000000090b00000, 0x0000000090b00000, 0x0000000090c00000|  0%| F|  |TAMS 0x0000000090b00000, 0x0000000090b00000| Untracked 
| 100|0x0000000090c00000, 0x0000000090c00000, 0x0000000090d00000|  0%| F|  |TAMS 0x0000000090c00000, 0x0000000090c00000| Untracked 
| 101|0x0000000090d00000, 0x0000000090d00000, 0x0000000090e00000|  0%| F|  |TAMS 0x0000000090d00000, 0x0000000090d00000| Untracked 
| 102|0x0000000090e00000, 0x0000000090e00000, 0x0000000090f00000|  0%| F|  |TAMS 0x0000000090e00000, 0x0000000090e00000| Untracked 
| 103|0x0000000090f00000, 0x0000000090f00000, 0x0000000091000000|  0%| F|  |TAMS 0x0000000090f00000, 0x0000000090f00000| Untracked 
| 104|0x0000000091000000, 0x0000000091000000, 0x0000000091100000|  0%| F|  |TAMS 0x0000000091000000, 0x0000000091000000| Untracked 
| 105|0x0000000091100000, 0x0000000091100000, 0x0000000091200000|  0%| F|  |TAMS 0x0000000091100000, 0x0000000091100000| Untracked 
| 106|0x0000000091200000, 0x0000000091200000, 0x0000000091300000|  0%| F|  |TAMS 0x0000000091200000, 0x0000000091200000| Untracked 
| 107|0x0000000091300000, 0x0000000091300000, 0x0000000091400000|  0%| F|  |TAMS 0x0000000091300000, 0x0000000091300000| Untracked 
| 108|0x0000000091400000, 0x0000000091400000, 0x0000000091500000|  0%| F|  |TAMS 0x0000000091400000, 0x0000000091400000| Untracked 
| 109|0x0000000091500000, 0x0000000091500000, 0x0000000091600000|  0%| F|  |TAMS 0x0000000091500000, 0x0000000091500000| Untracked 
| 110|0x0000000091600000, 0x0000000091600000, 0x0000000091700000|  0%| F|  |TAMS 0x0000000091600000, 0x0000000091600000| Untracked 
| 111|0x0000000091700000, 0x0000000091700000, 0x0000000091800000|  0%| F|  |TAMS 0x0000000091700000, 0x0000000091700000| Untracked 
| 112|0x0000000091800000, 0x0000000091800000, 0x0000000091900000|  0%| F|  |TAMS 0x0000000091800000, 0x0000000091800000| Untracked 
| 113|0x0000000091900000, 0x0000000091900000, 0x0000000091a00000|  0%| F|  |TAMS 0x0000000091900000, 0x0000000091900000| Untracked 
| 114|0x0000000091a00000, 0x0000000091a76838, 0x0000000091b00000| 46%| E|  |TAMS 0x0000000091a00000, 0x0000000091a00000| Complete 
| 115|0x0000000091b00000, 0x0000000091c00000, 0x0000000091c00000|100%| E|CS|TAMS 0x0000000091b00000, 0x0000000091b00000| Complete 
| 116|0x0000000091c00000, 0x0000000091d00000, 0x0000000091d00000|100%| E|CS|TAMS 0x0000000091c00000, 0x0000000091c00000| Complete 
| 117|0x0000000091d00000, 0x0000000091e00000, 0x0000000091e00000|100%| E|CS|TAMS 0x0000000091d00000, 0x0000000091d00000| Complete 

Card table byte_map: [0x000002285df90000,0x000002285e340000] _byte_map_base: 0x000002285db3c000

Marking Bits (Prev, Next): (CMBitMap*) 0x0000022846dba0e0, (CMBitMap*) 0x0000022846dba120
 Prev Bits: [0x000002285e6f0000, 0x0000022860450000)
 Next Bits: [0x0000022860450000, 0x00000228621b0000)

Polling page: 0x0000022844cb0000

Metaspace:

Usage:
  Non-class:      2.50 MB used.
      Class:    277.35 KB used.
       Both:      2.77 MB used.

Virtual space:
  Non-class space:       64.00 MB reserved,       2.56 MB (  4%) committed,  1 nodes.
      Class space:        1.00 GB reserved,     384.00 KB ( <1%) committed,  1 nodes.
             Both:        1.06 GB reserved,       2.94 MB ( <1%) committed. 

Chunk freelists:
   Non-Class:  3.94 MB
       Class:  3.59 MB
        Both:  7.53 MB

MaxMetaspaceSize: unlimited
CompressedClassSpaceSize: 1.00 GB
Initial GC threshold: 21.00 MB
Current GC threshold: 21.00 MB
CDS: on
MetaspaceReclaimPolicy: balanced
 - commit_granule_bytes: 65536.
 - commit_granule_words: 8192.
 - virtual_space_node_default_size: 8388608.
 - enlarge_chunks_in_place: 1.
 - new_chunks_are_fully_committed: 0.
 - uncommit_free_chunks: 1.
 - use_allocation_guard: 0.


Internal statistics:

num_allocs_failed_limit: 0.
num_arena_births: 60.
num_arena_deaths: 0.
num_vsnodes_births: 2.
num_vsnodes_deaths: 0.
num_space_committed: 47.
num_space_uncommitted: 0.
num_chunks_returned_to_freelist: 0.
num_chunks_taken_from_freelist: 70.
num_chunk_merges: 0.
num_chunk_splits: 44.
num_chunks_enlarged: 21.
num_inconsistent_stats: 0.

CodeHeap 'non-profiled nmethods': size=120000Kb used=123Kb max_used=123Kb free=119876Kb
 bounds [0x0000022856160000, 0x00000228563d0000, 0x000002285d690000]
CodeHeap 'profiled nmethods': size=120000Kb used=510Kb max_used=510Kb free=119490Kb
 bounds [0x000002284ec30000, 0x000002284eea0000, 0x0000022856160000]
CodeHeap 'non-nmethods': size=5760Kb used=1177Kb max_used=1177Kb free=4582Kb
 bounds [0x000002284e690000, 0x000002284e900000, 0x000002284ec30000]
 total_blobs=853 nmethods=390 adapters=376
 compilation: enabled
              stopped_count=0, restarted_count=0
 full_count=0

Compilation events (20 events):
Event: 0.422 Thread 0x0000022864db5930  379       3       java.lang.invoke.LambdaForm::uncustomize (57 bytes)
Event: 0.422 Thread 0x0000022864db5930 nmethod 379 0x000002284ecaa310 code [0x000002284ecaa4c0, 0x000002284ecaa7e8]
Event: 0.438 Thread 0x0000022864db5930  381       1       java.lang.invoke.MethodHandles$Lookup::previousLookupClass (5 bytes)
Event: 0.438 Thread 0x0000022864db5930 nmethod 381 0x000002285617e910 code [0x000002285617eaa0, 0x000002285617eb78]
Event: 0.438 Thread 0x0000022864db5930  382       3       java.lang.invoke.LambdaForm$BasicType::basicType (187 bytes)
Event: 0.439 Thread 0x0000022864db5930 nmethod 382 0x000002284ecaa910 code [0x000002284ecaaba0, 0x000002284ecab6e8]
Event: 0.439 Thread 0x0000022864db5930  383       3       sun.invoke.util.VerifyAccess::isClassAccessible (230 bytes)
Event: 0.441 Thread 0x0000022864db5930 nmethod 383 0x000002284ecab990 code [0x000002284ecabc80, 0x000002284ecacb18]
Event: 0.441 Thread 0x0000022864db5930  384       3       java.lang.StringUTF16::compress (50 bytes)
Event: 0.441 Thread 0x0000022864db5930 nmethod 384 0x000002284ecacf10 code [0x000002284ecad0c0, 0x000002284ecad318]
Event: 0.441 Thread 0x0000022864db5930  386       3       java.util.concurrent.ConcurrentHashMap$Traverser::advance (188 bytes)
Event: 0.442 Thread 0x0000022864db5930 nmethod 386 0x000002284ecad490 code [0x000002284ecad6e0, 0x000002284ecae2c8]
Event: 0.503 Thread 0x0000022864db5930  387       3       java.lang.invoke.MemberName::isMethod (8 bytes)
Event: 0.503 Thread 0x0000022864db5930 nmethod 387 0x000002284ecae590 code [0x000002284ecae740, 0x000002284ecae978]
Event: 0.503 Thread 0x0000022864db5930  388       3       java.util.HashSet::contains (9 bytes)
Event: 0.504 Thread 0x0000022864db5930 nmethod 388 0x000002284ecaea90 code [0x000002284ecaec40, 0x000002284ecaeec8]
Event: 0.504 Thread 0x0000022864db5930  389       3       java.util.concurrent.ConcurrentHashMap$BaseIterator::hasNext (13 bytes)
Event: 0.504 Thread 0x0000022864db5930 nmethod 389 0x000002284ecaef90 code [0x000002284ecaf120, 0x000002284ecaf298]
Event: 0.504 Thread 0x0000022864db5930  390       3       java.util.concurrent.ConcurrentHashMap$ValueIterator::next (34 bytes)
Event: 0.504 Thread 0x0000022864db5930 nmethod 390 0x000002284ecaf310 code [0x000002284ecaf4c0, 0x000002284ecaf718]

GC Heap History (0 events):
No events

Deoptimization events (0 events):
No events

Classes loaded (20 events):
Event: 0.504 Loading class java/awt/GraphicsConfiguration
Event: 0.505 Loading class java/awt/GraphicsConfiguration done
Event: 0.505 Loading class sun/awt/Win32GraphicsConfig done
Event: 0.505 Loading class java/awt/BorderLayout
Event: 0.506 Loading class java/awt/LayoutManager2
Event: 0.506 Loading class java/awt/LayoutManager2 done
Event: 0.506 Loading class java/awt/BorderLayout done
Event: 0.506 Loading class java/awt/Rectangle
Event: 0.506 Loading class java/awt/Shape
Event: 0.506 Loading class java/awt/Shape done
Event: 0.506 Loading class java/awt/geom/Rectangle2D
Event: 0.506 Loading class java/awt/geom/RectangularShape
Event: 0.507 Loading class java/awt/geom/RectangularShape done
Event: 0.507 Loading class java/awt/geom/Rectangle2D done
Event: 0.507 Loading class java/awt/Rectangle done
Event: 0.507 Loading class java/awt/Dialog$ModalExclusionType
Event: 0.507 Loading class java/awt/Dialog$ModalExclusionType done
Event: 0.507 Loading class java/awt/Window$WindowDisposerRecord
Event: 0.507 Loading class java/awt/Window$WindowDisposerRecord done
Event: 0.507 Loading class java/awt/KeyboardFocusManager

Classes unloaded (0 events):
No events

Classes redefined (0 events):
No events

Internal exceptions (8 events):
Event: 0.257 Thread 0x0000022846d5e220 Exception <a 'sun/nio/fs/WindowsException'{0x0000000091c359c0}> (0x0000000091c359c0) 
thrown [t:\workspace\open\src\hotspot\share\prims\jni.cpp, line 516]
Event: 0.257 Thread 0x0000022846d5e220 Exception <a 'sun/nio/fs/WindowsException'{0x0000000091c35f70}> (0x0000000091c35f70) 
thrown [t:\workspace\open\src\hotspot\share\prims\jni.cpp, line 516]
Event: 0.259 Thread 0x0000022846d5e220 Exception <a 'sun/nio/fs/WindowsException'{0x0000000091c384d8}> (0x0000000091c384d8) 
thrown [t:\workspace\open\src\hotspot\share\prims\jni.cpp, line 516]
Event: 0.260 Thread 0x0000022846d5e220 Exception <a 'sun/nio/fs/WindowsException'{0x0000000091c39048}> (0x0000000091c39048) 
thrown [t:\workspace\open\src\hotspot\share\prims\jni.cpp, line 516]
Event: 0.314 Thread 0x0000022846d5e220 Exception <a 'java/lang/ClassNotFoundException'{0x0000000091cf88e8}: sun/awt/resources/spi/awtProvider> (0x0000000091cf88e8) 
thrown [t:\workspace\open\src\hotspot\share\classfile\systemDictionary.cpp, line 255]
Event: 0.347 Thread 0x0000022846d5e220 Exception <a 'java/io/FileNotFoundException'{0x0000000091b4c6b0}> (0x0000000091b4c6b0) 
thrown [t:\workspace\open\src\hotspot\share\prims\jni.cpp, line 516]
Event: 0.358 Thread 0x0000022846d5e220 Exception <a 'java/io/FileNotFoundException'{0x0000000091b79b58}> (0x0000000091b79b58) 
thrown [t:\workspace\open\src\hotspot\share\prims\jni.cpp, line 516]
Event: 0.416 Thread 0x0000022846d5e220 Exception <a 'java/lang/NoSuchMethodError'{0x0000000091bbdfc8}: 'java.lang.Object java.lang.invoke.DirectMethodHandle$Holder.invokeStaticInit(java.lang.Object)'> (0x0000000091bbdfc8) 
thrown [t:\workspace\open\src\hotspot\share\interpreter\linkResolver.cpp, line 766]

VM Operations (2 events):
Event: 0.261 Executing VM operation: HandshakeAllThreads
Event: 0.261 Executing VM operation: HandshakeAllThreads done

Events (20 events):
Event: 0.175 Thread 0x0000022846d5e220 Thread added: 0x0000022846d5e220
Event: 0.178 Thread 0x0000022864d8cf30 Thread added: 0x0000022864d8cf30
Event: 0.179 Thread 0x0000022864d8db90 Thread added: 0x0000022864d8db90
Event: 0.194 Thread 0x0000022864da66a0 Thread added: 0x0000022864da66a0
Event: 0.194 Thread 0x0000022864da7f60 Thread added: 0x0000022864da7f60
Event: 0.194 Thread 0x0000022864da8900 Thread added: 0x0000022864da8900
Event: 0.194 Thread 0x0000022864da92a0 Thread added: 0x0000022864da92a0
Event: 0.195 Thread 0x0000022864da9f70 Thread added: 0x0000022864da9f70
Event: 0.195 Thread 0x0000022864db5930 Thread added: 0x0000022864db5930
Event: 0.195 Thread 0x0000022864dc05b0 Thread added: 0x0000022864dc05b0
Event: 0.234 Thread 0x0000022864d7b560 Thread added: 0x0000022864d7b560
Event: 0.252 Loaded shared library C:\Program Files\Java\jdk-18\bin\net.dll
Event: 0.255 Loaded shared library C:\Program Files\Java\jdk-18\bin\nio.dll
Event: 0.278 Thread 0x000002286909a230 Thread added: 0x000002286909a230
Event: 0.287 Loaded shared library C:\Program Files\Java\jdk-18\bin\zip.dll
Event: 0.306 Loaded shared library C:\Program Files\Java\jdk-18\bin\jimage.dll
Event: 0.328 Loaded shared library C:\Program Files\Java\jdk-18\bin\awt.dll
Event: 0.417 Thread 0x00000228692bb430 Thread added: 0x00000228692bb430
Event: 0.418 Thread 0x00000228692e7a00 Thread added: 0x00000228692e7a00
Event: 0.420 Thread 0x00000228692ead90 Thread added: 0x00000228692ead90


Dynamic libraries:
0x00007ff6ed480000 - 0x00007ff6ed490000 	C:\Program Files\Java\jdk-18\bin\java.exe
0x00007ffead7b0000 - 0x00007ffead9a5000 	C:\Windows\SYSTEM32\ntdll.dll
0x00007ffeac000000 - 0x00007ffeac0be000 	C:\Windows\System32\KERNEL32.DLL
0x00007ffeab1c0000 - 0x00007ffeab488000 	C:\Windows\System32\KERNELBASE.dll
0x00007ffeab5d0000 - 0x00007ffeab6d0000 	C:\Windows\System32\ucrtbase.dll
0x00007ffe99030000 - 0x00007ffe9904a000 	C:\Program Files\Java\jdk-18\bin\VCRUNTIME140.dll
0x00007ffea34e0000 - 0x00007ffea34f8000 	C:\Program Files\Java\jdk-18\bin\jli.dll
0x00007ffeac4b0000 - 0x00007ffeac55e000 	C:\Windows\System32\ADVAPI32.dll
0x00007ffead1a0000 - 0x00007ffead23e000 	C:\Windows\System32\msvcrt.dll
0x00007ffeac410000 - 0x00007ffeac4ac000 	C:\Windows\System32\sechost.dll
0x00007ffeac120000 - 0x00007ffeac245000 	C:\Windows\System32\RPCRT4.dll
0x00007ffeabbe0000 - 0x00007ffeabd80000 	C:\Windows\System32\USER32.dll
0x00007ffeab490000 - 0x00007ffeab4b2000 	C:\Windows\System32\win32u.dll
0x00007ffe965e0000 - 0x00007ffe9687a000 	C:\Windows\WinSxS\amd64_microsoft.windows.common-controls_6595b64144ccf1df_6.0.19041.1110_none_60b5254171f9507e\COMCTL32.dll
0x00007ffead6c0000 - 0x00007ffead6ea000 	C:\Windows\System32\GDI32.dll
0x00007ffeab4c0000 - 0x00007ffeab5cb000 	C:\Windows\System32\gdi32full.dll
0x00007ffeab120000 - 0x00007ffeab1bd000 	C:\Windows\System32\msvcp_win.dll
0x00007ffea2d70000 - 0x00007ffea2d7a000 	C:\Windows\SYSTEM32\VERSION.dll
0x00007ffeac310000 - 0x00007ffeac340000 	C:\Windows\System32\IMM32.DLL
0x00007ffe99c70000 - 0x00007ffe99c7c000 	C:\Program Files\Java\jdk-18\bin\vcruntime140_1.dll
0x00007ffe83990000 - 0x00007ffe83a1d000 	C:\Program Files\Java\jdk-18\bin\msvcp140.dll
0x00007ffe3c5c0000 - 0x00007ffe3d1d1000 	C:\Program Files\Java\jdk-18\bin\server\jvm.dll
0x00007ffeac250000 - 0x00007ffeac258000 	C:\Windows\System32\PSAPI.DLL
0x00007ffe933e0000 - 0x00007ffe933e9000 	C:\Windows\SYSTEM32\WSOCK32.dll
0x00007ffeac3a0000 - 0x00007ffeac40b000 	C:\Windows\System32\WS2_32.dll
0x00007ffea0000000 - 0x00007ffea0027000 	C:\Windows\SYSTEM32\WINMM.dll
0x00007ffea9780000 - 0x00007ffea9792000 	C:\Windows\SYSTEM32\kernel.appcore.dll
0x00007ffe99020000 - 0x00007ffe9902a000 	C:\Program Files\Java\jdk-18\bin\jimage.dll
0x00007ffea8dd0000 - 0x00007ffea8fb4000 	C:\Windows\SYSTEM32\DBGHELP.DLL
0x00007ffe95af0000 - 0x00007ffe95b1c000 	C:\Windows\SYSTEM32\dbgcore.DLL
0x00007ffeab780000 - 0x00007ffeab802000 	C:\Windows\System32\bcryptPrimitives.dll
0x00007ffe90720000 - 0x00007ffe90745000 	C:\Program Files\Java\jdk-18\bin\java.dll
0x00007ffe7ee90000 - 0x00007ffe7ef66000 	C:\Program Files\Java\jdk-18\bin\jsvml.dll
0x00007ffeac710000 - 0x00007ffeace54000 	C:\Windows\System32\SHELL32.dll
0x00007ffea8fc0000 - 0x00007ffea9754000 	C:\Windows\SYSTEM32\windows.storage.dll
0x00007ffeab810000 - 0x00007ffeabb64000 	C:\Windows\System32\combase.dll
0x00007ffeaa8d0000 - 0x00007ffeaa8fc000 	C:\Windows\SYSTEM32\Wldp.dll
0x00007ffeac260000 - 0x00007ffeac30d000 	C:\Windows\System32\SHCORE.dll
0x00007ffeac340000 - 0x00007ffeac395000 	C:\Windows\System32\shlwapi.dll
0x00007ffeaae10000 - 0x00007ffeaae2f000 	C:\Windows\SYSTEM32\profapi.dll
0x00007ffe8b930000 - 0x00007ffe8b943000 	C:\Program Files\Java\jdk-18\bin\net.dll
0x00007ffea3a60000 - 0x00007ffea3b6a000 	C:\Windows\SYSTEM32\WINHTTP.dll
0x00007ffeaa5d0000 - 0x00007ffeaa63a000 	C:\Windows\system32\mswsock.dll
0x00007ffe8b910000 - 0x00007ffe8b926000 	C:\Program Files\Java\jdk-18\bin\nio.dll
0x00007ffe8a700000 - 0x00007ffe8a718000 	C:\Program Files\Java\jdk-18\bin\zip.dll
0x00007ffe5b6e0000 - 0x00007ffe5b86f000 	C:\Program Files\Java\jdk-18\bin\awt.dll
0x00007ffeabe80000 - 0x00007ffeabf4d000 	C:\Windows\System32\OLEAUT32.dll
0x00007ffea8250000 - 0x00007ffea82e0000 	C:\Windows\SYSTEM32\apphelp.dll
0x00007ffea8840000 - 0x00007ffea886f000 	C:\Windows\system32\DWMAPI.DLL
0x00007ffea8650000 - 0x00007ffea86ee000 	C:\Windows\system32\uxtheme.dll
0x00007ffe76040000 - 0x00007ffe76166000 	C:\Windows\system32\opengl32.dll
0x00007ffe85d10000 - 0x00007ffe85d3c000 	C:\Windows\SYSTEM32\GLU32.dll
0x00007ffead080000 - 0x00007ffead195000 	C:\Windows\System32\MSCTF.dll
0x00007ffeacec0000 - 0x00007ffeacfea000 	C:\Windows\System32\ole32.dll
0x00007ffea4bd0000 - 0x00007ffea4d9f000 	C:\Windows\system32\d3d9.dll
0x00007ffea0030000 - 0x00007ffea020b000 	C:\Windows\System32\DriverStore\FileRepository\u0371182.inf_amd64_e046f8d87ec91fad\B371034\aticfx64.dll
0x00007ffe907e0000 - 0x00007ffe90813000 	C:\Windows\System32\DriverStore\FileRepository\u0371182.inf_amd64_e046f8d87ec91fad\B371034\atiu9p64.dll
0x00007ffe55e20000 - 0x00007ffe56b2c000 	C:\Windows\System32\DriverStore\FileRepository\u0371182.inf_amd64_e046f8d87ec91fad\B371034\atiumd64.dll
0x00007ffe9fce0000 - 0x00007ffe9fd0f000 	C:\Windows\SYSTEM32\amdihk64.dll

dbghelp: loaded successfully - version: 4.0.5 - missing functions: none
symbol engine: initialized successfully - sym options: 0x614 - pdb path: .;C:\Program Files\Java\jdk-18\bin;C:\Windows\SYSTEM32;C:\Windows\WinSxS\amd64_microsoft.windows.common-controls_6595b64144ccf1df_6.0.19041.1110_none_60b5254171f9507e;C:\Program Files\Java\jdk-18\bin\server;C:\Windows\System32\DriverStore\FileRepository\u0371182.inf_amd64_e046f8d87ec91fad\B371034

VM Arguments:
jvm_args: -Dfile.encoding=UTF-8 --module-path=C:\Users\ashwani yadav\Documents\NetBeansProjects\Hotel Management System\build\classes 
java_command: hotel.management.system.AddCustomer
java_class_path (initial): C:\Users\ashwani yadav\Downloads\mysql-connector-java-8.0.28.jar;C:\Users\ashwani yadav\Documents\NetBeansProjects\Hotel Management System\build\classes
Launcher Type: SUN_STANDARD

[Global flags]
     intx CICompilerCount                          = 4                                         {product} {ergonomic}
     uint ConcGCThreads                            = 3                                         {product} {ergonomic}
     uint G1ConcRefinementThreads                  = 10                                        {product} {ergonomic}
   size_t G1HeapRegionSize                         = 1048576                                   {product} {ergonomic}
    uintx GCDrainStackTargetSize                   = 64                                        {product} {ergonomic}
   size_t InitialHeapSize                          = 123731968                                 {product} {ergonomic}
   size_t MarkStackSize                            = 4194304                                   {product} {ergonomic}
   size_t MaxHeapSize                              = 1971322880                                {product} {ergonomic}
   size_t MaxNewSize                               = 1182793728                                {product} {ergonomic}
   size_t MinHeapDeltaBytes                        = 1048576                                   {product} {ergonomic}
   size_t MinHeapSize                              = 8388608                                   {product} {ergonomic}
    uintx NonNMethodCodeHeapSize                   = 5839372                                {pd product} {ergonomic}
    uintx NonProfiledCodeHeapSize                  = 122909434                              {pd product} {ergonomic}
    uintx ProfiledCodeHeapSize                     = 122909434                              {pd product} {ergonomic}
    uintx ReservedCodeCacheSize                    = 251658240                              {pd product} {ergonomic}
     bool SegmentedCodeCache                       = true                                      {product} {ergonomic}
   size_t SoftMaxHeapSize                          = 1971322880                             {manageable} {ergonomic}
     bool UseCompressedClassPointers               = true                           {product lp64_product} {ergonomic}
     bool UseCompressedOops                        = true                           {product lp64_product} {ergonomic}
     bool UseG1GC                                  = true                                      {product} {ergonomic}
     bool UseLargePagesIndividualAllocation        = false                                  {pd product} {ergonomic}

Logging:
Log output configuration:
 #0: stdout all=warning uptime,level,tags foldmultilines=false
 #1: stderr all=off uptime,level,tags foldmultilines=false

Environment Variables:
JAVA_HOME=C:\Program Files\Java\jdk-18
PATH=C:\Program Files\Java\jdk-18\bin;C:\Program Files\Java\jdk-18\bin;C:\Python310\Scripts\;C:\Python310\;C:\Windows\system32;C:\Windows;C:\Windows\System32\Wbem;C:\Program Files\apache-maven-3.8.5-bin\apache-maven-3.8.5\bin;C:\Windows\System32\WindowsPowerShell\v1.0\;C:\Windows\System32\OpenSSH\;C:\Program Files\NVIDIA Corporation\NVIDIA NvDLISR;C:\Program Files\nodejs\;C:\ProgramData\chocolatey\bin;C:\Program Files\apache-maven-3.8.5-bin\apache-maven-3.8.5\bin;C:\Program Files\MySQL\MySQL Shell 8.0\bin\;C:\Users\ashwani yadav\AppData\Local\Microsoft\WindowsApps;C:\Users\ashwani yadav\AppData\Local\Programs\Microsoft VS Code\bin;C:\Users\ashwani yadav\AppData\Roaming\npm;C:\Program Files\MongoDB\Server\5.0\bin;C:\Program Files\PostgreSQL\14\bin;C:\Program Files\PostgreSQL\14\lib;
USERNAME=ashwani yadav
OS=Windows_NT
PROCESSOR_IDENTIFIER=AMD64 Family 23 Model 104 Stepping 1, AuthenticAMD



---------------  S Y S T E M  ---------------

OS:
 Windows 10 , 64 bit Build 19041 (10.0.19041.1645)
OS uptime: 0 days 10:59 hours

CPU: total 12 (initial active 12) (12 cores per cpu, 2 threads per core) family 23 model 104 stepping 1 microcode 0x0, cx8, cmov, fxsr, ht, mmx, 3dnowpref, sse, sse2, sse3, ssse3, sse4a, sse4.1, sse4.2, popcnt, lzcnt, tsc, tscinvbit, avx, avx2, aes, clmul, bmi1, bmi2, adx, sha, fma, vzeroupper, clflush, clflushopt

Memory: 4k page, system-wide physical 7514M (1259M free)
TotalPageFile size 31066M (AvailPageFile size 0M)
current process WorkingSet (physical memory assigned to process): 43M, peak: 43M
current process commit charge ("private bytes"): 209M, peak: 218M

vm_info: Java HotSpot(TM) 64-Bit Server VM (18+36-2087) for windows-amd64 JRE (18+36-2087), built on Feb 15 2022 09:43:11 by "mach5one" with MS VC++ 16.8 / 16.9 (VS2019)

END.
