#
# There is insufficient memory for the Java Runtime Environment to continue.
# Native memory allocation (malloc) failed to allocate 32744 bytes for Chunk::new
# Possible reasons:
#   The system is out of physical RAM or swap space
#   The process is running with CompressedOops enabled, and the Java Heap may be blocking the growth of the native heap
# Possible solutions:
#   Reduce memory load on the system
#   Increase physical memory or swap space
#   Check if swap backing store is full
#   Decrease Java heap size (-Xmx/-Xms)
#   Decrease number of Java threads
#   Decrease Java thread stack sizes (-Xss)
#   Set larger code cache with -XX:ReservedCodeCacheSize=
#   JVM is running with Unscaled Compressed Oops mode in which the Java heap is
#     placed in the first 4GB address space. The Java Heap base address is the
#     maximum limit for the native heap growth. Please use -XX:HeapBaseMinAddress
#     to set the Java Heap base and to place the Java Heap above 4GB virtual address.
# This output file may be truncated or incomplete.
#
#  Out of Memory Error (arena.cpp:184), pid=25372, tid=25500
#
# JRE version: Java(TM) SE Runtime Environment (18.0+36) (build 18+36-2087)
# Java VM: Java HotSpot(TM) 64-Bit Server VM (18+36-2087, mixed mode, tiered, compressed oops, compressed class ptrs, g1 gc, windows-amd64)
# No core dump will be written. Minidumps are not enabled by default on client versions of Windows
#

---------------  S U M M A R Y ------------

Command Line: -Dfile.encoding=UTF-8 --module-path=C:\Users\ashwani yadav\Documents\NetBeansProjects\Hotel Management System\build\classes hotel.management.system.AddCustomer

Host: AMD Ryzen 5 5500U with Radeon Graphics         , 12 cores, 7G,  Windows 10 , 64 bit Build 19041 (10.0.19041.1645)
Time: Tue Apr 26 05:15:24 2022 India Standard Time elapsed time: 0.134800 seconds (0d 0h 0m 0s)

---------------  T H R E A D  ---------------

Current thread (0x000001b4af8088a0):  JavaThread "C1 CompilerThread0" daemon [_thread_in_native, id=25500, stack(0x0000007e31d00000,0x0000007e31e00000)]


Current CompileTask:
C1:    135   14       3       java.lang.module.ModuleDescriptor::modsHashCode (46 bytes)

Stack: [0x0000007e31d00000,0x0000007e31e00000]
Native frames: (J=compiled Java code, j=interpreted, Vv=VM code, C=native code)
V  [jvm.dll+0x69804a]
V  [jvm.dll+0x7f308d]
V  [jvm.dll+0x7f499e]
V  [jvm.dll+0x7f5053]
V  [jvm.dll+0x25ca3f]
V  [jvm.dll+0xb8c2f]
V  [jvm.dll+0xb8fa5]
V  [jvm.dll+0x171680]
V  [jvm.dll+0x17e14b]
V  [jvm.dll+0x178632]
V  [jvm.dll+0x1722ae]
V  [jvm.dll+0x1601f0]
V  [jvm.dll+0x148d67]
V  [jvm.dll+0x1486cf]
V  [jvm.dll+0x148926]
V  [jvm.dll+0x147d9a]
V  [jvm.dll+0x149a81]
V  [jvm.dll+0x23e8ca]
V  [jvm.dll+0x23cbac]
V  [jvm.dll+0x7a5781]
V  [jvm.dll+0x79fbba]
V  [jvm.dll+0x696ef5]
C  [ucrtbase.dll+0x21bb2]
C  [KERNEL32.DLL+0x17034]
C  [ntdll.dll+0x52651]


---------------  P R O C E S S  ---------------

Threads class SMR info:
_java_thread_list=0x000001b4ab594ea0, length=10, elements={
0x000001b48d4cd2e0, 0x000001b4ab5a7150, 0x000001b4ab5a8dc0, 0x000001b4ab5dd190,
0x000001b4ab5bb990, 0x000001b4ab5bbf40, 0x000001b4af8000d0, 0x000001b4af8043c0,
0x000001b4af8088a0, 0x000001b4af813db0
}

Java Threads: ( => current thread )
  0x000001b48d4cd2e0 JavaThread "main" [_thread_in_vm, id=25444, stack(0x0000007e30f00000,0x0000007e31000000)]
  0x000001b4ab5a7150 JavaThread "Reference Handler" daemon [_thread_blocked, id=25472, stack(0x0000007e31600000,0x0000007e31700000)]
  0x000001b4ab5a8dc0 JavaThread "Finalizer" daemon [_thread_blocked, id=25476, stack(0x0000007e31700000,0x0000007e31800000)]
  0x000001b4ab5dd190 JavaThread "Signal Dispatcher" daemon [_thread_blocked, id=25480, stack(0x0000007e31800000,0x0000007e31900000)]
  0x000001b4ab5bb990 JavaThread "Attach Listener" daemon [_thread_blocked, id=25484, stack(0x0000007e31900000,0x0000007e31a00000)]
  0x000001b4ab5bbf40 JavaThread "Service Thread" daemon [_thread_blocked, id=25488, stack(0x0000007e31a00000,0x0000007e31b00000)]
  0x000001b4af8000d0 JavaThread "Monitor Deflation Thread" daemon [_thread_blocked, id=25492, stack(0x0000007e31b00000,0x0000007e31c00000)]
  0x000001b4af8043c0 JavaThread "C2 CompilerThread0" daemon [_thread_in_native, id=25496, stack(0x0000007e31c00000,0x0000007e31d00000)]
=>0x000001b4af8088a0 JavaThread "C1 CompilerThread0" daemon [_thread_in_native, id=25500, stack(0x0000007e31d00000,0x0000007e31e00000)]
  0x000001b4af813db0 JavaThread "Sweeper thread" daemon [_thread_blocked, id=25504, stack(0x0000007e31e00000,0x0000007e31f00000)]

Other Threads:
  0x000001b48d547ad0 VMThread "VM Thread" [stack: 0x0000007e31500000,0x0000007e31600000] [id=25468]
  0x000001b48d528150 WorkerThread "GC Thread#0" [stack: 0x0000007e31000000,0x0000007e31100000] [id=25448]
  0x000001b48d538f90 ConcurrentGCThread "G1 Main Marker" [stack: 0x0000007e31100000,0x0000007e31200000] [id=25452]
  0x000001b48d53b130 WorkerThread "G1 Conc#0" [stack: 0x0000007e31200000,0x0000007e31300000] [id=25456]
  0x000001b48d593640 ConcurrentGCThread "G1 Refine#0" [stack: 0x0000007e31300000,0x0000007e31400000] [id=25460]
  0x000001b48d593f50 ConcurrentGCThread "G1 Service" [stack: 0x0000007e31400000,0x0000007e31500000] [id=25464]

Threads with active compile tasks:
C2 CompilerThread0      160   16       4       java.lang.StringLatin1::hashCode (42 bytes)
C1 CompilerThread0      160   14       3       java.lang.module.ModuleDescriptor::modsHashCode (46 bytes)

VM state: not at safepoint (normal execution)

VM Mutex/Monitor currently owned by a thread:  ([mutex/lock_event])
[0x000001b48d4c7510] Metaspace_lock - owner thread: 0x000001b48d4cd2e0

Heap address: 0x000000008a800000, size: 1880 MB, Compressed Oops mode: 32-bit

CDS archive(s) not mapped
Compressed class space mapped at: 0x0000000100000000-0x0000000140000000, reserved size: 1073741824
Narrow klass base: 0x0000000000000000, Narrow klass shift: 3, Narrow klass range: 0x140000000

GC Precious Log:
 CardTable entry size: 512
 Card Set container configuration: InlinePtr #cards 5 size 8 Array Of Cards #cards 12 size 40 Howl #buckets 4 coarsen threshold 1843 Howl Bitmap #cards 512 size 80 coarsen threshold 460 Card regions per heap region 1 cards per card region 2048
 CPUs: 12 total, 12 available
 Memory: 7514M
 Large Page Support: Disabled
 NUMA Support: Disabled
 Compressed Oops: Enabled (32-bit)
 Heap Region Size: 1M
 Heap Min Capacity: 8M
 Heap Initial Capacity: 118M
 Heap Max Capacity: 1880M
 Pre-touch: Disabled
 Parallel Workers: 10
 Concurrent Workers: 3
 Concurrent Refinement Workers: 10
 Periodic GC: Disabled

Heap:
 garbage-first heap   total 120832K, used 0K [0x000000008a800000, 0x0000000100000000)
  region size 1024K, 1 young (1024K), 0 survivors (0K)
 Metaspace       used 3459K, committed 3520K, reserved 1114112K
  class space    used 259K, committed 320K, reserved 1048576K

Heap Regions: E=young(eden), S=young(survivor), O=old, HS=humongous(starts), HC=humongous(continues), CS=collection set, F=free, OA=open archive, CA=closed archive, TAMS=top-at-mark-start (previous, next)
|   0|0x000000008a800000, 0x000000008a800000, 0x000000008a900000|  0%| F|  |TAMS 0x000000008a800000, 0x000000008a800000| Untracked 
|   1|0x000000008a900000, 0x000000008a900000, 0x000000008aa00000|  0%| F|  |TAMS 0x000000008a900000, 0x000000008a900000| Untracked 
|   2|0x000000008aa00000, 0x000000008aa00000, 0x000000008ab00000|  0%| F|  |TAMS 0x000000008aa00000, 0x000000008aa00000| Untracked 
|   3|0x000000008ab00000, 0x000000008ab00000, 0x000000008ac00000|  0%| F|  |TAMS 0x000000008ab00000, 0x000000008ab00000| Untracked 
|   4|0x000000008ac00000, 0x000000008ac00000, 0x000000008ad00000|  0%| F|  |TAMS 0x000000008ac00000, 0x000000008ac00000| Untracked 
|   5|0x000000008ad00000, 0x000000008ad00000, 0x000000008ae00000|  0%| F|  |TAMS 0x000000008ad00000, 0x000000008ad00000| Untracked 
|   6|0x000000008ae00000, 0x000000008ae00000, 0x000000008af00000|  0%| F|  |TAMS 0x000000008ae00000, 0x000000008ae00000| Untracked 
|   7|0x000000008af00000, 0x000000008af00000, 0x000000008b000000|  0%| F|  |TAMS 0x000000008af00000, 0x000000008af00000| Untracked 
|   8|0x000000008b000000, 0x000000008b000000, 0x000000008b100000|  0%| F|  |TAMS 0x000000008b000000, 0x000000008b000000| Untracked 
|   9|0x000000008b100000, 0x000000008b100000, 0x000000008b200000|  0%| F|  |TAMS 0x000000008b100000, 0x000000008b100000| Untracked 
|  10|0x000000008b200000, 0x000000008b200000, 0x000000008b300000|  0%| F|  |TAMS 0x000000008b200000, 0x000000008b200000| Untracked 
|  11|0x000000008b300000, 0x000000008b300000, 0x000000008b400000|  0%| F|  |TAMS 0x000000008b300000, 0x000000008b300000| Untracked 
|  12|0x000000008b400000, 0x000000008b400000, 0x000000008b500000|  0%| F|  |TAMS 0x000000008b400000, 0x000000008b400000| Untracked 
|  13|0x000000008b500000, 0x000000008b500000, 0x000000008b600000|  0%| F|  |TAMS 0x000000008b500000, 0x000000008b500000| Untracked 
|  14|0x000000008b600000, 0x000000008b600000, 0x000000008b700000|  0%| F|  |TAMS 0x000000008b600000, 0x000000008b600000| Untracked 
|  15|0x000000008b700000, 0x000000008b700000, 0x000000008b800000|  0%| F|  |TAMS 0x000000008b700000, 0x000000008b700000| Untracked 
|  16|0x000000008b800000, 0x000000008b800000, 0x000000008b900000|  0%| F|  |TAMS 0x000000008b800000, 0x000000008b800000| Untracked 
|  17|0x000000008b900000, 0x000000008b900000, 0x000000008ba00000|  0%| F|  |TAMS 0x000000008b900000, 0x000000008b900000| Untracked 
|  18|0x000000008ba00000, 0x000000008ba00000, 0x000000008bb00000|  0%| F|  |TAMS 0x000000008ba00000, 0x000000008ba00000| Untracked 
|  19|0x000000008bb00000, 0x000000008bb00000, 0x000000008bc00000|  0%| F|  |TAMS 0x000000008bb00000, 0x000000008bb00000| Untracked 
|  20|0x000000008bc00000, 0x000000008bc00000, 0x000000008bd00000|  0%| F|  |TAMS 0x000000008bc00000, 0x000000008bc00000| Untracked 
|  21|0x000000008bd00000, 0x000000008bd00000, 0x000000008be00000|  0%| F|  |TAMS 0x000000008bd00000, 0x000000008bd00000| Untracked 
|  22|0x000000008be00000, 0x000000008be00000, 0x000000008bf00000|  0%| F|  |TAMS 0x000000008be00000, 0x000000008be00000| Untracked 
|  23|0x000000008bf00000, 0x000000008bf00000, 0x000000008c000000|  0%| F|  |TAMS 0x000000008bf00000, 0x000000008bf00000| Untracked 
|  24|0x000000008c000000, 0x000000008c000000, 0x000000008c100000|  0%| F|  |TAMS 0x000000008c000000, 0x000000008c000000| Untracked 
|  25|0x000000008c100000, 0x000000008c100000, 0x000000008c200000|  0%| F|  |TAMS 0x000000008c100000, 0x000000008c100000| Untracked 
|  26|0x000000008c200000, 0x000000008c200000, 0x000000008c300000|  0%| F|  |TAMS 0x000000008c200000, 0x000000008c200000| Untracked 
|  27|0x000000008c300000, 0x000000008c300000, 0x000000008c400000|  0%| F|  |TAMS 0x000000008c300000, 0x000000008c300000| Untracked 
|  28|0x000000008c400000, 0x000000008c400000, 0x000000008c500000|  0%| F|  |TAMS 0x000000008c400000, 0x000000008c400000| Untracked 
|  29|0x000000008c500000, 0x000000008c500000, 0x000000008c600000|  0%| F|  |TAMS 0x000000008c500000, 0x000000008c500000| Untracked 
|  30|0x000000008c600000, 0x000000008c600000, 0x000000008c700000|  0%| F|  |TAMS 0x000000008c600000, 0x000000008c600000| Untracked 
|  31|0x000000008c700000, 0x000000008c700000, 0x000000008c800000|  0%| F|  |TAMS 0x000000008c700000, 0x000000008c700000| Untracked 
|  32|0x000000008c800000, 0x000000008c800000, 0x000000008c900000|  0%| F|  |TAMS 0x000000008c800000, 0x000000008c800000| Untracked 
|  33|0x000000008c900000, 0x000000008c900000, 0x000000008ca00000|  0%| F|  |TAMS 0x000000008c900000, 0x000000008c900000| Untracked 
|  34|0x000000008ca00000, 0x000000008ca00000, 0x000000008cb00000|  0%| F|  |TAMS 0x000000008ca00000, 0x000000008ca00000| Untracked 
|  35|0x000000008cb00000, 0x000000008cb00000, 0x000000008cc00000|  0%| F|  |TAMS 0x000000008cb00000, 0x000000008cb00000| Untracked 
|  36|0x000000008cc00000, 0x000000008cc00000, 0x000000008cd00000|  0%| F|  |TAMS 0x000000008cc00000, 0x000000008cc00000| Untracked 
|  37|0x000000008cd00000, 0x000000008cd00000, 0x000000008ce00000|  0%| F|  |TAMS 0x000000008cd00000, 0x000000008cd00000| Untracked 
|  38|0x000000008ce00000, 0x000000008ce00000, 0x000000008cf00000|  0%| F|  |TAMS 0x000000008ce00000, 0x000000008ce00000| Untracked 
|  39|0x000000008cf00000, 0x000000008cf00000, 0x000000008d000000|  0%| F|  |TAMS 0x000000008cf00000, 0x000000008cf00000| Untracked 
|  40|0x000000008d000000, 0x000000008d000000, 0x000000008d100000|  0%| F|  |TAMS 0x000000008d000000, 0x000000008d000000| Untracked 
|  41|0x000000008d100000, 0x000000008d100000, 0x000000008d200000|  0%| F|  |TAMS 0x000000008d100000, 0x000000008d100000| Untracked 
|  42|0x000000008d200000, 0x000000008d200000, 0x000000008d300000|  0%| F|  |TAMS 0x000000008d200000, 0x000000008d200000| Untracked 
|  43|0x000000008d300000, 0x000000008d300000, 0x000000008d400000|  0%| F|  |TAMS 0x000000008d300000, 0x000000008d300000| Untracked 
|  44|0x000000008d400000, 0x000000008d400000, 0x000000008d500000|  0%| F|  |TAMS 0x000000008d400000, 0x000000008d400000| Untracked 
|  45|0x000000008d500000, 0x000000008d500000, 0x000000008d600000|  0%| F|  |TAMS 0x000000008d500000, 0x000000008d500000| Untracked 
|  46|0x000000008d600000, 0x000000008d600000, 0x000000008d700000|  0%| F|  |TAMS 0x000000008d600000, 0x000000008d600000| Untracked 
|  47|0x000000008d700000, 0x000000008d700000, 0x000000008d800000|  0%| F|  |TAMS 0x000000008d700000, 0x000000008d700000| Untracked 
|  48|0x000000008d800000, 0x000000008d800000, 0x000000008d900000|  0%| F|  |TAMS 0x000000008d800000, 0x000000008d800000| Untracked 
|  49|0x000000008d900000, 0x000000008d900000, 0x000000008da00000|  0%| F|  |TAMS 0x000000008d900000, 0x000000008d900000| Untracked 
|  50|0x000000008da00000, 0x000000008da00000, 0x000000008db00000|  0%| F|  |TAMS 0x000000008da00000, 0x000000008da00000| Untracked 
|  51|0x000000008db00000, 0x000000008db00000, 0x000000008dc00000|  0%| F|  |TAMS 0x000000008db00000, 0x000000008db00000| Untracked 
|  52|0x000000008dc00000, 0x000000008dc00000, 0x000000008dd00000|  0%| F|  |TAMS 0x000000008dc00000, 0x000000008dc00000| Untracked 
|  53|0x000000008dd00000, 0x000000008dd00000, 0x000000008de00000|  0%| F|  |TAMS 0x000000008dd00000, 0x000000008dd00000| Untracked 
|  54|0x000000008de00000, 0x000000008de00000, 0x000000008df00000|  0%| F|  |TAMS 0x000000008de00000, 0x000000008de00000| Untracked 
|  55|0x000000008df00000, 0x000000008df00000, 0x000000008e000000|  0%| F|  |TAMS 0x000000008df00000, 0x000000008df00000| Untracked 
|  56|0x000000008e000000, 0x000000008e000000, 0x000000008e100000|  0%| F|  |TAMS 0x000000008e000000, 0x000000008e000000| Untracked 
|  57|0x000000008e100000, 0x000000008e100000, 0x000000008e200000|  0%| F|  |TAMS 0x000000008e100000, 0x000000008e100000| Untracked 
|  58|0x000000008e200000, 0x000000008e200000, 0x000000008e300000|  0%| F|  |TAMS 0x000000008e200000, 0x000000008e200000| Untracked 
|  59|0x000000008e300000, 0x000000008e300000, 0x000000008e400000|  0%| F|  |TAMS 0x000000008e300000, 0x000000008e300000| Untracked 
|  60|0x000000008e400000, 0x000000008e400000, 0x000000008e500000|  0%| F|  |TAMS 0x000000008e400000, 0x000000008e400000| Untracked 
|  61|0x000000008e500000, 0x000000008e500000, 0x000000008e600000|  0%| F|  |TAMS 0x000000008e500000, 0x000000008e500000| Untracked 
|  62|0x000000008e600000, 0x000000008e600000, 0x000000008e700000|  0%| F|  |TAMS 0x000000008e600000, 0x000000008e600000| Untracked 
|  63|0x000000008e700000, 0x000000008e700000, 0x000000008e800000|  0%| F|  |TAMS 0x000000008e700000, 0x000000008e700000| Untracked 
|  64|0x000000008e800000, 0x000000008e800000, 0x000000008e900000|  0%| F|  |TAMS 0x000000008e800000, 0x000000008e800000| Untracked 
|  65|0x000000008e900000, 0x000000008e900000, 0x000000008ea00000|  0%| F|  |TAMS 0x000000008e900000, 0x000000008e900000| Untracked 
|  66|0x000000008ea00000, 0x000000008ea00000, 0x000000008eb00000|  0%| F|  |TAMS 0x000000008ea00000, 0x000000008ea00000| Untracked 
|  67|0x000000008eb00000, 0x000000008eb00000, 0x000000008ec00000|  0%| F|  |TAMS 0x000000008eb00000, 0x000000008eb00000| Untracked 
|  68|0x000000008ec00000, 0x000000008ec00000, 0x000000008ed00000|  0%| F|  |TAMS 0x000000008ec00000, 0x000000008ec00000| Untracked 
|  69|0x000000008ed00000, 0x000000008ed00000, 0x000000008ee00000|  0%| F|  |TAMS 0x000000008ed00000, 0x000000008ed00000| Untracked 
|  70|0x000000008ee00000, 0x000000008ee00000, 0x000000008ef00000|  0%| F|  |TAMS 0x000000008ee00000, 0x000000008ee00000| Untracked 
|  71|0x000000008ef00000, 0x000000008ef00000, 0x000000008f000000|  0%| F|  |TAMS 0x000000008ef00000, 0x000000008ef00000| Untracked 
|  72|0x000000008f000000, 0x000000008f000000, 0x000000008f100000|  0%| F|  |TAMS 0x000000008f000000, 0x000000008f000000| Untracked 
|  73|0x000000008f100000, 0x000000008f100000, 0x000000008f200000|  0%| F|  |TAMS 0x000000008f100000, 0x000000008f100000| Untracked 
|  74|0x000000008f200000, 0x000000008f200000, 0x000000008f300000|  0%| F|  |TAMS 0x000000008f200000, 0x000000008f200000| Untracked 
|  75|0x000000008f300000, 0x000000008f300000, 0x000000008f400000|  0%| F|  |TAMS 0x000000008f300000, 0x000000008f300000| Untracked 
|  76|0x000000008f400000, 0x000000008f400000, 0x000000008f500000|  0%| F|  |TAMS 0x000000008f400000, 0x000000008f400000| Untracked 
|  77|0x000000008f500000, 0x000000008f500000, 0x000000008f600000|  0%| F|  |TAMS 0x000000008f500000, 0x000000008f500000| Untracked 
|  78|0x000000008f600000, 0x000000008f600000, 0x000000008f700000|  0%| F|  |TAMS 0x000000008f600000, 0x000000008f600000| Untracked 
|  79|0x000000008f700000, 0x000000008f700000, 0x000000008f800000|  0%| F|  |TAMS 0x000000008f700000, 0x000000008f700000| Untracked 
|  80|0x000000008f800000, 0x000000008f800000, 0x000000008f900000|  0%| F|  |TAMS 0x000000008f800000, 0x000000008f800000| Untracked 
|  81|0x000000008f900000, 0x000000008f900000, 0x000000008fa00000|  0%| F|  |TAMS 0x000000008f900000, 0x000000008f900000| Untracked 
|  82|0x000000008fa00000, 0x000000008fa00000, 0x000000008fb00000|  0%| F|  |TAMS 0x000000008fa00000, 0x000000008fa00000| Untracked 
|  83|0x000000008fb00000, 0x000000008fb00000, 0x000000008fc00000|  0%| F|  |TAMS 0x000000008fb00000, 0x000000008fb00000| Untracked 
|  84|0x000000008fc00000, 0x000000008fc00000, 0x000000008fd00000|  0%| F|  |TAMS 0x000000008fc00000, 0x000000008fc00000| Untracked 
|  85|0x000000008fd00000, 0x000000008fd00000, 0x000000008fe00000|  0%| F|  |TAMS 0x000000008fd00000, 0x000000008fd00000| Untracked 
|  86|0x000000008fe00000, 0x000000008fe00000, 0x000000008ff00000|  0%| F|  |TAMS 0x000000008fe00000, 0x000000008fe00000| Untracked 
|  87|0x000000008ff00000, 0x000000008ff00000, 0x0000000090000000|  0%| F|  |TAMS 0x000000008ff00000, 0x000000008ff00000| Untracked 
|  88|0x0000000090000000, 0x0000000090000000, 0x0000000090100000|  0%| F|  |TAMS 0x0000000090000000, 0x0000000090000000| Untracked 
|  89|0x0000000090100000, 0x0000000090100000, 0x0000000090200000|  0%| F|  |TAMS 0x0000000090100000, 0x0000000090100000| Untracked 
|  90|0x0000000090200000, 0x0000000090200000, 0x0000000090300000|  0%| F|  |TAMS 0x0000000090200000, 0x0000000090200000| Untracked 
|  91|0x0000000090300000, 0x0000000090300000, 0x0000000090400000|  0%| F|  |TAMS 0x0000000090300000, 0x0000000090300000| Untracked 
|  92|0x0000000090400000, 0x0000000090400000, 0x0000000090500000|  0%| F|  |TAMS 0x0000000090400000, 0x0000000090400000| Untracked 
|  93|0x0000000090500000, 0x0000000090500000, 0x0000000090600000|  0%| F|  |TAMS 0x0000000090500000, 0x0000000090500000| Untracked 
|  94|0x0000000090600000, 0x0000000090600000, 0x0000000090700000|  0%| F|  |TAMS 0x0000000090600000, 0x0000000090600000| Untracked 
|  95|0x0000000090700000, 0x0000000090700000, 0x0000000090800000|  0%| F|  |TAMS 0x0000000090700000, 0x0000000090700000| Untracked 
|  96|0x0000000090800000, 0x0000000090800000, 0x0000000090900000|  0%| F|  |TAMS 0x0000000090800000, 0x0000000090800000| Untracked 
|  97|0x0000000090900000, 0x0000000090900000, 0x0000000090a00000|  0%| F|  |TAMS 0x0000000090900000, 0x0000000090900000| Untracked 
|  98|0x0000000090a00000, 0x0000000090a00000, 0x0000000090b00000|  0%| F|  |TAMS 0x0000000090a00000, 0x0000000090a00000| Untracked 
|  99|0x0000000090b00000, 0x0000000090b00000, 0x0000000090c00000|  0%| F|  |TAMS 0x0000000090b00000, 0x0000000090b00000| Untracked 
| 100|0x0000000090c00000, 0x0000000090c00000, 0x0000000090d00000|  0%| F|  |TAMS 0x0000000090c00000, 0x0000000090c00000| Untracked 
| 101|0x0000000090d00000, 0x0000000090d00000, 0x0000000090e00000|  0%| F|  |TAMS 0x0000000090d00000, 0x0000000090d00000| Untracked 
| 102|0x0000000090e00000, 0x0000000090e00000, 0x0000000090f00000|  0%| F|  |TAMS 0x0000000090e00000, 0x0000000090e00000| Untracked 
| 103|0x0000000090f00000, 0x0000000090f00000, 0x0000000091000000|  0%| F|  |TAMS 0x0000000090f00000, 0x0000000090f00000| Untracked 
| 104|0x0000000091000000, 0x0000000091000000, 0x0000000091100000|  0%| F|  |TAMS 0x0000000091000000, 0x0000000091000000| Untracked 
| 105|0x0000000091100000, 0x0000000091100000, 0x0000000091200000|  0%| F|  |TAMS 0x0000000091100000, 0x0000000091100000| Untracked 
| 106|0x0000000091200000, 0x0000000091200000, 0x0000000091300000|  0%| F|  |TAMS 0x0000000091200000, 0x0000000091200000| Untracked 
| 107|0x0000000091300000, 0x0000000091300000, 0x0000000091400000|  0%| F|  |TAMS 0x0000000091300000, 0x0000000091300000| Untracked 
| 108|0x0000000091400000, 0x0000000091400000, 0x0000000091500000|  0%| F|  |TAMS 0x0000000091400000, 0x0000000091400000| Untracked 
| 109|0x0000000091500000, 0x0000000091500000, 0x0000000091600000|  0%| F|  |TAMS 0x0000000091500000, 0x0000000091500000| Untracked 
| 110|0x0000000091600000, 0x0000000091600000, 0x0000000091700000|  0%| F|  |TAMS 0x0000000091600000, 0x0000000091600000| Untracked 
| 111|0x0000000091700000, 0x0000000091700000, 0x0000000091800000|  0%| F|  |TAMS 0x0000000091700000, 0x0000000091700000| Untracked 
| 112|0x0000000091800000, 0x0000000091800000, 0x0000000091900000|  0%| F|  |TAMS 0x0000000091800000, 0x0000000091800000| Untracked 
| 113|0x0000000091900000, 0x0000000091900000, 0x0000000091a00000|  0%| F|  |TAMS 0x0000000091900000, 0x0000000091900000| Untracked 
| 114|0x0000000091a00000, 0x0000000091a00000, 0x0000000091b00000|  0%| F|  |TAMS 0x0000000091a00000, 0x0000000091a00000| Untracked 
| 115|0x0000000091b00000, 0x0000000091b00000, 0x0000000091c00000|  0%| F|  |TAMS 0x0000000091b00000, 0x0000000091b00000| Untracked 
| 116|0x0000000091c00000, 0x0000000091c00000, 0x0000000091d00000|  0%| F|  |TAMS 0x0000000091c00000, 0x0000000091c00000| Untracked 
| 117|0x0000000091d00000, 0x0000000091deb988, 0x0000000091e00000| 92%| E|  |TAMS 0x0000000091d00000, 0x0000000091d00000| Complete 

Card table byte_map: [0x000001b4a4700000,0x000001b4a4ab0000] _byte_map_base: 0x000001b4a42ac000

Marking Bits (Prev, Next): (CMBitMap*) 0x000001b48d529b60, (CMBitMap*) 0x000001b48d529ba0
 Prev Bits: [0x000001b4a4e60000, 0x000001b4a6bc0000)
 Next Bits: [0x000001b4a6bc0000, 0x000001b4a8920000)

Polling page: 0x000001b48b180000

Metaspace:

Usage:
  Non-class:      3.12 MB used.
      Class:    259.31 KB used.
       Both:      3.38 MB used.

Virtual space:
  Non-class space:       64.00 MB reserved,       3.12 MB (  5%) committed,  1 nodes.
      Class space:        1.00 GB reserved,     320.00 KB ( <1%) committed,  1 nodes.
             Both:        1.06 GB reserved,       3.44 MB ( <1%) committed. 

Chunk freelists:
   Non-Class:  0 bytes
       Class:  3.62 MB
        Both:  3.62 MB

MaxMetaspaceSize: unlimited
CompressedClassSpaceSize: 1.00 GB
Initial GC threshold: 21.00 MB
Current GC threshold: 21.00 MB
CDS: off
MetaspaceReclaimPolicy: balanced
 - commit_granule_bytes: 65536.
 - commit_granule_words: 8192.
 - virtual_space_node_default_size: 8388608.
 - enlarge_chunks_in_place: 1.
 - new_chunks_are_fully_committed: 0.
 - uncommit_free_chunks: 1.
 - use_allocation_guard: 0.


Internal statistics:

num_allocs_failed_limit: 0.
num_arena_births: 2.
num_arena_deaths: 0.
num_vsnodes_births: 2.
num_vsnodes_deaths: 0.
num_space_committed: 55.
num_space_uncommitted: 0.
num_chunks_returned_to_freelist: 0.
num_chunks_taken_from_freelist: 4.
num_chunk_merges: 0.
num_chunk_splits: 1.
num_chunks_enlarged: 0.
num_inconsistent_stats: 0.

CodeHeap 'non-profiled nmethods': size=120000Kb used=0Kb max_used=0Kb free=120000Kb
 bounds [0x000001b49c8d0000, 0x000001b49cb40000, 0x000001b4a3e00000]
CodeHeap 'profiled nmethods': size=120000Kb used=16Kb max_used=16Kb free=119983Kb
 bounds [0x000001b4953a0000, 0x000001b495610000, 0x000001b49c8d0000]
CodeHeap 'non-nmethods': size=5760Kb used=1043Kb max_used=1044Kb free=4716Kb
 bounds [0x000001b494e00000, 0x000001b495070000, 0x000001b4953a0000]
 total_blobs=299 nmethods=12 adapters=200
 compilation: enabled
              stopped_count=0, restarted_count=0
 full_count=0

Compilation events (20 events):
Event: 0.104 Thread 0x000001b4af8088a0    4       3       java.lang.Object::<init> (1 bytes)
Event: 0.105 Thread 0x000001b4af8088a0 nmethod 4 0x000001b4953a1210 code [0x000001b4953a13a0, 0x000001b4953a14b8]
Event: 0.105 Thread 0x000001b4af8088a0    5       3       java.lang.StringLatin1::hashCode (42 bytes)
Event: 0.105 Thread 0x000001b4af8088a0 nmethod 5 0x000001b4953a1590 code [0x000001b4953a1720, 0x000001b4953a18d8]
Event: 0.105 Thread 0x000001b4af8088a0    6       3       java.lang.String::hashCode (60 bytes)
Event: 0.106 Thread 0x000001b4af8088a0 nmethod 6 0x000001b4953a1a10 code [0x000001b4953a1be0, 0x000001b4953a1f58]
Event: 0.116 Thread 0x000001b4af8088a0    7       3       java.lang.Math::floorMod (20 bytes)
Event: 0.116 Thread 0x000001b4af8088a0 nmethod 7 0x000001b4953a2010 code [0x000001b4953a21a0, 0x000001b4953a2358]
Event: 0.116 Thread 0x000001b4af8088a0    8       3       java.util.ImmutableCollections$SetN::probe (56 bytes)
Event: 0.117 Thread 0x000001b4af8088a0 nmethod 8 0x000001b4953a2410 code [0x000001b4953a2600, 0x000001b4953a2b58]
Event: 0.118 Thread 0x000001b4af8088a0    9       3       java.lang.String::equals (56 bytes)
Event: 0.119 Thread 0x000001b4af8088a0 nmethod 9 0x000001b4953a2d90 code [0x000001b4953a2f60, 0x000001b4953a33c8]
Event: 0.119 Thread 0x000001b4af8088a0   10       3       java.lang.StringLatin1::equals (36 bytes)
Event: 0.119 Thread 0x000001b4af8088a0 nmethod 10 0x000001b4953a3490 code [0x000001b4953a3640, 0x000001b4953a38f8]
Event: 0.120 Thread 0x000001b4af8088a0   11       3       java.util.Objects::equals (23 bytes)
Event: 0.120 Thread 0x000001b4af8088a0 nmethod 11 0x000001b4953a3a10 code [0x000001b4953a3bc0, 0x000001b4953a3e28]
Event: 0.120 Thread 0x000001b4af8088a0   12       3       java.util.Set::of (4 bytes)
Event: 0.120 Thread 0x000001b4af8088a0 nmethod 12 0x000001b4953a3f10 code [0x000001b4953a40a0, 0x000001b4953a4198]
Event: 0.120 Thread 0x000001b4af8088a0   14       3       java.lang.module.ModuleDescriptor::modsHashCode (46 bytes)
Event: 0.120 Thread 0x000001b4af8043c0   16       4       java.lang.StringLatin1::hashCode (42 bytes)

GC Heap History (0 events):
No events

Deoptimization events (0 events):
No events

Classes loaded (20 events):
Event: 0.114 Loading class jdk/internal/module/Builder
Event: 0.114 Loading class jdk/internal/module/Builder done
Event: 0.115 Loading class java/lang/module/ModuleDescriptor$Requires
Event: 0.115 Loading class java/lang/module/ModuleDescriptor$Requires done
Event: 0.115 Loading class java/lang/module/ModuleDescriptor$Exports
Event: 0.115 Loading class java/lang/module/ModuleDescriptor$Exports done
Event: 0.115 Loading class java/util/ImmutableCollections$SetN$SetNIterator
Event: 0.115 Loading class java/util/ImmutableCollections$SetN$SetNIterator done
Event: 0.116 Loading class java/lang/module/ModuleDescriptor$Opens
Event: 0.116 Loading class java/lang/module/ModuleDescriptor$Opens done
Event: 0.116 Loading class java/lang/module/ModuleDescriptor$Provides
Event: 0.116 Loading class java/lang/module/ModuleDescriptor$Provides done
Event: 0.117 Loading class java/lang/module/ModuleDescriptor$Version
Event: 0.117 Loading class java/lang/module/ModuleDescriptor$Version done
Event: 0.117 Loading class java/lang/module/ModuleDescriptor$Modifier
Event: 0.117 Loading class java/lang/module/ModuleDescriptor$Modifier done
Event: 0.117 Loading class java/lang/module/ModuleDescriptor$Requires$Modifier
Event: 0.117 Loading class java/lang/module/ModuleDescriptor$Requires$Modifier done
Event: 0.118 Loading class java/util/ImmutableCollections$Set12$1
Event: 0.118 Loading class java/util/ImmutableCollections$Set12$1 done

Classes unloaded (0 events):
No events

Classes redefined (0 events):
No events

Internal exceptions (0 events):
No events

VM Operations (0 events):
No events

Events (12 events):
Event: 0.011 Loaded shared library C:\Program Files\Java\jdk-18\bin\java.dll
Event: 0.050 Loaded shared library C:\Program Files\Java\jdk-18\bin\jsvml.dll
Event: 0.050 Thread 0x000001b48d4cd2e0 Thread added: 0x000001b48d4cd2e0
Event: 0.058 Thread 0x000001b4ab5a7150 Thread added: 0x000001b4ab5a7150
Event: 0.059 Thread 0x000001b4ab5a8dc0 Thread added: 0x000001b4ab5a8dc0
Event: 0.090 Thread 0x000001b4ab5dd190 Thread added: 0x000001b4ab5dd190
Event: 0.090 Thread 0x000001b4ab5bb990 Thread added: 0x000001b4ab5bb990
Event: 0.090 Thread 0x000001b4ab5bbf40 Thread added: 0x000001b4ab5bbf40
Event: 0.091 Thread 0x000001b4af8000d0 Thread added: 0x000001b4af8000d0
Event: 0.091 Thread 0x000001b4af8043c0 Thread added: 0x000001b4af8043c0
Event: 0.091 Thread 0x000001b4af8088a0 Thread added: 0x000001b4af8088a0
Event: 0.091 Thread 0x000001b4af813db0 Thread added: 0x000001b4af813db0


Dynamic libraries:
0x00007ff6ed480000 - 0x00007ff6ed490000 	C:\Program Files\Java\jdk-18\bin\java.exe
0x00007ffead7b0000 - 0x00007ffead9a5000 	C:\Windows\SYSTEM32\ntdll.dll
0x00007ffeac000000 - 0x00007ffeac0be000 	C:\Windows\System32\KERNEL32.DLL
0x00007ffeab1c0000 - 0x00007ffeab488000 	C:\Windows\System32\KERNELBASE.dll
0x00007ffeab5d0000 - 0x00007ffeab6d0000 	C:\Windows\System32\ucrtbase.dll
0x00007ffe99030000 - 0x00007ffe9904a000 	C:\Program Files\Java\jdk-18\bin\VCRUNTIME140.dll
0x00007ffea34e0000 - 0x00007ffea34f8000 	C:\Program Files\Java\jdk-18\bin\jli.dll
0x00007ffeac4b0000 - 0x00007ffeac55e000 	C:\Windows\System32\ADVAPI32.dll
0x00007ffead1a0000 - 0x00007ffead23e000 	C:\Windows\System32\msvcrt.dll
0x00007ffeac410000 - 0x00007ffeac4ac000 	C:\Windows\System32\sechost.dll
0x00007ffeac120000 - 0x00007ffeac245000 	C:\Windows\System32\RPCRT4.dll
0x00007ffeabbe0000 - 0x00007ffeabd80000 	C:\Windows\System32\USER32.dll
0x00007ffe965e0000 - 0x00007ffe9687a000 	C:\Windows\WinSxS\amd64_microsoft.windows.common-controls_6595b64144ccf1df_6.0.19041.1110_none_60b5254171f9507e\COMCTL32.dll
0x00007ffeab490000 - 0x00007ffeab4b2000 	C:\Windows\System32\win32u.dll
0x00007ffead6c0000 - 0x00007ffead6ea000 	C:\Windows\System32\GDI32.dll
0x00007ffeab4c0000 - 0x00007ffeab5cb000 	C:\Windows\System32\gdi32full.dll
0x00007ffeab120000 - 0x00007ffeab1bd000 	C:\Windows\System32\msvcp_win.dll
0x00007ffea2d70000 - 0x00007ffea2d7a000 	C:\Windows\SYSTEM32\VERSION.dll
0x00007ffeac310000 - 0x00007ffeac340000 	C:\Windows\System32\IMM32.DLL
0x00007ffe99c70000 - 0x00007ffe99c7c000 	C:\Program Files\Java\jdk-18\bin\vcruntime140_1.dll
0x00007ffe83990000 - 0x00007ffe83a1d000 	C:\Program Files\Java\jdk-18\bin\msvcp140.dll
0x00007ffe3c5c0000 - 0x00007ffe3d1d1000 	C:\Program Files\Java\jdk-18\bin\server\jvm.dll
0x00007ffeac250000 - 0x00007ffeac258000 	C:\Windows\System32\PSAPI.DLL
0x00007ffe933e0000 - 0x00007ffe933e9000 	C:\Windows\SYSTEM32\WSOCK32.dll
0x00007ffea0000000 - 0x00007ffea0027000 	C:\Windows\SYSTEM32\WINMM.dll
0x00007ffeac3a0000 - 0x00007ffeac40b000 	C:\Windows\System32\WS2_32.dll
0x00007ffea9780000 - 0x00007ffea9792000 	C:\Windows\SYSTEM32\kernel.appcore.dll
0x00007ffe99020000 - 0x00007ffe9902a000 	C:\Program Files\Java\jdk-18\bin\jimage.dll
0x00007ffea8dd0000 - 0x00007ffea8fb4000 	C:\Windows\SYSTEM32\DBGHELP.DLL
0x00007ffe95af0000 - 0x00007ffe95b1c000 	C:\Windows\SYSTEM32\dbgcore.DLL
0x00007ffeab780000 - 0x00007ffeab802000 	C:\Windows\System32\bcryptPrimitives.dll
0x00007ffe90720000 - 0x00007ffe90745000 	C:\Program Files\Java\jdk-18\bin\java.dll
0x00007ffe7ee90000 - 0x00007ffe7ef66000 	C:\Program Files\Java\jdk-18\bin\jsvml.dll
0x00007ffeac710000 - 0x00007ffeace54000 	C:\Windows\System32\SHELL32.dll
0x00007ffea8fc0000 - 0x00007ffea9754000 	C:\Windows\SYSTEM32\windows.storage.dll
0x00007ffeab810000 - 0x00007ffeabb64000 	C:\Windows\System32\combase.dll
0x00007ffeaa8d0000 - 0x00007ffeaa8fc000 	C:\Windows\SYSTEM32\Wldp.dll
0x00007ffeac260000 - 0x00007ffeac30d000 	C:\Windows\System32\SHCORE.dll
0x00007ffeac340000 - 0x00007ffeac395000 	C:\Windows\System32\shlwapi.dll
0x00007ffeaae10000 - 0x00007ffeaae2f000 	C:\Windows\SYSTEM32\profapi.dll

dbghelp: loaded successfully - version: 4.0.5 - missing functions: none
symbol engine: initialized successfully - sym options: 0x614 - pdb path: .;C:\Program Files\Java\jdk-18\bin;C:\Windows\SYSTEM32;C:\Windows\WinSxS\amd64_microsoft.windows.common-controls_6595b64144ccf1df_6.0.19041.1110_none_60b5254171f9507e;C:\Program Files\Java\jdk-18\bin\server

VM Arguments:
jvm_args: -Dfile.encoding=UTF-8 --module-path=C:\Users\ashwani yadav\Documents\NetBeansProjects\Hotel Management System\build\classes 
java_command: hotel.management.system.AddCustomer
java_class_path (initial): C:\Users\ashwani yadav\Downloads\mysql-connector-java-8.0.28.jar;C:\Users\ashwani yadav\Documents\NetBeansProjects\Hotel Management System\build\classes
Launcher Type: SUN_STANDARD

[Global flags]
     intx CICompilerCount                          = 4                                         {product} {ergonomic}
     uint ConcGCThreads                            = 3                                         {product} {ergonomic}
     uint G1ConcRefinementThreads                  = 10                                        {product} {ergonomic}
   size_t G1HeapRegionSize                         = 1048576                                   {product} {ergonomic}
    uintx GCDrainStackTargetSize                   = 64                                        {product} {ergonomic}
   size_t InitialHeapSize                          = 123731968                                 {product} {ergonomic}
   size_t MarkStackSize                            = 4194304                                   {product} {ergonomic}
   size_t MaxHeapSize                              = 1971322880                                {product} {ergonomic}
   size_t MaxNewSize                               = 1182793728                                {product} {ergonomic}
   size_t MinHeapDeltaBytes                        = 1048576                                   {product} {ergonomic}
   size_t MinHeapSize                              = 8388608                                   {product} {ergonomic}
    uintx NonNMethodCodeHeapSize                   = 5839372                                {pd product} {ergonomic}
    uintx NonProfiledCodeHeapSize                  = 122909434                              {pd product} {ergonomic}
    uintx ProfiledCodeHeapSize                     = 122909434                              {pd product} {ergonomic}
    uintx ReservedCodeCacheSize                    = 251658240                              {pd product} {ergonomic}
     bool SegmentedCodeCache                       = true                                      {product} {ergonomic}
   size_t SoftMaxHeapSize                          = 1971322880                             {manageable} {ergonomic}
     bool UseCompressedClassPointers               = true                           {product lp64_product} {ergonomic}
     bool UseCompressedOops                        = true                           {product lp64_product} {ergonomic}
     bool UseG1GC                                  = true                                      {product} {ergonomic}
     bool UseLargePagesIndividualAllocation        = false                                  {pd product} {ergonomic}

Logging:
Log output configuration:
 #0: stdout all=warning uptime,level,tags foldmultilines=false
 #1: stderr all=off uptime,level,tags foldmultilines=false

Environment Variables:
JAVA_HOME=C:\Program Files\Java\jdk-18
PATH=C:\Program Files\Java\jdk-18\bin;C:\Program Files\Java\jdk-18\bin;C:\Python310\Scripts\;C:\Python310\;C:\Windows\system32;C:\Windows;C:\Windows\System32\Wbem;C:\Program Files\apache-maven-3.8.5-bin\apache-maven-3.8.5\bin;C:\Windows\System32\WindowsPowerShell\v1.0\;C:\Windows\System32\OpenSSH\;C:\Program Files\NVIDIA Corporation\NVIDIA NvDLISR;C:\Program Files\nodejs\;C:\ProgramData\chocolatey\bin;C:\Program Files\apache-maven-3.8.5-bin\apache-maven-3.8.5\bin;C:\Program Files\MySQL\MySQL Shell 8.0\bin\;C:\Users\ashwani yadav\AppData\Local\Microsoft\WindowsApps;C:\Users\ashwani yadav\AppData\Local\Programs\Microsoft VS Code\bin;C:\Users\ashwani yadav\AppData\Roaming\npm;C:\Program Files\MongoDB\Server\5.0\bin;C:\Program Files\PostgreSQL\14\bin;C:\Program Files\PostgreSQL\14\lib;
USERNAME=ashwani yadav
OS=Windows_NT
PROCESSOR_IDENTIFIER=AMD64 Family 23 Model 104 Stepping 1, AuthenticAMD



---------------  S Y S T E M  ---------------

OS:
 Windows 10 , 64 bit Build 19041 (10.0.19041.1645)
OS uptime: 0 days 11:03 hours

CPU: total 12 (initial active 12) (12 cores per cpu, 2 threads per core) family 23 model 104 stepping 1 microcode 0x0, cx8, cmov, fxsr, ht, mmx, 3dnowpref, sse, sse2, sse3, ssse3, sse4a, sse4.1, sse4.2, popcnt, lzcnt, tsc, tscinvbit, avx, avx2, aes, clmul, bmi1, bmi2, adx, sha, fma, vzeroupper, clflush, clflushopt

Memory: 4k page, system-wide physical 7514M (1283M free)
TotalPageFile size 31066M (AvailPageFile size 4M)
current process WorkingSet (physical memory assigned to process): 24M, peak: 24M
current process commit charge ("private bytes"): 194M, peak: 198M

vm_info: Java HotSpot(TM) 64-Bit Server VM (18+36-2087) for windows-amd64 JRE (18+36-2087), built on Feb 15 2022 09:43:11 by "mach5one" with MS VC++ 16.8 / 16.9 (VS2019)

END.
