#
# There is insufficient memory for the Java Runtime Environment to continue.
# Native memory allocation (malloc) failed to allocate 32744 bytes for Chunk::new
# Possible reasons:
#   The system is out of physical RAM or swap space
#   The process is running with CompressedOops enabled, and the Java Heap may be blocking the growth of the native heap
# Possible solutions:
#   Reduce memory load on the system
#   Increase physical memory or swap space
#   Check if swap backing store is full
#   Decrease Java heap size (-Xmx/-Xms)
#   Decrease number of Java threads
#   Decrease Java thread stack sizes (-Xss)
#   Set larger code cache with -XX:ReservedCodeCacheSize=
#   JVM is running with Unscaled Compressed Oops mode in which the Java heap is
#     placed in the first 4GB address space. The Java Heap base address is the
#     maximum limit for the native heap growth. Please use -XX:HeapBaseMinAddress
#     to set the Java Heap base and to place the Java Heap above 4GB virtual address.
# This output file may be truncated or incomplete.
#
#  Out of Memory Error (arena.cpp:184), pid=25140, tid=25208
#
# JRE version: Java(TM) SE Runtime Environment (18.0+36) (build 18+36-2087)
# Java VM: Java HotSpot(TM) 64-Bit Server VM (18+36-2087, mixed mode, tiered, compressed oops, compressed class ptrs, g1 gc, windows-amd64)
# No core dump will be written. Minidumps are not enabled by default on client versions of Windows
#

---------------  S U M M A R Y ------------

Command Line: -Dfile.encoding=UTF-8 --module-path=C:\Users\ashwani yadav\Documents\NetBeansProjects\Hotel Management System\build\classes hotel.management.system.AddCustomer

Host: AMD Ryzen 5 5500U with Radeon Graphics         , 12 cores, 7G,  Windows 10 , 64 bit Build 19041 (10.0.19041.1645)
Time: Tue Apr 26 05:15:08 2022 India Standard Time elapsed time: 0.144801 seconds (0d 0h 0m 0s)

---------------  T H R E A D  ---------------

Current thread (0x000001b9717cdc00):  JavaThread "main" [_thread_in_vm, id=25208, stack(0x0000002034100000,0x0000002034200000)]

Stack: [0x0000002034100000,0x0000002034200000]
Native frames: (J=compiled Java code, j=interpreted, Vv=VM code, C=native code)
V  [jvm.dll+0x69804a]
V  [jvm.dll+0x7f308d]
V  [jvm.dll+0x7f499e]
V  [jvm.dll+0x7f5053]
V  [jvm.dll+0x25ca3f]
V  [jvm.dll+0xb8c2f]
V  [jvm.dll+0xb8fa5]
V  [jvm.dll+0x201acd]
V  [jvm.dll+0x2028b5]
V  [jvm.dll+0x2032ef]
V  [jvm.dll+0x1f8781]
V  [jvm.dll+0x55cea5]
V  [jvm.dll+0x209637]
V  [jvm.dll+0x76c73d]
V  [jvm.dll+0x76da76]
V  [jvm.dll+0x76dda8]
V  [jvm.dll+0x254d46]
V  [jvm.dll+0x3a1346]
C  0x000001b90001b900

Java frames: (J=compiled Java code, j=interpreted, Vv=VM code)
j  jdk.internal.module.SystemModules$all.moduleTargets()[Ljdk/internal/module/ModuleTarget;+2 java.base
j  jdk.internal.module.SystemModuleFinders.of(Ljdk/internal/module/SystemModules;)Ljava/lang/module/ModuleFinder;+8 java.base
j  jdk.internal.module.ModuleBootstrap.boot2()Ljava/lang/ModuleLayer;+240 java.base
j  jdk.internal.module.ModuleBootstrap.boot()Ljava/lang/ModuleLayer;+64 java.base
j  java.lang.System.initPhase2(ZZ)I+0 java.base
v  ~StubRoutines::call_stub

---------------  P R O C E S S  ---------------

Threads class SMR info:
_java_thread_list=0x000001b911921e50, length=10, elements={
0x000001b9717cdc00, 0x000001b911934150, 0x000001b911935f00, 0x000001b911955f50,
0x000001b911957900, 0x000001b91195a2b0, 0x000001b915c08090, 0x000001b915c0d420,
0x000001b915c0dd10, 0x000001b915c10610
}

Java Threads: ( => current thread )
=>0x000001b9717cdc00 JavaThread "main" [_thread_in_vm, id=25208, stack(0x0000002034100000,0x0000002034200000)]
  0x000001b911934150 JavaThread "Reference Handler" daemon [_thread_blocked, id=25236, stack(0x0000002034800000,0x0000002034900000)]
  0x000001b911935f00 JavaThread "Finalizer" daemon [_thread_blocked, id=25240, stack(0x0000002034900000,0x0000002034a00000)]
  0x000001b911955f50 JavaThread "Signal Dispatcher" daemon [_thread_blocked, id=25244, stack(0x0000002034a00000,0x0000002034b00000)]
  0x000001b911957900 JavaThread "Attach Listener" daemon [_thread_blocked, id=25248, stack(0x0000002034b00000,0x0000002034c00000)]
  0x000001b91195a2b0 JavaThread "Service Thread" daemon [_thread_blocked, id=25252, stack(0x0000002034c00000,0x0000002034d00000)]
  0x000001b915c08090 JavaThread "Monitor Deflation Thread" daemon [_thread_blocked, id=25256, stack(0x0000002034d00000,0x0000002034e00000)]
  0x000001b915c0d420 JavaThread "C2 CompilerThread0" daemon [_thread_blocked, id=25260, stack(0x0000002034e00000,0x0000002034f00000)]
  0x000001b915c0dd10 JavaThread "C1 CompilerThread0" daemon [_thread_blocked, id=25264, stack(0x0000002034f00000,0x0000002035000000)]
  0x000001b915c10610 JavaThread "Sweeper thread" daemon [_thread_blocked, id=25268, stack(0x0000002035000000,0x0000002035100000)]

Other Threads:
  0x000001b9118c7780 VMThread "VM Thread" [stack: 0x0000002034700000,0x0000002034800000] [id=25232]
  0x000001b971828c60 WorkerThread "GC Thread#0" [stack: 0x0000002034200000,0x0000002034300000] [id=25212]
  0x000001b97183aab0 ConcurrentGCThread "G1 Main Marker" [stack: 0x0000002034300000,0x0000002034400000] [id=25216]
  0x000001b97183bc40 WorkerThread "G1 Conc#0" [stack: 0x0000002034400000,0x0000002034500000] [id=25220]
  0x000001b971896590 ConcurrentGCThread "G1 Refine#0" [stack: 0x0000002034500000,0x0000002034600000] [id=25224]
  0x000001b971896ea0 ConcurrentGCThread "G1 Service" [stack: 0x0000002034600000,0x0000002034700000] [id=25228]

Threads with active compile tasks:

VM state: not at safepoint (normal execution)

VM Mutex/Monitor currently owned by a thread: None

Heap address: 0x000000008a800000, size: 1880 MB, Compressed Oops mode: 32-bit

CDS archive(s) not mapped
Compressed class space mapped at: 0x0000000100000000-0x0000000140000000, reserved size: 1073741824
Narrow klass base: 0x0000000000000000, Narrow klass shift: 3, Narrow klass range: 0x140000000

GC Precious Log:
 CardTable entry size: 512
 Card Set container configuration: InlinePtr #cards 5 size 8 Array Of Cards #cards 12 size 40 Howl #buckets 4 coarsen threshold 1843 Howl Bitmap #cards 512 size 80 coarsen threshold 460 Card regions per heap region 1 cards per card region 2048
 CPUs: 12 total, 12 available
 Memory: 7514M
 Large Page Support: Disabled
 NUMA Support: Disabled
 Compressed Oops: Enabled (32-bit)
 Heap Region Size: 1M
 Heap Min Capacity: 8M
 Heap Initial Capacity: 118M
 Heap Max Capacity: 1880M
 Pre-touch: Disabled
 Parallel Workers: 10
 Concurrent Workers: 3
 Concurrent Refinement Workers: 10
 Periodic GC: Disabled

Heap:
 garbage-first heap   total 120832K, used 0K [0x000000008a800000, 0x0000000100000000)
  region size 1024K, 1 young (1024K), 0 survivors (0K)
 Metaspace       used 3439K, committed 3456K, reserved 1114112K
  class space    used 255K, committed 256K, reserved 1048576K

Heap Regions: E=young(eden), S=young(survivor), O=old, HS=humongous(starts), HC=humongous(continues), CS=collection set, F=free, OA=open archive, CA=closed archive, TAMS=top-at-mark-start (previous, next)
|   0|0x000000008a800000, 0x000000008a800000, 0x000000008a900000|  0%| F|  |TAMS 0x000000008a800000, 0x000000008a800000| Untracked 
|   1|0x000000008a900000, 0x000000008a900000, 0x000000008aa00000|  0%| F|  |TAMS 0x000000008a900000, 0x000000008a900000| Untracked 
|   2|0x000000008aa00000, 0x000000008aa00000, 0x000000008ab00000|  0%| F|  |TAMS 0x000000008aa00000, 0x000000008aa00000| Untracked 
|   3|0x000000008ab00000, 0x000000008ab00000, 0x000000008ac00000|  0%| F|  |TAMS 0x000000008ab00000, 0x000000008ab00000| Untracked 
|   4|0x000000008ac00000, 0x000000008ac00000, 0x000000008ad00000|  0%| F|  |TAMS 0x000000008ac00000, 0x000000008ac00000| Untracked 
|   5|0x000000008ad00000, 0x000000008ad00000, 0x000000008ae00000|  0%| F|  |TAMS 0x000000008ad00000, 0x000000008ad00000| Untracked 
|   6|0x000000008ae00000, 0x000000008ae00000, 0x000000008af00000|  0%| F|  |TAMS 0x000000008ae00000, 0x000000008ae00000| Untracked 
|   7|0x000000008af00000, 0x000000008af00000, 0x000000008b000000|  0%| F|  |TAMS 0x000000008af00000, 0x000000008af00000| Untracked 
|   8|0x000000008b000000, 0x000000008b000000, 0x000000008b100000|  0%| F|  |TAMS 0x000000008b000000, 0x000000008b000000| Untracked 
|   9|0x000000008b100000, 0x000000008b100000, 0x000000008b200000|  0%| F|  |TAMS 0x000000008b100000, 0x000000008b100000| Untracked 
|  10|0x000000008b200000, 0x000000008b200000, 0x000000008b300000|  0%| F|  |TAMS 0x000000008b200000, 0x000000008b200000| Untracked 
|  11|0x000000008b300000, 0x000000008b300000, 0x000000008b400000|  0%| F|  |TAMS 0x000000008b300000, 0x000000008b300000| Untracked 
|  12|0x000000008b400000, 0x000000008b400000, 0x000000008b500000|  0%| F|  |TAMS 0x000000008b400000, 0x000000008b400000| Untracked 
|  13|0x000000008b500000, 0x000000008b500000, 0x000000008b600000|  0%| F|  |TAMS 0x000000008b500000, 0x000000008b500000| Untracked 
|  14|0x000000008b600000, 0x000000008b600000, 0x000000008b700000|  0%| F|  |TAMS 0x000000008b600000, 0x000000008b600000| Untracked 
|  15|0x000000008b700000, 0x000000008b700000, 0x000000008b800000|  0%| F|  |TAMS 0x000000008b700000, 0x000000008b700000| Untracked 
|  16|0x000000008b800000, 0x000000008b800000, 0x000000008b900000|  0%| F|  |TAMS 0x000000008b800000, 0x000000008b800000| Untracked 
|  17|0x000000008b900000, 0x000000008b900000, 0x000000008ba00000|  0%| F|  |TAMS 0x000000008b900000, 0x000000008b900000| Untracked 
|  18|0x000000008ba00000, 0x000000008ba00000, 0x000000008bb00000|  0%| F|  |TAMS 0x000000008ba00000, 0x000000008ba00000| Untracked 
|  19|0x000000008bb00000, 0x000000008bb00000, 0x000000008bc00000|  0%| F|  |TAMS 0x000000008bb00000, 0x000000008bb00000| Untracked 
|  20|0x000000008bc00000, 0x000000008bc00000, 0x000000008bd00000|  0%| F|  |TAMS 0x000000008bc00000, 0x000000008bc00000| Untracked 
|  21|0x000000008bd00000, 0x000000008bd00000, 0x000000008be00000|  0%| F|  |TAMS 0x000000008bd00000, 0x000000008bd00000| Untracked 
|  22|0x000000008be00000, 0x000000008be00000, 0x000000008bf00000|  0%| F|  |TAMS 0x000000008be00000, 0x000000008be00000| Untracked 
|  23|0x000000008bf00000, 0x000000008bf00000, 0x000000008c000000|  0%| F|  |TAMS 0x000000008bf00000, 0x000000008bf00000| Untracked 
|  24|0x000000008c000000, 0x000000008c000000, 0x000000008c100000|  0%| F|  |TAMS 0x000000008c000000, 0x000000008c000000| Untracked 
|  25|0x000000008c100000, 0x000000008c100000, 0x000000008c200000|  0%| F|  |TAMS 0x000000008c100000, 0x000000008c100000| Untracked 
|  26|0x000000008c200000, 0x000000008c200000, 0x000000008c300000|  0%| F|  |TAMS 0x000000008c200000, 0x000000008c200000| Untracked 
|  27|0x000000008c300000, 0x000000008c300000, 0x000000008c400000|  0%| F|  |TAMS 0x000000008c300000, 0x000000008c300000| Untracked 
|  28|0x000000008c400000, 0x000000008c400000, 0x000000008c500000|  0%| F|  |TAMS 0x000000008c400000, 0x000000008c400000| Untracked 
|  29|0x000000008c500000, 0x000000008c500000, 0x000000008c600000|  0%| F|  |TAMS 0x000000008c500000, 0x000000008c500000| Untracked 
|  30|0x000000008c600000, 0x000000008c600000, 0x000000008c700000|  0%| F|  |TAMS 0x000000008c600000, 0x000000008c600000| Untracked 
|  31|0x000000008c700000, 0x000000008c700000, 0x000000008c800000|  0%| F|  |TAMS 0x000000008c700000, 0x000000008c700000| Untracked 
|  32|0x000000008c800000, 0x000000008c800000, 0x000000008c900000|  0%| F|  |TAMS 0x000000008c800000, 0x000000008c800000| Untracked 
|  33|0x000000008c900000, 0x000000008c900000, 0x000000008ca00000|  0%| F|  |TAMS 0x000000008c900000, 0x000000008c900000| Untracked 
|  34|0x000000008ca00000, 0x000000008ca00000, 0x000000008cb00000|  0%| F|  |TAMS 0x000000008ca00000, 0x000000008ca00000| Untracked 
|  35|0x000000008cb00000, 0x000000008cb00000, 0x000000008cc00000|  0%| F|  |TAMS 0x000000008cb00000, 0x000000008cb00000| Untracked 
|  36|0x000000008cc00000, 0x000000008cc00000, 0x000000008cd00000|  0%| F|  |TAMS 0x000000008cc00000, 0x000000008cc00000| Untracked 
|  37|0x000000008cd00000, 0x000000008cd00000, 0x000000008ce00000|  0%| F|  |TAMS 0x000000008cd00000, 0x000000008cd00000| Untracked 
|  38|0x000000008ce00000, 0x000000008ce00000, 0x000000008cf00000|  0%| F|  |TAMS 0x000000008ce00000, 0x000000008ce00000| Untracked 
|  39|0x000000008cf00000, 0x000000008cf00000, 0x000000008d000000|  0%| F|  |TAMS 0x000000008cf00000, 0x000000008cf00000| Untracked 
|  40|0x000000008d000000, 0x000000008d000000, 0x000000008d100000|  0%| F|  |TAMS 0x000000008d000000, 0x000000008d000000| Untracked 
|  41|0x000000008d100000, 0x000000008d100000, 0x000000008d200000|  0%| F|  |TAMS 0x000000008d100000, 0x000000008d100000| Untracked 
|  42|0x000000008d200000, 0x000000008d200000, 0x000000008d300000|  0%| F|  |TAMS 0x000000008d200000, 0x000000008d200000| Untracked 
|  43|0x000000008d300000, 0x000000008d300000, 0x000000008d400000|  0%| F|  |TAMS 0x000000008d300000, 0x000000008d300000| Untracked 
|  44|0x000000008d400000, 0x000000008d400000, 0x000000008d500000|  0%| F|  |TAMS 0x000000008d400000, 0x000000008d400000| Untracked 
|  45|0x000000008d500000, 0x000000008d500000, 0x000000008d600000|  0%| F|  |TAMS 0x000000008d500000, 0x000000008d500000| Untracked 
|  46|0x000000008d600000, 0x000000008d600000, 0x000000008d700000|  0%| F|  |TAMS 0x000000008d600000, 0x000000008d600000| Untracked 
|  47|0x000000008d700000, 0x000000008d700000, 0x000000008d800000|  0%| F|  |TAMS 0x000000008d700000, 0x000000008d700000| Untracked 
|  48|0x000000008d800000, 0x000000008d800000, 0x000000008d900000|  0%| F|  |TAMS 0x000000008d800000, 0x000000008d800000| Untracked 
|  49|0x000000008d900000, 0x000000008d900000, 0x000000008da00000|  0%| F|  |TAMS 0x000000008d900000, 0x000000008d900000| Untracked 
|  50|0x000000008da00000, 0x000000008da00000, 0x000000008db00000|  0%| F|  |TAMS 0x000000008da00000, 0x000000008da00000| Untracked 
|  51|0x000000008db00000, 0x000000008db00000, 0x000000008dc00000|  0%| F|  |TAMS 0x000000008db00000, 0x000000008db00000| Untracked 
|  52|0x000000008dc00000, 0x000000008dc00000, 0x000000008dd00000|  0%| F|  |TAMS 0x000000008dc00000, 0x000000008dc00000| Untracked 
|  53|0x000000008dd00000, 0x000000008dd00000, 0x000000008de00000|  0%| F|  |TAMS 0x000000008dd00000, 0x000000008dd00000| Untracked 
|  54|0x000000008de00000, 0x000000008de00000, 0x000000008df00000|  0%| F|  |TAMS 0x000000008de00000, 0x000000008de00000| Untracked 
|  55|0x000000008df00000, 0x000000008df00000, 0x000000008e000000|  0%| F|  |TAMS 0x000000008df00000, 0x000000008df00000| Untracked 
|  56|0x000000008e000000, 0x000000008e000000, 0x000000008e100000|  0%| F|  |TAMS 0x000000008e000000, 0x000000008e000000| Untracked 
|  57|0x000000008e100000, 0x000000008e100000, 0x000000008e200000|  0%| F|  |TAMS 0x000000008e100000, 0x000000008e100000| Untracked 
|  58|0x000000008e200000, 0x000000008e200000, 0x000000008e300000|  0%| F|  |TAMS 0x000000008e200000, 0x000000008e200000| Untracked 
|  59|0x000000008e300000, 0x000000008e300000, 0x000000008e400000|  0%| F|  |TAMS 0x000000008e300000, 0x000000008e300000| Untracked 
|  60|0x000000008e400000, 0x000000008e400000, 0x000000008e500000|  0%| F|  |TAMS 0x000000008e400000, 0x000000008e400000| Untracked 
|  61|0x000000008e500000, 0x000000008e500000, 0x000000008e600000|  0%| F|  |TAMS 0x000000008e500000, 0x000000008e500000| Untracked 
|  62|0x000000008e600000, 0x000000008e600000, 0x000000008e700000|  0%| F|  |TAMS 0x000000008e600000, 0x000000008e600000| Untracked 
|  63|0x000000008e700000, 0x000000008e700000, 0x000000008e800000|  0%| F|  |TAMS 0x000000008e700000, 0x000000008e700000| Untracked 
|  64|0x000000008e800000, 0x000000008e800000, 0x000000008e900000|  0%| F|  |TAMS 0x000000008e800000, 0x000000008e800000| Untracked 
|  65|0x000000008e900000, 0x000000008e900000, 0x000000008ea00000|  0%| F|  |TAMS 0x000000008e900000, 0x000000008e900000| Untracked 
|  66|0x000000008ea00000, 0x000000008ea00000, 0x000000008eb00000|  0%| F|  |TAMS 0x000000008ea00000, 0x000000008ea00000| Untracked 
|  67|0x000000008eb00000, 0x000000008eb00000, 0x000000008ec00000|  0%| F|  |TAMS 0x000000008eb00000, 0x000000008eb00000| Untracked 
|  68|0x000000008ec00000, 0x000000008ec00000, 0x000000008ed00000|  0%| F|  |TAMS 0x000000008ec00000, 0x000000008ec00000| Untracked 
|  69|0x000000008ed00000, 0x000000008ed00000, 0x000000008ee00000|  0%| F|  |TAMS 0x000000008ed00000, 0x000000008ed00000| Untracked 
|  70|0x000000008ee00000, 0x000000008ee00000, 0x000000008ef00000|  0%| F|  |TAMS 0x000000008ee00000, 0x000000008ee00000| Untracked 
|  71|0x000000008ef00000, 0x000000008ef00000, 0x000000008f000000|  0%| F|  |TAMS 0x000000008ef00000, 0x000000008ef00000| Untracked 
|  72|0x000000008f000000, 0x000000008f000000, 0x000000008f100000|  0%| F|  |TAMS 0x000000008f000000, 0x000000008f000000| Untracked 
|  73|0x000000008f100000, 0x000000008f100000, 0x000000008f200000|  0%| F|  |TAMS 0x000000008f100000, 0x000000008f100000| Untracked 
|  74|0x000000008f200000, 0x000000008f200000, 0x000000008f300000|  0%| F|  |TAMS 0x000000008f200000, 0x000000008f200000| Untracked 
|  75|0x000000008f300000, 0x000000008f300000, 0x000000008f400000|  0%| F|  |TAMS 0x000000008f300000, 0x000000008f300000| Untracked 
|  76|0x000000008f400000, 0x000000008f400000, 0x000000008f500000|  0%| F|  |TAMS 0x000000008f400000, 0x000000008f400000| Untracked 
|  77|0x000000008f500000, 0x000000008f500000, 0x000000008f600000|  0%| F|  |TAMS 0x000000008f500000, 0x000000008f500000| Untracked 
|  78|0x000000008f600000, 0x000000008f600000, 0x000000008f700000|  0%| F|  |TAMS 0x000000008f600000, 0x000000008f600000| Untracked 
|  79|0x000000008f700000, 0x000000008f700000, 0x000000008f800000|  0%| F|  |TAMS 0x000000008f700000, 0x000000008f700000| Untracked 
|  80|0x000000008f800000, 0x000000008f800000, 0x000000008f900000|  0%| F|  |TAMS 0x000000008f800000, 0x000000008f800000| Untracked 
|  81|0x000000008f900000, 0x000000008f900000, 0x000000008fa00000|  0%| F|  |TAMS 0x000000008f900000, 0x000000008f900000| Untracked 
|  82|0x000000008fa00000, 0x000000008fa00000, 0x000000008fb00000|  0%| F|  |TAMS 0x000000008fa00000, 0x000000008fa00000| Untracked 
|  83|0x000000008fb00000, 0x000000008fb00000, 0x000000008fc00000|  0%| F|  |TAMS 0x000000008fb00000, 0x000000008fb00000| Untracked 
|  84|0x000000008fc00000, 0x000000008fc00000, 0x000000008fd00000|  0%| F|  |TAMS 0x000000008fc00000, 0x000000008fc00000| Untracked 
|  85|0x000000008fd00000, 0x000000008fd00000, 0x000000008fe00000|  0%| F|  |TAMS 0x000000008fd00000, 0x000000008fd00000| Untracked 
|  86|0x000000008fe00000, 0x000000008fe00000, 0x000000008ff00000|  0%| F|  |TAMS 0x000000008fe00000, 0x000000008fe00000| Untracked 
|  87|0x000000008ff00000, 0x000000008ff00000, 0x0000000090000000|  0%| F|  |TAMS 0x000000008ff00000, 0x000000008ff00000| Untracked 
|  88|0x0000000090000000, 0x0000000090000000, 0x0000000090100000|  0%| F|  |TAMS 0x0000000090000000, 0x0000000090000000| Untracked 
|  89|0x0000000090100000, 0x0000000090100000, 0x0000000090200000|  0%| F|  |TAMS 0x0000000090100000, 0x0000000090100000| Untracked 
|  90|0x0000000090200000, 0x0000000090200000, 0x0000000090300000|  0%| F|  |TAMS 0x0000000090200000, 0x0000000090200000| Untracked 
|  91|0x0000000090300000, 0x0000000090300000, 0x0000000090400000|  0%| F|  |TAMS 0x0000000090300000, 0x0000000090300000| Untracked 
|  92|0x0000000090400000, 0x0000000090400000, 0x0000000090500000|  0%| F|  |TAMS 0x0000000090400000, 0x0000000090400000| Untracked 
|  93|0x0000000090500000, 0x0000000090500000, 0x0000000090600000|  0%| F|  |TAMS 0x0000000090500000, 0x0000000090500000| Untracked 
|  94|0x0000000090600000, 0x0000000090600000, 0x0000000090700000|  0%| F|  |TAMS 0x0000000090600000, 0x0000000090600000| Untracked 
|  95|0x0000000090700000, 0x0000000090700000, 0x0000000090800000|  0%| F|  |TAMS 0x0000000090700000, 0x0000000090700000| Untracked 
|  96|0x0000000090800000, 0x0000000090800000, 0x0000000090900000|  0%| F|  |TAMS 0x0000000090800000, 0x0000000090800000| Untracked 
|  97|0x0000000090900000, 0x0000000090900000, 0x0000000090a00000|  0%| F|  |TAMS 0x0000000090900000, 0x0000000090900000| Untracked 
|  98|0x0000000090a00000, 0x0000000090a00000, 0x0000000090b00000|  0%| F|  |TAMS 0x0000000090a00000, 0x0000000090a00000| Untracked 
|  99|0x0000000090b00000, 0x0000000090b00000, 0x0000000090c00000|  0%| F|  |TAMS 0x0000000090b00000, 0x0000000090b00000| Untracked 
| 100|0x0000000090c00000, 0x0000000090c00000, 0x0000000090d00000|  0%| F|  |TAMS 0x0000000090c00000, 0x0000000090c00000| Untracked 
| 101|0x0000000090d00000, 0x0000000090d00000, 0x0000000090e00000|  0%| F|  |TAMS 0x0000000090d00000, 0x0000000090d00000| Untracked 
| 102|0x0000000090e00000, 0x0000000090e00000, 0x0000000090f00000|  0%| F|  |TAMS 0x0000000090e00000, 0x0000000090e00000| Untracked 
| 103|0x0000000090f00000, 0x0000000090f00000, 0x0000000091000000|  0%| F|  |TAMS 0x0000000090f00000, 0x0000000090f00000| Untracked 
| 104|0x0000000091000000, 0x0000000091000000, 0x0000000091100000|  0%| F|  |TAMS 0x0000000091000000, 0x0000000091000000| Untracked 
| 105|0x0000000091100000, 0x0000000091100000, 0x0000000091200000|  0%| F|  |TAMS 0x0000000091100000, 0x0000000091100000| Untracked 
| 106|0x0000000091200000, 0x0000000091200000, 0x0000000091300000|  0%| F|  |TAMS 0x0000000091200000, 0x0000000091200000| Untracked 
| 107|0x0000000091300000, 0x0000000091300000, 0x0000000091400000|  0%| F|  |TAMS 0x0000000091300000, 0x0000000091300000| Untracked 
| 108|0x0000000091400000, 0x0000000091400000, 0x0000000091500000|  0%| F|  |TAMS 0x0000000091400000, 0x0000000091400000| Untracked 
| 109|0x0000000091500000, 0x0000000091500000, 0x0000000091600000|  0%| F|  |TAMS 0x0000000091500000, 0x0000000091500000| Untracked 
| 110|0x0000000091600000, 0x0000000091600000, 0x0000000091700000|  0%| F|  |TAMS 0x0000000091600000, 0x0000000091600000| Untracked 
| 111|0x0000000091700000, 0x0000000091700000, 0x0000000091800000|  0%| F|  |TAMS 0x0000000091700000, 0x0000000091700000| Untracked 
| 112|0x0000000091800000, 0x0000000091800000, 0x0000000091900000|  0%| F|  |TAMS 0x0000000091800000, 0x0000000091800000| Untracked 
| 113|0x0000000091900000, 0x0000000091900000, 0x0000000091a00000|  0%| F|  |TAMS 0x0000000091900000, 0x0000000091900000| Untracked 
| 114|0x0000000091a00000, 0x0000000091a00000, 0x0000000091b00000|  0%| F|  |TAMS 0x0000000091a00000, 0x0000000091a00000| Untracked 
| 115|0x0000000091b00000, 0x0000000091b00000, 0x0000000091c00000|  0%| F|  |TAMS 0x0000000091b00000, 0x0000000091b00000| Untracked 
| 116|0x0000000091c00000, 0x0000000091c00000, 0x0000000091d00000|  0%| F|  |TAMS 0x0000000091c00000, 0x0000000091c00000| Untracked 
| 117|0x0000000091d00000, 0x0000000091deb988, 0x0000000091e00000| 92%| E|  |TAMS 0x0000000091d00000, 0x0000000091d00000| Complete 

Card table byte_map: [0x000001b97b930000,0x000001b97bce0000] _byte_map_base: 0x000001b97b4dc000

Marking Bits (Prev, Next): (CMBitMap*) 0x000001b97182a670, (CMBitMap*) 0x000001b97182a6b0
 Prev Bits: [0x000001b97c090000, 0x000001b97ddf0000)
 Next Bits: [0x000001b97ddf0000, 0x000001b97fb50000)

Polling page: 0x000001b9715a0000

Metaspace:

Usage:
  Non-class:      3.11 MB used.
      Class:    255.95 KB used.
       Both:      3.36 MB used.

Virtual space:
  Non-class space:       64.00 MB reserved,       3.12 MB (  5%) committed,  1 nodes.
      Class space:        1.00 GB reserved,     256.00 KB ( <1%) committed,  1 nodes.
             Both:        1.06 GB reserved,       3.38 MB ( <1%) committed. 

Chunk freelists:
   Non-Class:  0 bytes
       Class:  3.75 MB
        Both:  3.75 MB

MaxMetaspaceSize: unlimited
CompressedClassSpaceSize: 1.00 GB
Initial GC threshold: 21.00 MB
Current GC threshold: 21.00 MB
CDS: off
MetaspaceReclaimPolicy: balanced
 - commit_granule_bytes: 65536.
 - commit_granule_words: 8192.
 - virtual_space_node_default_size: 8388608.
 - enlarge_chunks_in_place: 1.
 - new_chunks_are_fully_committed: 0.
 - uncommit_free_chunks: 1.
 - use_allocation_guard: 0.


Internal statistics:

num_allocs_failed_limit: 0.
num_arena_births: 2.
num_arena_deaths: 0.
num_vsnodes_births: 2.
num_vsnodes_deaths: 0.
num_space_committed: 54.
num_space_uncommitted: 0.
num_chunks_returned_to_freelist: 0.
num_chunks_taken_from_freelist: 3.
num_chunk_merges: 0.
num_chunk_splits: 1.
num_chunks_enlarged: 0.
num_inconsistent_stats: 0.

CodeHeap 'non-profiled nmethods': size=120000Kb used=1Kb max_used=1Kb free=119998Kb
 bounds [0x000001b907ad0000, 0x000001b907d40000, 0x000001b90f000000]
CodeHeap 'profiled nmethods': size=120000Kb used=29Kb max_used=29Kb free=119970Kb
 bounds [0x000001b9005a0000, 0x000001b900810000, 0x000001b907ad0000]
CodeHeap 'non-nmethods': size=5760Kb used=1043Kb max_used=1056Kb free=4716Kb
 bounds [0x000001b900000000, 0x000001b900270000, 0x000001b9005a0000]
 total_blobs=309 nmethods=22 adapters=200
 compilation: enabled
              stopped_count=0, restarted_count=0
 full_count=0

Compilation events (20 events):
Event: 0.127 Thread 0x000001b915c0dd10   11       3       java.util.Objects::equals (23 bytes)
Event: 0.127 Thread 0x000001b915c0dd10 nmethod 11 0x000001b9005a3a10 code [0x000001b9005a3bc0, 0x000001b9005a3e28]
Event: 0.127 Thread 0x000001b915c0dd10   12       3       java.util.Set::of (4 bytes)
Event: 0.127 Thread 0x000001b915c0dd10 nmethod 12 0x000001b9005a3f10 code [0x000001b9005a40a0, 0x000001b9005a4198]
Event: 0.127 Thread 0x000001b915c0dd10   14       3       java.lang.module.ModuleDescriptor::modsHashCode (46 bytes)
Event: 0.128 Thread 0x000001b915c0d420   16       4       java.lang.StringLatin1::hashCode (42 bytes)
Event: 0.128 Thread 0x000001b915c0dd10 nmethod 14 0x000001b9005a4210 code [0x000001b9005a4400, 0x000001b9005a49f8]
Event: 0.128 Thread 0x000001b915c0dd10   13       3       java.lang.module.ModuleDescriptor$Exports::<init> (20 bytes)
Event: 0.128 Thread 0x000001b915c0dd10 nmethod 13 0x000001b9005a4c10 code [0x000001b9005a4dc0, 0x000001b9005a5038]
Event: 0.129 Thread 0x000001b915c0dd10   15       3       java.lang.module.ModuleDescriptor$Exports::hashCode (36 bytes)
Event: 0.129 Thread 0x000001b915c0dd10 nmethod 15 0x000001b9005a5110 code [0x000001b9005a52e0, 0x000001b9005a5548]
Event: 0.129 Thread 0x000001b915c0dd10   18       3       java.util.AbstractCollection::<init> (5 bytes)
Event: 0.129 Thread 0x000001b915c0dd10 nmethod 18 0x000001b9005a5690 code [0x000001b9005a5820, 0x000001b9005a5978]
Event: 0.129 Thread 0x000001b915c0dd10   20       3       java.util.Objects::requireNonNull (14 bytes)
Event: 0.129 Thread 0x000001b915c0dd10 nmethod 20 0x000001b9005a5a10 code [0x000001b9005a5bc0, 0x000001b9005a5da8]
Event: 0.129 Thread 0x000001b915c0dd10   19       3       java.util.ImmutableCollections$AbstractImmutableCollection::<init> (5 bytes)
Event: 0.129 Thread 0x000001b915c0dd10 nmethod 19 0x000001b9005a5e90 code [0x000001b9005a6040, 0x000001b9005a61f8]
Event: 0.129 Thread 0x000001b915c0dd10   21       3       java.util.ImmutableCollections$AbstractImmutableSet::<init> (5 bytes)
Event: 0.129 Thread 0x000001b915c0dd10 nmethod 21 0x000001b9005a6310 code [0x000001b9005a64c0, 0x000001b9005a66f8]
Event: 0.130 Thread 0x000001b915c0dd10   22       3       java.util.Set::of (68 bytes)

GC Heap History (0 events):
No events

Deoptimization events (0 events):
No events

Classes loaded (20 events):
Event: 0.123 Loading class jdk/internal/module/Builder done
Event: 0.123 Loading class java/lang/module/ModuleDescriptor$Requires
Event: 0.123 Loading class java/lang/module/ModuleDescriptor$Requires done
Event: 0.123 Loading class java/lang/module/ModuleDescriptor$Exports
Event: 0.123 Loading class java/lang/module/ModuleDescriptor$Exports done
Event: 0.124 Loading class java/util/ImmutableCollections$SetN$SetNIterator
Event: 0.124 Loading class java/util/ImmutableCollections$SetN$SetNIterator done
Event: 0.124 Loading class java/lang/module/ModuleDescriptor$Opens
Event: 0.124 Loading class java/lang/module/ModuleDescriptor$Opens done
Event: 0.125 Loading class java/lang/module/ModuleDescriptor$Provides
Event: 0.125 Loading class java/lang/module/ModuleDescriptor$Provides done
Event: 0.125 Loading class java/lang/module/ModuleDescriptor$Version
Event: 0.125 Loading class java/lang/module/ModuleDescriptor$Version done
Event: 0.125 Loading class java/lang/module/ModuleDescriptor$Modifier
Event: 0.125 Loading class java/lang/module/ModuleDescriptor$Modifier done
Event: 0.125 Loading class java/lang/module/ModuleDescriptor$Requires$Modifier
Event: 0.125 Loading class java/lang/module/ModuleDescriptor$Requires$Modifier done
Event: 0.126 Loading class java/util/ImmutableCollections$Set12$1
Event: 0.126 Loading class java/util/ImmutableCollections$Set12$1 done
Event: 0.130 Loading class jdk/internal/module/ModuleTarget

Classes unloaded (0 events):
No events

Classes redefined (0 events):
No events

Internal exceptions (0 events):
No events

VM Operations (0 events):
No events

Events (12 events):
Event: 0.011 Loaded shared library C:\Program Files\Java\jdk-18\bin\java.dll
Event: 0.053 Loaded shared library C:\Program Files\Java\jdk-18\bin\jsvml.dll
Event: 0.054 Thread 0x000001b9717cdc00 Thread added: 0x000001b9717cdc00
Event: 0.064 Thread 0x000001b911934150 Thread added: 0x000001b911934150
Event: 0.065 Thread 0x000001b911935f00 Thread added: 0x000001b911935f00
Event: 0.098 Thread 0x000001b911955f50 Thread added: 0x000001b911955f50
Event: 0.099 Thread 0x000001b911957900 Thread added: 0x000001b911957900
Event: 0.099 Thread 0x000001b91195a2b0 Thread added: 0x000001b91195a2b0
Event: 0.099 Thread 0x000001b915c08090 Thread added: 0x000001b915c08090
Event: 0.099 Thread 0x000001b915c0d420 Thread added: 0x000001b915c0d420
Event: 0.099 Thread 0x000001b915c0dd10 Thread added: 0x000001b915c0dd10
Event: 0.100 Thread 0x000001b915c10610 Thread added: 0x000001b915c10610


Dynamic libraries:
0x00007ff6ed480000 - 0x00007ff6ed490000 	C:\Program Files\Java\jdk-18\bin\java.exe
0x00007ffead7b0000 - 0x00007ffead9a5000 	C:\Windows\SYSTEM32\ntdll.dll
0x00007ffeac000000 - 0x00007ffeac0be000 	C:\Windows\System32\KERNEL32.DLL
0x00007ffeab1c0000 - 0x00007ffeab488000 	C:\Windows\System32\KERNELBASE.dll
0x00007ffeab5d0000 - 0x00007ffeab6d0000 	C:\Windows\System32\ucrtbase.dll
0x00007ffe99030000 - 0x00007ffe9904a000 	C:\Program Files\Java\jdk-18\bin\VCRUNTIME140.dll
0x00007ffea34e0000 - 0x00007ffea34f8000 	C:\Program Files\Java\jdk-18\bin\jli.dll
0x00007ffeac4b0000 - 0x00007ffeac55e000 	C:\Windows\System32\ADVAPI32.dll
0x00007ffead1a0000 - 0x00007ffead23e000 	C:\Windows\System32\msvcrt.dll
0x00007ffeac410000 - 0x00007ffeac4ac000 	C:\Windows\System32\sechost.dll
0x00007ffeac120000 - 0x00007ffeac245000 	C:\Windows\System32\RPCRT4.dll
0x00007ffeabbe0000 - 0x00007ffeabd80000 	C:\Windows\System32\USER32.dll
0x00007ffeab490000 - 0x00007ffeab4b2000 	C:\Windows\System32\win32u.dll
0x00007ffe965e0000 - 0x00007ffe9687a000 	C:\Windows\WinSxS\amd64_microsoft.windows.common-controls_6595b64144ccf1df_6.0.19041.1110_none_60b5254171f9507e\COMCTL32.dll
0x00007ffead6c0000 - 0x00007ffead6ea000 	C:\Windows\System32\GDI32.dll
0x00007ffeab4c0000 - 0x00007ffeab5cb000 	C:\Windows\System32\gdi32full.dll
0x00007ffeab120000 - 0x00007ffeab1bd000 	C:\Windows\System32\msvcp_win.dll
0x00007ffea2d70000 - 0x00007ffea2d7a000 	C:\Windows\SYSTEM32\VERSION.dll
0x00007ffeac310000 - 0x00007ffeac340000 	C:\Windows\System32\IMM32.DLL
0x00007ffe99c70000 - 0x00007ffe99c7c000 	C:\Program Files\Java\jdk-18\bin\vcruntime140_1.dll
0x00007ffe83990000 - 0x00007ffe83a1d000 	C:\Program Files\Java\jdk-18\bin\msvcp140.dll
0x00007ffe3c5c0000 - 0x00007ffe3d1d1000 	C:\Program Files\Java\jdk-18\bin\server\jvm.dll
0x00007ffeac250000 - 0x00007ffeac258000 	C:\Windows\System32\PSAPI.DLL
0x00007ffea0000000 - 0x00007ffea0027000 	C:\Windows\SYSTEM32\WINMM.dll
0x00007ffe933e0000 - 0x00007ffe933e9000 	C:\Windows\SYSTEM32\WSOCK32.dll
0x00007ffeac3a0000 - 0x00007ffeac40b000 	C:\Windows\System32\WS2_32.dll
0x00007ffea9780000 - 0x00007ffea9792000 	C:\Windows\SYSTEM32\kernel.appcore.dll
0x00007ffe99020000 - 0x00007ffe9902a000 	C:\Program Files\Java\jdk-18\bin\jimage.dll
0x00007ffea8dd0000 - 0x00007ffea8fb4000 	C:\Windows\SYSTEM32\DBGHELP.DLL
0x00007ffe95af0000 - 0x00007ffe95b1c000 	C:\Windows\SYSTEM32\dbgcore.DLL
0x00007ffeab780000 - 0x00007ffeab802000 	C:\Windows\System32\bcryptPrimitives.dll
0x00007ffe90720000 - 0x00007ffe90745000 	C:\Program Files\Java\jdk-18\bin\java.dll
0x00007ffe7ee90000 - 0x00007ffe7ef66000 	C:\Program Files\Java\jdk-18\bin\jsvml.dll
0x00007ffeac710000 - 0x00007ffeace54000 	C:\Windows\System32\SHELL32.dll
0x00007ffea8fc0000 - 0x00007ffea9754000 	C:\Windows\SYSTEM32\windows.storage.dll
0x00007ffeab810000 - 0x00007ffeabb64000 	C:\Windows\System32\combase.dll
0x00007ffeaa8d0000 - 0x00007ffeaa8fc000 	C:\Windows\SYSTEM32\Wldp.dll
0x00007ffeac260000 - 0x00007ffeac30d000 	C:\Windows\System32\SHCORE.dll
0x00007ffeac340000 - 0x00007ffeac395000 	C:\Windows\System32\shlwapi.dll
0x00007ffeaae10000 - 0x00007ffeaae2f000 	C:\Windows\SYSTEM32\profapi.dll

dbghelp: loaded successfully - version: 4.0.5 - missing functions: none
symbol engine: initialized successfully - sym options: 0x614 - pdb path: .;C:\Program Files\Java\jdk-18\bin;C:\Windows\SYSTEM32;C:\Windows\WinSxS\amd64_microsoft.windows.common-controls_6595b64144ccf1df_6.0.19041.1110_none_60b5254171f9507e;C:\Program Files\Java\jdk-18\bin\server

VM Arguments:
jvm_args: -Dfile.encoding=UTF-8 --module-path=C:\Users\ashwani yadav\Documents\NetBeansProjects\Hotel Management System\build\classes 
java_command: hotel.management.system.AddCustomer
java_class_path (initial): C:\Users\ashwani yadav\Downloads\mysql-connector-java-8.0.28.jar;C:\Users\ashwani yadav\Documents\NetBeansProjects\Hotel Management System\build\classes
Launcher Type: SUN_STANDARD

[Global flags]
     intx CICompilerCount                          = 4                                         {product} {ergonomic}
     uint ConcGCThreads                            = 3                                         {product} {ergonomic}
     uint G1ConcRefinementThreads                  = 10                                        {product} {ergonomic}
   size_t G1HeapRegionSize                         = 1048576                                   {product} {ergonomic}
    uintx GCDrainStackTargetSize                   = 64                                        {product} {ergonomic}
   size_t InitialHeapSize                          = 123731968                                 {product} {ergonomic}
   size_t MarkStackSize                            = 4194304                                   {product} {ergonomic}
   size_t MaxHeapSize                              = 1971322880                                {product} {ergonomic}
   size_t MaxNewSize                               = 1182793728                                {product} {ergonomic}
   size_t MinHeapDeltaBytes                        = 1048576                                   {product} {ergonomic}
   size_t MinHeapSize                              = 8388608                                   {product} {ergonomic}
    uintx NonNMethodCodeHeapSize                   = 5839372                                {pd product} {ergonomic}
    uintx NonProfiledCodeHeapSize                  = 122909434                              {pd product} {ergonomic}
    uintx ProfiledCodeHeapSize                     = 122909434                              {pd product} {ergonomic}
    uintx ReservedCodeCacheSize                    = 251658240                              {pd product} {ergonomic}
     bool SegmentedCodeCache                       = true                                      {product} {ergonomic}
   size_t SoftMaxHeapSize                          = 1971322880                             {manageable} {ergonomic}
     bool UseCompressedClassPointers               = true                           {product lp64_product} {ergonomic}
     bool UseCompressedOops                        = true                           {product lp64_product} {ergonomic}
     bool UseG1GC                                  = true                                      {product} {ergonomic}
     bool UseLargePagesIndividualAllocation        = false                                  {pd product} {ergonomic}

Logging:
Log output configuration:
 #0: stdout all=warning uptime,level,tags foldmultilines=false
 #1: stderr all=off uptime,level,tags foldmultilines=false

Environment Variables:
JAVA_HOME=C:\Program Files\Java\jdk-18
PATH=C:\Program Files\Java\jdk-18\bin;C:\Program Files\Java\jdk-18\bin;C:\Python310\Scripts\;C:\Python310\;C:\Windows\system32;C:\Windows;C:\Windows\System32\Wbem;C:\Program Files\apache-maven-3.8.5-bin\apache-maven-3.8.5\bin;C:\Windows\System32\WindowsPowerShell\v1.0\;C:\Windows\System32\OpenSSH\;C:\Program Files\NVIDIA Corporation\NVIDIA NvDLISR;C:\Program Files\nodejs\;C:\ProgramData\chocolatey\bin;C:\Program Files\apache-maven-3.8.5-bin\apache-maven-3.8.5\bin;C:\Program Files\MySQL\MySQL Shell 8.0\bin\;C:\Users\ashwani yadav\AppData\Local\Microsoft\WindowsApps;C:\Users\ashwani yadav\AppData\Local\Programs\Microsoft VS Code\bin;C:\Users\ashwani yadav\AppData\Roaming\npm;C:\Program Files\MongoDB\Server\5.0\bin;C:\Program Files\PostgreSQL\14\bin;C:\Program Files\PostgreSQL\14\lib;
USERNAME=ashwani yadav
OS=Windows_NT
PROCESSOR_IDENTIFIER=AMD64 Family 23 Model 104 Stepping 1, AuthenticAMD



---------------  S Y S T E M  ---------------

OS:
 Windows 10 , 64 bit Build 19041 (10.0.19041.1645)
OS uptime: 0 days 11:03 hours

CPU: total 12 (initial active 12) (12 cores per cpu, 2 threads per core) family 23 model 104 stepping 1 microcode 0x0, cx8, cmov, fxsr, ht, mmx, 3dnowpref, sse, sse2, sse3, ssse3, sse4a, sse4.1, sse4.2, popcnt, lzcnt, tsc, tscinvbit, avx, avx2, aes, clmul, bmi1, bmi2, adx, sha, fma, vzeroupper, clflush, clflushopt

Memory: 4k page, system-wide physical 7514M (1285M free)
TotalPageFile size 31066M (AvailPageFile size 4M)
current process WorkingSet (physical memory assigned to process): 24M, peak: 24M
current process commit charge ("private bytes"): 194M, peak: 194M

vm_info: Java HotSpot(TM) 64-Bit Server VM (18+36-2087) for windows-amd64 JRE (18+36-2087), built on Feb 15 2022 09:43:11 by "mach5one" with MS VC++ 16.8 / 16.9 (VS2019)

END.
