#
# There is insufficient memory for the Java Runtime Environment to continue.
# Native memory allocation (mmap) failed to map 123731968 bytes for G1 virtual space
# Possible reasons:
#   The system is out of physical RAM or swap space
#   The process is running with CompressedOops enabled, and the Java Heap may be blocking the growth of the native heap
# Possible solutions:
#   Reduce memory load on the system
#   Increase physical memory or swap space
#   Check if swap backing store is full
#   Decrease Java heap size (-Xmx/-Xms)
#   Decrease number of Java threads
#   Decrease Java thread stack sizes (-Xss)
#   Set larger code cache with -XX:ReservedCodeCacheSize=
#   JVM is running with Unscaled Compressed Oops mode in which the Java heap is
#     placed in the first 4GB address space. The Java Heap base address is the
#     maximum limit for the native heap growth. Please use -XX:HeapBaseMinAddress
#     to set the Java Heap base and to place the Java Heap above 4GB virtual address.
# This output file may be truncated or incomplete.
#
#  Out of Memory Error (os_windows.cpp:3530), pid=3180, tid=23980
#
# JRE version:  (18.0+36) (build )
# Java VM: Java HotSpot(TM) 64-Bit Server VM (18+36-2087, mixed mode, sharing, tiered, compressed oops, compressed class ptrs, g1 gc, windows-amd64)
# No core dump will be written. Minidumps are not enabled by default on client versions of Windows
#

---------------  S U M M A R Y ------------

Command Line: -Dfile.encoding=UTF-8 --module-path=C:\Users\ashwani yadav\Documents\NetBeansProjects\Hotel Management System\build\classes hotel.management.system.AddCustomer

Host: AMD Ryzen 5 5500U with Radeon Graphics         , 12 cores, 7G,  Windows 10 , 64 bit Build 19041 (10.0.19041.1645)
Time: Tue Apr 26 05:19:59 2022 India Standard Time elapsed time: 0.029321 seconds (0d 0h 0m 0s)

---------------  T H R E A D  ---------------

Current thread (0x00000260e18ccbe0):  JavaThread "Unknown thread" [_thread_in_vm, id=23980, stack(0x0000007dfea00000,0x0000007dfeb00000)]

Stack: [0x0000007dfea00000,0x0000007dfeb00000]
Native frames: (J=compiled Java code, j=interpreted, Vv=VM code, C=native code)
V  [jvm.dll+0x69804a]
V  [jvm.dll+0x7f308d]
V  [jvm.dll+0x7f499e]
V  [jvm.dll+0x7f5053]
V  [jvm.dll+0x25ca3f]
V  [jvm.dll+0x694f99]
V  [jvm.dll+0x689aca]
V  [jvm.dll+0x321efb]
V  [jvm.dll+0x3298d6]
V  [jvm.dll+0x37e47e]
V  [jvm.dll+0x37e6af]
V  [jvm.dll+0x2f9c7a]
V  [jvm.dll+0x2facdd]
V  [jvm.dll+0x7c1cc0]
V  [jvm.dll+0x38b801]
V  [jvm.dll+0x7a09d3]
V  [jvm.dll+0x40d6bf]
V  [jvm.dll+0x40f091]
C  [jli.dll+0x526b]
C  [ucrtbase.dll+0x21bb2]
C  [KERNEL32.DLL+0x17034]
C  [ntdll.dll+0x52651]


---------------  P R O C E S S  ---------------

Threads class SMR info:
_java_thread_list=0x00007ffe3d09e550, length=0, elements={
}

Java Threads: ( => current thread )

Other Threads:
  0x00000260e1928270 WorkerThread "GC Thread#0" [stack: 0x0000007dfeb00000,0x0000007dfec00000] [id=25044]
  0x00000260e1938cb0 ConcurrentGCThread "G1 Main Marker" [stack: 0x0000007dfec00000,0x0000007dfed00000] [id=25552]
  0x00000260e19396a0 WorkerThread "G1 Conc#0" [stack: 0x0000007dfed00000,0x0000007dfee00000] [id=24552]

[error occurred during error reporting (printing all threads), id 0xc0000005, EXCEPTION_ACCESS_VIOLATION (0xc0000005) at pc=0x00007ffe3c8ca217]

VM state: not at safepoint (not fully initialized)

VM Mutex/Monitor currently owned by a thread:  ([mutex/lock_event])
[0x00000260e18c94e0] Heap_lock - owner thread: 0x00000260e18ccbe0

Heap address: 0x000000008a800000, size: 1880 MB, Compressed Oops mode: 32-bit

CDS archive(s) mapped at: [0x0000000000000000-0x0000000000000000-0x0000000000000000), size 0, SharedBaseAddress: 0x0000000800000000, ArchiveRelocationMode: 0.
Narrow klass base: 0x0000000000000000, Narrow klass shift: 0, Narrow klass range: 0x0

GC Precious Log:
 CardTable entry size: 512
 Card Set container configuration: InlinePtr #cards 5 size 8 Array Of Cards #cards 12 size 40 Howl #buckets 4 coarsen threshold 1843 Howl Bitmap #cards 512 size 80 coarsen threshold 460 Card regions per heap region 1 cards per card region 2048

Heap:
 garbage-first heap   total 0K, used 0K [0x000000008a800000, 0x0000000100000000)
  region size 1024K, 0 young (0K), 0 survivors (0K)

[error occurred during error reporting (printing heap information), id 0xc0000005, EXCEPTION_ACCESS_VIOLATION (0xc0000005) at pc=0x00007ffe3ccb0489]

GC Heap History (0 events):
No events

Deoptimization events (0 events):
No events

Classes loaded (0 events):
No events

Classes unloaded (0 events):
No events

Classes redefined (0 events):
No events

Internal exceptions (0 events):
No events

VM Operations (0 events):
No events

Events (1 events):
Event: 0.010 Loaded shared library C:\Program Files\Java\jdk-18\bin\java.dll


Dynamic libraries:
0x00007ff6ed480000 - 0x00007ff6ed490000 	C:\Program Files\Java\jdk-18\bin\java.exe
0x00007ffead7b0000 - 0x00007ffead9a5000 	C:\Windows\SYSTEM32\ntdll.dll
0x00007ffeac000000 - 0x00007ffeac0be000 	C:\Windows\System32\KERNEL32.DLL
0x00007ffeab1c0000 - 0x00007ffeab488000 	C:\Windows\System32\KERNELBASE.dll
0x00007ffeab5d0000 - 0x00007ffeab6d0000 	C:\Windows\System32\ucrtbase.dll
0x00007ffe99030000 - 0x00007ffe9904a000 	C:\Program Files\Java\jdk-18\bin\VCRUNTIME140.dll
0x00007ffea34e0000 - 0x00007ffea34f8000 	C:\Program Files\Java\jdk-18\bin\jli.dll
0x00007ffeac4b0000 - 0x00007ffeac55e000 	C:\Windows\System32\ADVAPI32.dll
0x00007ffead1a0000 - 0x00007ffead23e000 	C:\Windows\System32\msvcrt.dll
0x00007ffeac410000 - 0x00007ffeac4ac000 	C:\Windows\System32\sechost.dll
0x00007ffeac120000 - 0x00007ffeac245000 	C:\Windows\System32\RPCRT4.dll
0x00007ffeabbe0000 - 0x00007ffeabd80000 	C:\Windows\System32\USER32.dll
0x00007ffe965e0000 - 0x00007ffe9687a000 	C:\Windows\WinSxS\amd64_microsoft.windows.common-controls_6595b64144ccf1df_6.0.19041.1110_none_60b5254171f9507e\COMCTL32.dll
0x00007ffeab490000 - 0x00007ffeab4b2000 	C:\Windows\System32\win32u.dll
0x00007ffead6c0000 - 0x00007ffead6ea000 	C:\Windows\System32\GDI32.dll
0x00007ffeab4c0000 - 0x00007ffeab5cb000 	C:\Windows\System32\gdi32full.dll
0x00007ffeab120000 - 0x00007ffeab1bd000 	C:\Windows\System32\msvcp_win.dll
0x00007ffea2d70000 - 0x00007ffea2d7a000 	C:\Windows\SYSTEM32\VERSION.dll
0x00007ffeac310000 - 0x00007ffeac340000 	C:\Windows\System32\IMM32.DLL
0x00007ffe99c70000 - 0x00007ffe99c7c000 	C:\Program Files\Java\jdk-18\bin\vcruntime140_1.dll
0x00007ffe83990000 - 0x00007ffe83a1d000 	C:\Program Files\Java\jdk-18\bin\msvcp140.dll
0x00007ffe3c5c0000 - 0x00007ffe3d1d1000 	C:\Program Files\Java\jdk-18\bin\server\jvm.dll
0x00007ffeac250000 - 0x00007ffeac258000 	C:\Windows\System32\PSAPI.DLL
0x00007ffea0000000 - 0x00007ffea0027000 	C:\Windows\SYSTEM32\WINMM.dll
0x00007ffe933e0000 - 0x00007ffe933e9000 	C:\Windows\SYSTEM32\WSOCK32.dll
0x00007ffeac3a0000 - 0x00007ffeac40b000 	C:\Windows\System32\WS2_32.dll
0x00007ffea9780000 - 0x00007ffea9792000 	C:\Windows\SYSTEM32\kernel.appcore.dll
0x00007ffe99020000 - 0x00007ffe9902a000 	C:\Program Files\Java\jdk-18\bin\jimage.dll
0x00007ffea8dd0000 - 0x00007ffea8fb4000 	C:\Windows\SYSTEM32\DBGHELP.DLL
0x00007ffe95af0000 - 0x00007ffe95b1c000 	C:\Windows\SYSTEM32\dbgcore.DLL
0x00007ffeab780000 - 0x00007ffeab802000 	C:\Windows\System32\bcryptPrimitives.dll
0x00007ffe90720000 - 0x00007ffe90745000 	C:\Program Files\Java\jdk-18\bin\java.dll

dbghelp: loaded successfully - version: 4.0.5 - missing functions: none
symbol engine: initialized successfully - sym options: 0x614 - pdb path: .;C:\Program Files\Java\jdk-18\bin;C:\Windows\SYSTEM32;C:\Windows\WinSxS\amd64_microsoft.windows.common-controls_6595b64144ccf1df_6.0.19041.1110_none_60b5254171f9507e;C:\Program Files\Java\jdk-18\bin\server

VM Arguments:
jvm_args: -Dfile.encoding=UTF-8 --module-path=C:\Users\ashwani yadav\Documents\NetBeansProjects\Hotel Management System\build\classes 
java_command: hotel.management.system.AddCustomer
java_class_path (initial): C:\Users\ashwani yadav\Downloads\mysql-connector-java-8.0.28.jar;C:\Users\ashwani yadav\Documents\NetBeansProjects\Hotel Management System\build\classes
Launcher Type: SUN_STANDARD

[Global flags]
     intx CICompilerCount                          = 4                                         {product} {ergonomic}
     uint ConcGCThreads                            = 3                                         {product} {ergonomic}
     uint G1ConcRefinementThreads                  = 10                                        {product} {ergonomic}
   size_t G1HeapRegionSize                         = 1048576                                   {product} {ergonomic}
    uintx GCDrainStackTargetSize                   = 64                                        {product} {ergonomic}
   size_t InitialHeapSize                          = 123731968                                 {product} {ergonomic}
   size_t MarkStackSize                            = 4194304                                   {product} {ergonomic}
   size_t MaxHeapSize                              = 1971322880                                {product} {ergonomic}
   size_t MinHeapDeltaBytes                        = 1048576                                   {product} {ergonomic}
   size_t MinHeapSize                              = 8388608                                   {product} {ergonomic}
    uintx NonNMethodCodeHeapSize                   = 5839372                                {pd product} {ergonomic}
    uintx NonProfiledCodeHeapSize                  = 122909434                              {pd product} {ergonomic}
    uintx ProfiledCodeHeapSize                     = 122909434                              {pd product} {ergonomic}
    uintx ReservedCodeCacheSize                    = 251658240                              {pd product} {ergonomic}
     bool SegmentedCodeCache                       = true                                      {product} {ergonomic}
   size_t SoftMaxHeapSize                          = 1971322880                             {manageable} {ergonomic}
     bool UseCompressedClassPointers               = true                           {product lp64_product} {ergonomic}
     bool UseCompressedOops                        = true                           {product lp64_product} {ergonomic}
     bool UseG1GC                                  = true                                      {product} {ergonomic}
     bool UseLargePagesIndividualAllocation        = false                                  {pd product} {ergonomic}

Logging:
Log output configuration:
 #0: stdout all=warning uptime,level,tags foldmultilines=false
 #1: stderr all=off uptime,level,tags foldmultilines=false

Environment Variables:
JAVA_HOME=C:\Program Files\Java\jdk-18
PATH=C:\Program Files\Java\jdk-18\bin;C:\Program Files\Java\jdk-18\bin;C:\Python310\Scripts\;C:\Python310\;C:\Windows\system32;C:\Windows;C:\Windows\System32\Wbem;C:\Program Files\apache-maven-3.8.5-bin\apache-maven-3.8.5\bin;C:\Windows\System32\WindowsPowerShell\v1.0\;C:\Windows\System32\OpenSSH\;C:\Program Files\NVIDIA Corporation\NVIDIA NvDLISR;C:\Program Files\nodejs\;C:\ProgramData\chocolatey\bin;C:\Program Files\apache-maven-3.8.5-bin\apache-maven-3.8.5\bin;C:\Program Files\MySQL\MySQL Shell 8.0\bin\;C:\Users\ashwani yadav\AppData\Local\Microsoft\WindowsApps;C:\Users\ashwani yadav\AppData\Local\Programs\Microsoft VS Code\bin;C:\Users\ashwani yadav\AppData\Roaming\npm;C:\Program Files\MongoDB\Server\5.0\bin;C:\Program Files\PostgreSQL\14\bin;C:\Program Files\PostgreSQL\14\lib;
USERNAME=ashwani yadav
OS=Windows_NT
PROCESSOR_IDENTIFIER=AMD64 Family 23 Model 104 Stepping 1, AuthenticAMD



---------------  S Y S T E M  ---------------

OS:
 Windows 10 , 64 bit Build 19041 (10.0.19041.1645)
OS uptime: 0 days 11:07 hours

CPU: total 12 (initial active 12) (12 cores per cpu, 2 threads per core) family 23 model 104 stepping 1 microcode 0x0, cx8, cmov, fxsr, ht, mmx, 3dnowpref, sse, sse2, sse3, ssse3, sse4a, sse4.1, sse4.2, popcnt, lzcnt, tsc, tscinvbit, avx, avx2, aes, clmul, bmi1, bmi2, adx, sha, fma, vzeroupper, clflush, clflushopt

Memory: 4k page, system-wide physical 7514M (1300M free)
TotalPageFile size 31066M (AvailPageFile size 122M)
current process WorkingSet (physical memory assigned to process): 10M, peak: 10M
current process commit charge ("private bytes"): 64M, peak: 182M

vm_info: Java HotSpot(TM) 64-Bit Server VM (18+36-2087) for windows-amd64 JRE (18+36-2087), built on Feb 15 2022 09:43:11 by "mach5one" with MS VC++ 16.8 / 16.9 (VS2019)

END.
