#
# There is insufficient memory for the Java Runtime Environment to continue.
# Native memory allocation (mmap) failed to map 65536 bytes for Failed to commit metaspace.
# Possible reasons:
#   The system is out of physical RAM or swap space
#   The process is running with CompressedOops enabled, and the Java Heap may be blocking the growth of the native heap
# Possible solutions:
#   Reduce memory load on the system
#   Increase physical memory or swap space
#   Check if swap backing store is full
#   Decrease Java heap size (-Xmx/-Xms)
#   Decrease number of Java threads
#   Decrease Java thread stack sizes (-Xss)
#   Set larger code cache with -XX:ReservedCodeCacheSize=
#   JVM is running with Unscaled Compressed Oops mode in which the Java heap is
#     placed in the first 4GB address space. The Java Heap base address is the
#     maximum limit for the native heap growth. Please use -XX:HeapBaseMinAddress
#     to set the Java Heap base and to place the Java Heap above 4GB virtual address.
# This output file may be truncated or incomplete.
#
#  Out of Memory Error (virtualSpaceNode.cpp:110), pid=27324, tid=26368
#
# JRE version: Java(TM) SE Runtime Environment (18.0+36) (build 18+36-2087)
# Java VM: Java HotSpot(TM) 64-Bit Server VM (18+36-2087, mixed mode, tiered, compressed oops, compressed class ptrs, g1 gc, windows-amd64)
# No core dump will be written. Minidumps are not enabled by default on client versions of Windows
#

---------------  S U M M A R Y ------------

Command Line: -Dfile.encoding=UTF-8 --module-path=C:\Users\ashwani yadav\Documents\NetBeansProjects\Hotel Management System\build\classes hotel.management.system.AddEmployee

Host: AMD Ryzen 5 5500U with Radeon Graphics         , 12 cores, 7G,  Windows 10 , 64 bit Build 19041 (10.0.19041.1645)
Time: Mon Apr 25 08:40:51 2022 India Standard Time elapsed time: 0.085297 seconds (0d 0h 0m 0s)

---------------  T H R E A D  ---------------

Current thread (0x0000028beb25d940):  JavaThread "main" [_thread_in_vm, id=26368, stack(0x000000f36d800000,0x000000f36d900000)]

Stack: [0x000000f36d800000,0x000000f36d900000]
Native frames: (J=compiled Java code, j=interpreted, Vv=VM code, C=native code)
V  [jvm.dll+0x69804a]
V  [jvm.dll+0x7f308d]
V  [jvm.dll+0x7f499e]
V  [jvm.dll+0x7f5053]
V  [jvm.dll+0x25ca3f]
V  [jvm.dll+0x7eed9b]
V  [jvm.dll+0x63e276]
V  [jvm.dll+0x63e2da]
V  [jvm.dll+0x640b5e]
V  [jvm.dll+0x640a1e]
V  [jvm.dll+0x63ec3e]
V  [jvm.dll+0x25108f]
V  [jvm.dll+0x649275]
V  [jvm.dll+0x202381]
V  [jvm.dll+0x2028b5]
V  [jvm.dll+0x2032ef]
V  [jvm.dll+0x1f8781]
V  [jvm.dll+0x55cea5]
V  [jvm.dll+0x209637]
V  [jvm.dll+0x76c73d]
V  [jvm.dll+0x76da76]
V  [jvm.dll+0x76dda8]
V  [jvm.dll+0x254d46]
V  [jvm.dll+0x3a26fe]
C  0x0000028b8000f2a3

Java frames: (J=compiled Java code, j=interpreted, Vv=VM code)
j  java.util.Collections.unmodifiableMap(Ljava/util/Map;)Ljava/util/Map;+6 java.base
j  jdk.internal.module.ModuleHashes.<init>(Ljava/lang/String;Ljava/util/Map;)V+17 java.base
j  jdk.internal.module.ModuleHashes$Builder.build()Ljdk/internal/module/ModuleHashes;+24 java.base
j  jdk.internal.module.SystemModules$all.moduleHashes()[Ljdk/internal/module/ModuleHashes;+13264 java.base
j  jdk.internal.module.SystemModuleFinders.of(Ljdk/internal/module/SystemModules;)Ljava/lang/module/ModuleFinder;+15 java.base
j  jdk.internal.module.ModuleBootstrap.boot2()Ljava/lang/ModuleLayer;+240 java.base
j  jdk.internal.module.ModuleBootstrap.boot()Ljava/lang/ModuleLayer;+64 java.base
j  java.lang.System.initPhase2(ZZ)I+0 java.base
v  ~StubRoutines::call_stub

---------------  P R O C E S S  ---------------

Threads class SMR info:
_java_thread_list=0x0000028bfc2c6840, length=10, elements={
0x0000028beb25d940, 0x0000028bfc2d9150, 0x0000028bfc2dacd0, 0x0000028bfc3149e0,
0x0000028bfc315290, 0x0000028b931150a0, 0x0000028b93119570, 0x0000028b93122160,
0x0000028b93124a60, 0x0000028b93127360
}

Java Threads: ( => current thread )
=>0x0000028beb25d940 JavaThread "main" [_thread_in_vm, id=26368, stack(0x000000f36d800000,0x000000f36d900000)]
  0x0000028bfc2d9150 JavaThread "Reference Handler" daemon [_thread_blocked, id=16916, stack(0x000000f36df00000,0x000000f36e000000)]
  0x0000028bfc2dacd0 JavaThread "Finalizer" daemon [_thread_blocked, id=26348, stack(0x000000f36e000000,0x000000f36e100000)]
  0x0000028bfc3149e0 JavaThread "Signal Dispatcher" daemon [_thread_blocked, id=27240, stack(0x000000f36e100000,0x000000f36e200000)]
  0x0000028bfc315290 JavaThread "Attach Listener" daemon [_thread_blocked, id=24588, stack(0x000000f36e200000,0x000000f36e300000)]
  0x0000028b931150a0 JavaThread "Service Thread" daemon [_thread_blocked, id=25736, stack(0x000000f36e300000,0x000000f36e400000)]
  0x0000028b93119570 JavaThread "Monitor Deflation Thread" daemon [_thread_blocked, id=22004, stack(0x000000f36e400000,0x000000f36e500000)]
  0x0000028b93122160 JavaThread "C2 CompilerThread0" daemon [_thread_blocked, id=25728, stack(0x000000f36e500000,0x000000f36e600000)]
  0x0000028b93124a60 JavaThread "C1 CompilerThread0" daemon [_thread_blocked, id=10252, stack(0x000000f36e600000,0x000000f36e700000)]
  0x0000028b93127360 JavaThread "Sweeper thread" daemon [_thread_blocked, id=19300, stack(0x000000f36e700000,0x000000f36e800000)]

Other Threads:
  0x0000028beb2f2f40 VMThread "VM Thread" [stack: 0x000000f36de00000,0x000000f36df00000] [id=19328]
  0x0000028beb2ba390 WorkerThread "GC Thread#0" [stack: 0x000000f36d900000,0x000000f36da00000] [id=26708]
  0x0000028beb2cdd10 ConcurrentGCThread "G1 Main Marker" [stack: 0x000000f36da00000,0x000000f36db00000] [id=21780]
  0x0000028beb2ce610 WorkerThread "G1 Conc#0" [stack: 0x000000f36db00000,0x000000f36dc00000] [id=21484]
  0x0000028beb32c6b0 ConcurrentGCThread "G1 Refine#0" [stack: 0x000000f36dc00000,0x000000f36dd00000] [id=26712]
  0x0000028beb32ced0 ConcurrentGCThread "G1 Service" [stack: 0x000000f36dd00000,0x000000f36de00000] [id=26704]

Threads with active compile tasks:

VM state: not at safepoint (normal execution)

VM Mutex/Monitor currently owned by a thread:  ([mutex/lock_event])
[0x0000028beb24c9a0] Metaspace_lock - owner thread: 0x0000028beb25d940

Heap address: 0x000000008a800000, size: 1880 MB, Compressed Oops mode: 32-bit

CDS archive(s) not mapped
Compressed class space mapped at: 0x0000000100000000-0x0000000140000000, reserved size: 1073741824
Narrow klass base: 0x0000000000000000, Narrow klass shift: 3, Narrow klass range: 0x140000000

GC Precious Log:
 CardTable entry size: 512
 Card Set container configuration: InlinePtr #cards 5 size 8 Array Of Cards #cards 12 size 40 Howl #buckets 4 coarsen threshold 1843 Howl Bitmap #cards 512 size 80 coarsen threshold 460 Card regions per heap region 1 cards per card region 2048
 CPUs: 12 total, 12 available
 Memory: 7514M
 Large Page Support: Disabled
 NUMA Support: Disabled
 Compressed Oops: Enabled (32-bit)
 Heap Region Size: 1M
 Heap Min Capacity: 8M
 Heap Initial Capacity: 118M
 Heap Max Capacity: 1880M
 Pre-touch: Disabled
 Parallel Workers: 10
 Concurrent Workers: 3
 Concurrent Refinement Workers: 10
 Periodic GC: Disabled

Heap:
 garbage-first heap   total 120832K, used 0K [0x000000008a800000, 0x0000000100000000)
  region size 1024K, 1 young (1024K), 0 survivors (0K)
 Metaspace       used 3458K, committed 3520K, reserved 1114112K
  class space    used 258K, committed 320K, reserved 1048576K

Heap Regions: E=young(eden), S=young(survivor), O=old, HS=humongous(starts), HC=humongous(continues), CS=collection set, F=free, OA=open archive, CA=closed archive, TAMS=top-at-mark-start (previous, next)
|   0|0x000000008a800000, 0x000000008a800000, 0x000000008a900000|  0%| F|  |TAMS 0x000000008a800000, 0x000000008a800000| Untracked 
|   1|0x000000008a900000, 0x000000008a900000, 0x000000008aa00000|  0%| F|  |TAMS 0x000000008a900000, 0x000000008a900000| Untracked 
|   2|0x000000008aa00000, 0x000000008aa00000, 0x000000008ab00000|  0%| F|  |TAMS 0x000000008aa00000, 0x000000008aa00000| Untracked 
|   3|0x000000008ab00000, 0x000000008ab00000, 0x000000008ac00000|  0%| F|  |TAMS 0x000000008ab00000, 0x000000008ab00000| Untracked 
|   4|0x000000008ac00000, 0x000000008ac00000, 0x000000008ad00000|  0%| F|  |TAMS 0x000000008ac00000, 0x000000008ac00000| Untracked 
|   5|0x000000008ad00000, 0x000000008ad00000, 0x000000008ae00000|  0%| F|  |TAMS 0x000000008ad00000, 0x000000008ad00000| Untracked 
|   6|0x000000008ae00000, 0x000000008ae00000, 0x000000008af00000|  0%| F|  |TAMS 0x000000008ae00000, 0x000000008ae00000| Untracked 
|   7|0x000000008af00000, 0x000000008af00000, 0x000000008b000000|  0%| F|  |TAMS 0x000000008af00000, 0x000000008af00000| Untracked 
|   8|0x000000008b000000, 0x000000008b000000, 0x000000008b100000|  0%| F|  |TAMS 0x000000008b000000, 0x000000008b000000| Untracked 
|   9|0x000000008b100000, 0x000000008b100000, 0x000000008b200000|  0%| F|  |TAMS 0x000000008b100000, 0x000000008b100000| Untracked 
|  10|0x000000008b200000, 0x000000008b200000, 0x000000008b300000|  0%| F|  |TAMS 0x000000008b200000, 0x000000008b200000| Untracked 
|  11|0x000000008b300000, 0x000000008b300000, 0x000000008b400000|  0%| F|  |TAMS 0x000000008b300000, 0x000000008b300000| Untracked 
|  12|0x000000008b400000, 0x000000008b400000, 0x000000008b500000|  0%| F|  |TAMS 0x000000008b400000, 0x000000008b400000| Untracked 
|  13|0x000000008b500000, 0x000000008b500000, 0x000000008b600000|  0%| F|  |TAMS 0x000000008b500000, 0x000000008b500000| Untracked 
|  14|0x000000008b600000, 0x000000008b600000, 0x000000008b700000|  0%| F|  |TAMS 0x000000008b600000, 0x000000008b600000| Untracked 
|  15|0x000000008b700000, 0x000000008b700000, 0x000000008b800000|  0%| F|  |TAMS 0x000000008b700000, 0x000000008b700000| Untracked 
|  16|0x000000008b800000, 0x000000008b800000, 0x000000008b900000|  0%| F|  |TAMS 0x000000008b800000, 0x000000008b800000| Untracked 
|  17|0x000000008b900000, 0x000000008b900000, 0x000000008ba00000|  0%| F|  |TAMS 0x000000008b900000, 0x000000008b900000| Untracked 
|  18|0x000000008ba00000, 0x000000008ba00000, 0x000000008bb00000|  0%| F|  |TAMS 0x000000008ba00000, 0x000000008ba00000| Untracked 
|  19|0x000000008bb00000, 0x000000008bb00000, 0x000000008bc00000|  0%| F|  |TAMS 0x000000008bb00000, 0x000000008bb00000| Untracked 
|  20|0x000000008bc00000, 0x000000008bc00000, 0x000000008bd00000|  0%| F|  |TAMS 0x000000008bc00000, 0x000000008bc00000| Untracked 
|  21|0x000000008bd00000, 0x000000008bd00000, 0x000000008be00000|  0%| F|  |TAMS 0x000000008bd00000, 0x000000008bd00000| Untracked 
|  22|0x000000008be00000, 0x000000008be00000, 0x000000008bf00000|  0%| F|  |TAMS 0x000000008be00000, 0x000000008be00000| Untracked 
|  23|0x000000008bf00000, 0x000000008bf00000, 0x000000008c000000|  0%| F|  |TAMS 0x000000008bf00000, 0x000000008bf00000| Untracked 
|  24|0x000000008c000000, 0x000000008c000000, 0x000000008c100000|  0%| F|  |TAMS 0x000000008c000000, 0x000000008c000000| Untracked 
|  25|0x000000008c100000, 0x000000008c100000, 0x000000008c200000|  0%| F|  |TAMS 0x000000008c100000, 0x000000008c100000| Untracked 
|  26|0x000000008c200000, 0x000000008c200000, 0x000000008c300000|  0%| F|  |TAMS 0x000000008c200000, 0x000000008c200000| Untracked 
|  27|0x000000008c300000, 0x000000008c300000, 0x000000008c400000|  0%| F|  |TAMS 0x000000008c300000, 0x000000008c300000| Untracked 
|  28|0x000000008c400000, 0x000000008c400000, 0x000000008c500000|  0%| F|  |TAMS 0x000000008c400000, 0x000000008c400000| Untracked 
|  29|0x000000008c500000, 0x000000008c500000, 0x000000008c600000|  0%| F|  |TAMS 0x000000008c500000, 0x000000008c500000| Untracked 
|  30|0x000000008c600000, 0x000000008c600000, 0x000000008c700000|  0%| F|  |TAMS 0x000000008c600000, 0x000000008c600000| Untracked 
|  31|0x000000008c700000, 0x000000008c700000, 0x000000008c800000|  0%| F|  |TAMS 0x000000008c700000, 0x000000008c700000| Untracked 
|  32|0x000000008c800000, 0x000000008c800000, 0x000000008c900000|  0%| F|  |TAMS 0x000000008c800000, 0x000000008c800000| Untracked 
|  33|0x000000008c900000, 0x000000008c900000, 0x000000008ca00000|  0%| F|  |TAMS 0x000000008c900000, 0x000000008c900000| Untracked 
|  34|0x000000008ca00000, 0x000000008ca00000, 0x000000008cb00000|  0%| F|  |TAMS 0x000000008ca00000, 0x000000008ca00000| Untracked 
|  35|0x000000008cb00000, 0x000000008cb00000, 0x000000008cc00000|  0%| F|  |TAMS 0x000000008cb00000, 0x000000008cb00000| Untracked 
|  36|0x000000008cc00000, 0x000000008cc00000, 0x000000008cd00000|  0%| F|  |TAMS 0x000000008cc00000, 0x000000008cc00000| Untracked 
|  37|0x000000008cd00000, 0x000000008cd00000, 0x000000008ce00000|  0%| F|  |TAMS 0x000000008cd00000, 0x000000008cd00000| Untracked 
|  38|0x000000008ce00000, 0x000000008ce00000, 0x000000008cf00000|  0%| F|  |TAMS 0x000000008ce00000, 0x000000008ce00000| Untracked 
|  39|0x000000008cf00000, 0x000000008cf00000, 0x000000008d000000|  0%| F|  |TAMS 0x000000008cf00000, 0x000000008cf00000| Untracked 
|  40|0x000000008d000000, 0x000000008d000000, 0x000000008d100000|  0%| F|  |TAMS 0x000000008d000000, 0x000000008d000000| Untracked 
|  41|0x000000008d100000, 0x000000008d100000, 0x000000008d200000|  0%| F|  |TAMS 0x000000008d100000, 0x000000008d100000| Untracked 
|  42|0x000000008d200000, 0x000000008d200000, 0x000000008d300000|  0%| F|  |TAMS 0x000000008d200000, 0x000000008d200000| Untracked 
|  43|0x000000008d300000, 0x000000008d300000, 0x000000008d400000|  0%| F|  |TAMS 0x000000008d300000, 0x000000008d300000| Untracked 
|  44|0x000000008d400000, 0x000000008d400000, 0x000000008d500000|  0%| F|  |TAMS 0x000000008d400000, 0x000000008d400000| Untracked 
|  45|0x000000008d500000, 0x000000008d500000, 0x000000008d600000|  0%| F|  |TAMS 0x000000008d500000, 0x000000008d500000| Untracked 
|  46|0x000000008d600000, 0x000000008d600000, 0x000000008d700000|  0%| F|  |TAMS 0x000000008d600000, 0x000000008d600000| Untracked 
|  47|0x000000008d700000, 0x000000008d700000, 0x000000008d800000|  0%| F|  |TAMS 0x000000008d700000, 0x000000008d700000| Untracked 
|  48|0x000000008d800000, 0x000000008d800000, 0x000000008d900000|  0%| F|  |TAMS 0x000000008d800000, 0x000000008d800000| Untracked 
|  49|0x000000008d900000, 0x000000008d900000, 0x000000008da00000|  0%| F|  |TAMS 0x000000008d900000, 0x000000008d900000| Untracked 
|  50|0x000000008da00000, 0x000000008da00000, 0x000000008db00000|  0%| F|  |TAMS 0x000000008da00000, 0x000000008da00000| Untracked 
|  51|0x000000008db00000, 0x000000008db00000, 0x000000008dc00000|  0%| F|  |TAMS 0x000000008db00000, 0x000000008db00000| Untracked 
|  52|0x000000008dc00000, 0x000000008dc00000, 0x000000008dd00000|  0%| F|  |TAMS 0x000000008dc00000, 0x000000008dc00000| Untracked 
|  53|0x000000008dd00000, 0x000000008dd00000, 0x000000008de00000|  0%| F|  |TAMS 0x000000008dd00000, 0x000000008dd00000| Untracked 
|  54|0x000000008de00000, 0x000000008de00000, 0x000000008df00000|  0%| F|  |TAMS 0x000000008de00000, 0x000000008de00000| Untracked 
|  55|0x000000008df00000, 0x000000008df00000, 0x000000008e000000|  0%| F|  |TAMS 0x000000008df00000, 0x000000008df00000| Untracked 
|  56|0x000000008e000000, 0x000000008e000000, 0x000000008e100000|  0%| F|  |TAMS 0x000000008e000000, 0x000000008e000000| Untracked 
|  57|0x000000008e100000, 0x000000008e100000, 0x000000008e200000|  0%| F|  |TAMS 0x000000008e100000, 0x000000008e100000| Untracked 
|  58|0x000000008e200000, 0x000000008e200000, 0x000000008e300000|  0%| F|  |TAMS 0x000000008e200000, 0x000000008e200000| Untracked 
|  59|0x000000008e300000, 0x000000008e300000, 0x000000008e400000|  0%| F|  |TAMS 0x000000008e300000, 0x000000008e300000| Untracked 
|  60|0x000000008e400000, 0x000000008e400000, 0x000000008e500000|  0%| F|  |TAMS 0x000000008e400000, 0x000000008e400000| Untracked 
|  61|0x000000008e500000, 0x000000008e500000, 0x000000008e600000|  0%| F|  |TAMS 0x000000008e500000, 0x000000008e500000| Untracked 
|  62|0x000000008e600000, 0x000000008e600000, 0x000000008e700000|  0%| F|  |TAMS 0x000000008e600000, 0x000000008e600000| Untracked 
|  63|0x000000008e700000, 0x000000008e700000, 0x000000008e800000|  0%| F|  |TAMS 0x000000008e700000, 0x000000008e700000| Untracked 
|  64|0x000000008e800000, 0x000000008e800000, 0x000000008e900000|  0%| F|  |TAMS 0x000000008e800000, 0x000000008e800000| Untracked 
|  65|0x000000008e900000, 0x000000008e900000, 0x000000008ea00000|  0%| F|  |TAMS 0x000000008e900000, 0x000000008e900000| Untracked 
|  66|0x000000008ea00000, 0x000000008ea00000, 0x000000008eb00000|  0%| F|  |TAMS 0x000000008ea00000, 0x000000008ea00000| Untracked 
|  67|0x000000008eb00000, 0x000000008eb00000, 0x000000008ec00000|  0%| F|  |TAMS 0x000000008eb00000, 0x000000008eb00000| Untracked 
|  68|0x000000008ec00000, 0x000000008ec00000, 0x000000008ed00000|  0%| F|  |TAMS 0x000000008ec00000, 0x000000008ec00000| Untracked 
|  69|0x000000008ed00000, 0x000000008ed00000, 0x000000008ee00000|  0%| F|  |TAMS 0x000000008ed00000, 0x000000008ed00000| Untracked 
|  70|0x000000008ee00000, 0x000000008ee00000, 0x000000008ef00000|  0%| F|  |TAMS 0x000000008ee00000, 0x000000008ee00000| Untracked 
|  71|0x000000008ef00000, 0x000000008ef00000, 0x000000008f000000|  0%| F|  |TAMS 0x000000008ef00000, 0x000000008ef00000| Untracked 
|  72|0x000000008f000000, 0x000000008f000000, 0x000000008f100000|  0%| F|  |TAMS 0x000000008f000000, 0x000000008f000000| Untracked 
|  73|0x000000008f100000, 0x000000008f100000, 0x000000008f200000|  0%| F|  |TAMS 0x000000008f100000, 0x000000008f100000| Untracked 
|  74|0x000000008f200000, 0x000000008f200000, 0x000000008f300000|  0%| F|  |TAMS 0x000000008f200000, 0x000000008f200000| Untracked 
|  75|0x000000008f300000, 0x000000008f300000, 0x000000008f400000|  0%| F|  |TAMS 0x000000008f300000, 0x000000008f300000| Untracked 
|  76|0x000000008f400000, 0x000000008f400000, 0x000000008f500000|  0%| F|  |TAMS 0x000000008f400000, 0x000000008f400000| Untracked 
|  77|0x000000008f500000, 0x000000008f500000, 0x000000008f600000|  0%| F|  |TAMS 0x000000008f500000, 0x000000008f500000| Untracked 
|  78|0x000000008f600000, 0x000000008f600000, 0x000000008f700000|  0%| F|  |TAMS 0x000000008f600000, 0x000000008f600000| Untracked 
|  79|0x000000008f700000, 0x000000008f700000, 0x000000008f800000|  0%| F|  |TAMS 0x000000008f700000, 0x000000008f700000| Untracked 
|  80|0x000000008f800000, 0x000000008f800000, 0x000000008f900000|  0%| F|  |TAMS 0x000000008f800000, 0x000000008f800000| Untracked 
|  81|0x000000008f900000, 0x000000008f900000, 0x000000008fa00000|  0%| F|  |TAMS 0x000000008f900000, 0x000000008f900000| Untracked 
|  82|0x000000008fa00000, 0x000000008fa00000, 0x000000008fb00000|  0%| F|  |TAMS 0x000000008fa00000, 0x000000008fa00000| Untracked 
|  83|0x000000008fb00000, 0x000000008fb00000, 0x000000008fc00000|  0%| F|  |TAMS 0x000000008fb00000, 0x000000008fb00000| Untracked 
|  84|0x000000008fc00000, 0x000000008fc00000, 0x000000008fd00000|  0%| F|  |TAMS 0x000000008fc00000, 0x000000008fc00000| Untracked 
|  85|0x000000008fd00000, 0x000000008fd00000, 0x000000008fe00000|  0%| F|  |TAMS 0x000000008fd00000, 0x000000008fd00000| Untracked 
|  86|0x000000008fe00000, 0x000000008fe00000, 0x000000008ff00000|  0%| F|  |TAMS 0x000000008fe00000, 0x000000008fe00000| Untracked 
|  87|0x000000008ff00000, 0x000000008ff00000, 0x0000000090000000|  0%| F|  |TAMS 0x000000008ff00000, 0x000000008ff00000| Untracked 
|  88|0x0000000090000000, 0x0000000090000000, 0x0000000090100000|  0%| F|  |TAMS 0x0000000090000000, 0x0000000090000000| Untracked 
|  89|0x0000000090100000, 0x0000000090100000, 0x0000000090200000|  0%| F|  |TAMS 0x0000000090100000, 0x0000000090100000| Untracked 
|  90|0x0000000090200000, 0x0000000090200000, 0x0000000090300000|  0%| F|  |TAMS 0x0000000090200000, 0x0000000090200000| Untracked 
|  91|0x0000000090300000, 0x0000000090300000, 0x0000000090400000|  0%| F|  |TAMS 0x0000000090300000, 0x0000000090300000| Untracked 
|  92|0x0000000090400000, 0x0000000090400000, 0x0000000090500000|  0%| F|  |TAMS 0x0000000090400000, 0x0000000090400000| Untracked 
|  93|0x0000000090500000, 0x0000000090500000, 0x0000000090600000|  0%| F|  |TAMS 0x0000000090500000, 0x0000000090500000| Untracked 
|  94|0x0000000090600000, 0x0000000090600000, 0x0000000090700000|  0%| F|  |TAMS 0x0000000090600000, 0x0000000090600000| Untracked 
|  95|0x0000000090700000, 0x0000000090700000, 0x0000000090800000|  0%| F|  |TAMS 0x0000000090700000, 0x0000000090700000| Untracked 
|  96|0x0000000090800000, 0x0000000090800000, 0x0000000090900000|  0%| F|  |TAMS 0x0000000090800000, 0x0000000090800000| Untracked 
|  97|0x0000000090900000, 0x0000000090900000, 0x0000000090a00000|  0%| F|  |TAMS 0x0000000090900000, 0x0000000090900000| Untracked 
|  98|0x0000000090a00000, 0x0000000090a00000, 0x0000000090b00000|  0%| F|  |TAMS 0x0000000090a00000, 0x0000000090a00000| Untracked 
|  99|0x0000000090b00000, 0x0000000090b00000, 0x0000000090c00000|  0%| F|  |TAMS 0x0000000090b00000, 0x0000000090b00000| Untracked 
| 100|0x0000000090c00000, 0x0000000090c00000, 0x0000000090d00000|  0%| F|  |TAMS 0x0000000090c00000, 0x0000000090c00000| Untracked 
| 101|0x0000000090d00000, 0x0000000090d00000, 0x0000000090e00000|  0%| F|  |TAMS 0x0000000090d00000, 0x0000000090d00000| Untracked 
| 102|0x0000000090e00000, 0x0000000090e00000, 0x0000000090f00000|  0%| F|  |TAMS 0x0000000090e00000, 0x0000000090e00000| Untracked 
| 103|0x0000000090f00000, 0x0000000090f00000, 0x0000000091000000|  0%| F|  |TAMS 0x0000000090f00000, 0x0000000090f00000| Untracked 
| 104|0x0000000091000000, 0x0000000091000000, 0x0000000091100000|  0%| F|  |TAMS 0x0000000091000000, 0x0000000091000000| Untracked 
| 105|0x0000000091100000, 0x0000000091100000, 0x0000000091200000|  0%| F|  |TAMS 0x0000000091100000, 0x0000000091100000| Untracked 
| 106|0x0000000091200000, 0x0000000091200000, 0x0000000091300000|  0%| F|  |TAMS 0x0000000091200000, 0x0000000091200000| Untracked 
| 107|0x0000000091300000, 0x0000000091300000, 0x0000000091400000|  0%| F|  |TAMS 0x0000000091300000, 0x0000000091300000| Untracked 
| 108|0x0000000091400000, 0x0000000091400000, 0x0000000091500000|  0%| F|  |TAMS 0x0000000091400000, 0x0000000091400000| Untracked 
| 109|0x0000000091500000, 0x0000000091500000, 0x0000000091600000|  0%| F|  |TAMS 0x0000000091500000, 0x0000000091500000| Untracked 
| 110|0x0000000091600000, 0x0000000091600000, 0x0000000091700000|  0%| F|  |TAMS 0x0000000091600000, 0x0000000091600000| Untracked 
| 111|0x0000000091700000, 0x0000000091700000, 0x0000000091800000|  0%| F|  |TAMS 0x0000000091700000, 0x0000000091700000| Untracked 
| 112|0x0000000091800000, 0x0000000091800000, 0x0000000091900000|  0%| F|  |TAMS 0x0000000091800000, 0x0000000091800000| Untracked 
| 113|0x0000000091900000, 0x0000000091900000, 0x0000000091a00000|  0%| F|  |TAMS 0x0000000091900000, 0x0000000091900000| Untracked 
| 114|0x0000000091a00000, 0x0000000091a00000, 0x0000000091b00000|  0%| F|  |TAMS 0x0000000091a00000, 0x0000000091a00000| Untracked 
| 115|0x0000000091b00000, 0x0000000091b00000, 0x0000000091c00000|  0%| F|  |TAMS 0x0000000091b00000, 0x0000000091b00000| Untracked 
| 116|0x0000000091c00000, 0x0000000091c00000, 0x0000000091d00000|  0%| F|  |TAMS 0x0000000091c00000, 0x0000000091c00000| Untracked 
| 117|0x0000000091d00000, 0x0000000091deb988, 0x0000000091e00000| 92%| E|  |TAMS 0x0000000091d00000, 0x0000000091d00000| Complete 

Card table byte_map: [0x0000028bf53d0000,0x0000028bf5780000] _byte_map_base: 0x0000028bf4f7c000

Marking Bits (Prev, Next): (CMBitMap*) 0x0000028beb2bc8c0, (CMBitMap*) 0x0000028beb2bc900
 Prev Bits: [0x0000028bf5b30000, 0x0000028bf7890000)
 Next Bits: [0x0000028bf7890000, 0x0000028bf95f0000)

Polling page: 0x0000028beb040000

Metaspace:

Usage:
  Non-class:      3.12 MB used.
      Class:    258.43 KB used.
       Both:      3.38 MB used.

Virtual space:
  Non-class space:       64.00 MB reserved,       3.12 MB (  5%) committed,  1 nodes.
      Class space:        1.00 GB reserved,     320.00 KB ( <1%) committed,  1 nodes.
             Both:        1.06 GB reserved,       3.44 MB ( <1%) committed. 

Chunk freelists:
   Non-Class:  0 bytes
       Class:  3.62 MB
        Both:  3.62 MB

MaxMetaspaceSize: unlimited
CompressedClassSpaceSize: 1.00 GB
Initial GC threshold: 21.00 MB
Current GC threshold: 21.00 MB
CDS: off
MetaspaceReclaimPolicy: balanced
 - commit_granule_bytes: 65536.
 - commit_granule_words: 8192.
 - virtual_space_node_default_size: 8388608.
 - enlarge_chunks_in_place: 1.
 - new_chunks_are_fully_committed: 0.
 - uncommit_free_chunks: 1.
 - use_allocation_guard: 0.


Internal statistics:

num_allocs_failed_limit: 0.
num_arena_births: 2.
num_arena_deaths: 0.
num_vsnodes_births: 2.
num_vsnodes_deaths: 0.
num_space_committed: 55.
num_space_uncommitted: 0.
num_chunks_returned_to_freelist: 0.
num_chunks_taken_from_freelist: 4.
num_chunk_merges: 0.
num_chunk_splits: 1.
num_chunks_enlarged: 0.
num_inconsistent_stats: 0.

CodeHeap 'non-profiled nmethods': size=120000Kb used=1Kb max_used=1Kb free=119998Kb
 bounds [0x0000028b87ad0000, 0x0000028b87d40000, 0x0000028b8f000000]
CodeHeap 'profiled nmethods': size=120000Kb used=29Kb max_used=29Kb free=119970Kb
 bounds [0x0000028b805a0000, 0x0000028b80810000, 0x0000028b87ad0000]
CodeHeap 'non-nmethods': size=5760Kb used=1043Kb max_used=1057Kb free=4716Kb
 bounds [0x0000028b80000000, 0x0000028b80270000, 0x0000028b805a0000]
 total_blobs=309 nmethods=22 adapters=200
 compilation: enabled
              stopped_count=0, restarted_count=0
 full_count=0

Compilation events (20 events):
Event: 0.082 Thread 0x0000028b93124a60   14       3       java.lang.module.ModuleDescriptor::modsHashCode (46 bytes)
Event: 0.082 Thread 0x0000028b93122160   16       4       java.lang.StringLatin1::hashCode (42 bytes)
Event: 0.082 Thread 0x0000028b93124a60 nmethod 14 0x0000028b805a4210 code [0x0000028b805a4400, 0x0000028b805a49f8]
Event: 0.082 Thread 0x0000028b93124a60   13       3       java.lang.module.ModuleDescriptor$Exports::<init> (20 bytes)
Event: 0.082 Thread 0x0000028b93124a60 nmethod 13 0x0000028b805a4c10 code [0x0000028b805a4dc0, 0x0000028b805a5038]
Event: 0.082 Thread 0x0000028b93124a60   15       3       java.lang.module.ModuleDescriptor$Exports::hashCode (36 bytes)
Event: 0.083 Thread 0x0000028b93124a60 nmethod 15 0x0000028b805a5110 code [0x0000028b805a52e0, 0x0000028b805a5548]
Event: 0.083 Thread 0x0000028b93124a60   20       3       java.util.Objects::requireNonNull (14 bytes)
Event: 0.083 Thread 0x0000028b93124a60 nmethod 20 0x0000028b805a5690 code [0x0000028b805a5840, 0x0000028b805a5a28]
Event: 0.083 Thread 0x0000028b93124a60   18       3       java.util.AbstractCollection::<init> (5 bytes)
Event: 0.083 Thread 0x0000028b93124a60 nmethod 18 0x0000028b805a5b10 code [0x0000028b805a5ca0, 0x0000028b805a5df8]
Event: 0.083 Thread 0x0000028b93124a60   19       3       java.util.ImmutableCollections$AbstractImmutableCollection::<init> (5 bytes)
Event: 0.083 Thread 0x0000028b93124a60 nmethod 19 0x0000028b805a5e90 code [0x0000028b805a6040, 0x0000028b805a61f8]
Event: 0.083 Thread 0x0000028b93124a60   21       3       java.util.ImmutableCollections$AbstractImmutableSet::<init> (5 bytes)
Event: 0.083 Thread 0x0000028b93124a60 nmethod 21 0x0000028b805a6310 code [0x0000028b805a64c0, 0x0000028b805a66f8]
Event: 0.083 Thread 0x0000028b93124a60   22       3       java.util.Set::of (68 bytes)
Event: 0.083 Thread 0x0000028b93124a60 nmethod 22 0x0000028b805a6810 code [0x0000028b805a6a40, 0x0000028b805a7248]
Event: 0.084 Thread 0x0000028b93122160 nmethod 16 0x0000028b87ad0010 code [0x0000028b87ad0180, 0x0000028b87ad02f8]
Event: 0.084 Thread 0x0000028b93122160   17       4       java.lang.Object::<init> (1 bytes)
Event: 0.084 Thread 0x0000028b93122160 nmethod 17 0x0000028b87ad0410 code [0x0000028b87ad0580, 0x0000028b87ad05f8]

GC Heap History (0 events):
No events

Deoptimization events (0 events):
No events

Classes loaded (20 events):
Event: 0.081 Loading class java/util/ImmutableCollections$SetN$SetNIterator done
Event: 0.081 Loading class java/lang/module/ModuleDescriptor$Opens
Event: 0.081 Loading class java/lang/module/ModuleDescriptor$Opens done
Event: 0.081 Loading class java/lang/module/ModuleDescriptor$Provides
Event: 0.081 Loading class java/lang/module/ModuleDescriptor$Provides done
Event: 0.081 Loading class java/lang/module/ModuleDescriptor$Version
Event: 0.081 Loading class java/lang/module/ModuleDescriptor$Version done
Event: 0.081 Loading class java/lang/module/ModuleDescriptor$Modifier
Event: 0.081 Loading class java/lang/module/ModuleDescriptor$Modifier done
Event: 0.081 Loading class java/lang/module/ModuleDescriptor$Requires$Modifier
Event: 0.081 Loading class java/lang/module/ModuleDescriptor$Requires$Modifier done
Event: 0.081 Loading class java/util/ImmutableCollections$Set12$1
Event: 0.082 Loading class java/util/ImmutableCollections$Set12$1 done
Event: 0.083 Loading class jdk/internal/module/ModuleTarget
Event: 0.083 Loading class jdk/internal/module/ModuleTarget done
Event: 0.083 Loading class jdk/internal/module/ModuleHashes
Event: 0.084 Loading class jdk/internal/module/ModuleHashes done
Event: 0.084 Loading class jdk/internal/module/ModuleHashes$Builder
Event: 0.084 Loading class jdk/internal/module/ModuleHashes$Builder done
Event: 0.084 Loading class java/util/Collections$UnmodifiableMap

Classes unloaded (0 events):
No events

Classes redefined (0 events):
No events

Internal exceptions (0 events):
No events

VM Operations (0 events):
No events

Events (12 events):
Event: 0.004 Loaded shared library C:\Program Files\Java\jdk-18\bin\java.dll
Event: 0.033 Loaded shared library C:\Program Files\Java\jdk-18\bin\jsvml.dll
Event: 0.033 Thread 0x0000028beb25d940 Thread added: 0x0000028beb25d940
Event: 0.041 Thread 0x0000028bfc2d9150 Thread added: 0x0000028bfc2d9150
Event: 0.041 Thread 0x0000028bfc2dacd0 Thread added: 0x0000028bfc2dacd0
Event: 0.062 Thread 0x0000028bfc3149e0 Thread added: 0x0000028bfc3149e0
Event: 0.062 Thread 0x0000028bfc315290 Thread added: 0x0000028bfc315290
Event: 0.063 Thread 0x0000028b931150a0 Thread added: 0x0000028b931150a0
Event: 0.063 Thread 0x0000028b93119570 Thread added: 0x0000028b93119570
Event: 0.063 Thread 0x0000028b93122160 Thread added: 0x0000028b93122160
Event: 0.063 Thread 0x0000028b93124a60 Thread added: 0x0000028b93124a60
Event: 0.063 Thread 0x0000028b93127360 Thread added: 0x0000028b93127360


Dynamic libraries:
0x00007ff7c6030000 - 0x00007ff7c6040000 	C:\Program Files\Java\jdk-18\bin\java.exe
0x00007ff8bc690000 - 0x00007ff8bc885000 	C:\Windows\SYSTEM32\ntdll.dll
0x00007ff8bbd30000 - 0x00007ff8bbdee000 	C:\Windows\System32\KERNEL32.DLL
0x00007ff8ba320000 - 0x00007ff8ba5e8000 	C:\Windows\System32\KERNELBASE.dll
0x00007ff8ba5f0000 - 0x00007ff8ba6f0000 	C:\Windows\System32\ucrtbase.dll
0x00007ff8b3a70000 - 0x00007ff8b3a8a000 	C:\Program Files\Java\jdk-18\bin\VCRUNTIME140.dll
0x00007ff8b72d0000 - 0x00007ff8b72e8000 	C:\Program Files\Java\jdk-18\bin\jli.dll
0x00007ff8bc3c0000 - 0x00007ff8bc46e000 	C:\Windows\System32\ADVAPI32.dll
0x00007ff8bc270000 - 0x00007ff8bc30e000 	C:\Windows\System32\msvcrt.dll
0x00007ff8bb370000 - 0x00007ff8bb40c000 	C:\Windows\System32\sechost.dll
0x00007ff8bc470000 - 0x00007ff8bc595000 	C:\Windows\System32\RPCRT4.dll
0x00007ff8bb1d0000 - 0x00007ff8bb370000 	C:\Windows\System32\USER32.dll
0x00007ff8b9de0000 - 0x00007ff8b9e02000 	C:\Windows\System32\win32u.dll
0x00007ff8a8970000 - 0x00007ff8a8c0a000 	C:\Windows\WinSxS\amd64_microsoft.windows.common-controls_6595b64144ccf1df_6.0.19041.1110_none_60b5254171f9507e\COMCTL32.dll
0x00007ff8bc5a0000 - 0x00007ff8bc5ca000 	C:\Windows\System32\GDI32.dll
0x00007ff8ba1a0000 - 0x00007ff8ba2ab000 	C:\Windows\System32\gdi32full.dll
0x00007ff8b9e10000 - 0x00007ff8b9ead000 	C:\Windows\System32\msvcp_win.dll
0x00007ff8b16a0000 - 0x00007ff8b16aa000 	C:\Windows\SYSTEM32\VERSION.dll
0x00007ff8bbb60000 - 0x00007ff8bbb90000 	C:\Windows\System32\IMM32.DLL
0x00007ff8b7280000 - 0x00007ff8b728c000 	C:\Program Files\Java\jdk-18\bin\vcruntime140_1.dll
0x00007ff89f000000 - 0x00007ff89f08d000 	C:\Program Files\Java\jdk-18\bin\msvcp140.dll
0x00007ff8575b0000 - 0x00007ff8581c1000 	C:\Program Files\Java\jdk-18\bin\server\jvm.dll
0x00007ff8bbd20000 - 0x00007ff8bbd28000 	C:\Windows\System32\PSAPI.DLL
0x00007ff8aefc0000 - 0x00007ff8aefe7000 	C:\Windows\SYSTEM32\WINMM.dll
0x00007ff8a1fe0000 - 0x00007ff8a1fe9000 	C:\Windows\SYSTEM32\WSOCK32.dll
0x00007ff8bbba0000 - 0x00007ff8bbc0b000 	C:\Windows\System32\WS2_32.dll
0x00007ff8b8660000 - 0x00007ff8b8672000 	C:\Windows\SYSTEM32\kernel.appcore.dll
0x00007ff8b5590000 - 0x00007ff8b559a000 	C:\Program Files\Java\jdk-18\bin\jimage.dll
0x00007ff8b7cb0000 - 0x00007ff8b7e94000 	C:\Windows\SYSTEM32\DBGHELP.DLL
0x00007ff8a3160000 - 0x00007ff8a318c000 	C:\Windows\SYSTEM32\dbgcore.DLL
0x00007ff8b9eb0000 - 0x00007ff8b9f32000 	C:\Windows\System32\bcryptPrimitives.dll
0x00007ff8b2110000 - 0x00007ff8b2135000 	C:\Program Files\Java\jdk-18\bin\java.dll
0x00007ff89f2e0000 - 0x00007ff89f3b6000 	C:\Program Files\Java\jdk-18\bin\jsvml.dll
0x00007ff8bb410000 - 0x00007ff8bbb54000 	C:\Windows\System32\SHELL32.dll
0x00007ff8b7eb0000 - 0x00007ff8b8644000 	C:\Windows\SYSTEM32\windows.storage.dll
0x00007ff8bbdf0000 - 0x00007ff8bc144000 	C:\Windows\System32\combase.dll
0x00007ff8b97b0000 - 0x00007ff8b97dc000 	C:\Windows\SYSTEM32\Wldp.dll
0x00007ff8ba840000 - 0x00007ff8ba8ed000 	C:\Windows\System32\SHCORE.dll
0x00007ff8bad00000 - 0x00007ff8bad55000 	C:\Windows\System32\shlwapi.dll
0x00007ff8b9cf0000 - 0x00007ff8b9d0f000 	C:\Windows\SYSTEM32\profapi.dll

dbghelp: loaded successfully - version: 4.0.5 - missing functions: none
symbol engine: initialized successfully - sym options: 0x614 - pdb path: .;C:\Program Files\Java\jdk-18\bin;C:\Windows\SYSTEM32;C:\Windows\WinSxS\amd64_microsoft.windows.common-controls_6595b64144ccf1df_6.0.19041.1110_none_60b5254171f9507e;C:\Program Files\Java\jdk-18\bin\server

VM Arguments:
jvm_args: -Dfile.encoding=UTF-8 --module-path=C:\Users\ashwani yadav\Documents\NetBeansProjects\Hotel Management System\build\classes 
java_command: hotel.management.system.AddEmployee
java_class_path (initial): C:\Users\ashwani yadav\Downloads\mysql-connector-java-8.0.28.jar;C:\Users\ashwani yadav\Documents\NetBeansProjects\Hotel Management System\build\classes
Launcher Type: SUN_STANDARD

[Global flags]
     intx CICompilerCount                          = 4                                         {product} {ergonomic}
     uint ConcGCThreads                            = 3                                         {product} {ergonomic}
     uint G1ConcRefinementThreads                  = 10                                        {product} {ergonomic}
   size_t G1HeapRegionSize                         = 1048576                                   {product} {ergonomic}
    uintx GCDrainStackTargetSize                   = 64                                        {product} {ergonomic}
   size_t InitialHeapSize                          = 123731968                                 {product} {ergonomic}
   size_t MarkStackSize                            = 4194304                                   {product} {ergonomic}
   size_t MaxHeapSize                              = 1971322880                                {product} {ergonomic}
   size_t MaxNewSize                               = 1182793728                                {product} {ergonomic}
   size_t MinHeapDeltaBytes                        = 1048576                                   {product} {ergonomic}
   size_t MinHeapSize                              = 8388608                                   {product} {ergonomic}
    uintx NonNMethodCodeHeapSize                   = 5839372                                {pd product} {ergonomic}
    uintx NonProfiledCodeHeapSize                  = 122909434                              {pd product} {ergonomic}
    uintx ProfiledCodeHeapSize                     = 122909434                              {pd product} {ergonomic}
    uintx ReservedCodeCacheSize                    = 251658240                              {pd product} {ergonomic}
     bool SegmentedCodeCache                       = true                                      {product} {ergonomic}
   size_t SoftMaxHeapSize                          = 1971322880                             {manageable} {ergonomic}
     bool UseCompressedClassPointers               = true                           {product lp64_product} {ergonomic}
     bool UseCompressedOops                        = true                           {product lp64_product} {ergonomic}
     bool UseG1GC                                  = true                                      {product} {ergonomic}
     bool UseLargePagesIndividualAllocation        = false                                  {pd product} {ergonomic}

Logging:
Log output configuration:
 #0: stdout all=warning uptime,level,tags foldmultilines=false
 #1: stderr all=off uptime,level,tags foldmultilines=false

Environment Variables:
JAVA_HOME=C:\Program Files\Java\jdk-18
PATH=C:\Program Files\Java\jdk-18\bin;C:\Program Files\Java\jdk-18\bin;C:\Python310\Scripts\;C:\Python310\;C:\Windows\system32;C:\Windows;C:\Windows\System32\Wbem;C:\Program Files\apache-maven-3.8.5-bin\apache-maven-3.8.5\bin;C:\Windows\System32\WindowsPowerShell\v1.0\;C:\Windows\System32\OpenSSH\;C:\Program Files\NVIDIA Corporation\NVIDIA NvDLISR;C:\Program Files\nodejs\;C:\ProgramData\chocolatey\bin;C:\Program Files\apache-maven-3.8.5-bin\apache-maven-3.8.5\bin;C:\Program Files\MySQL\MySQL Shell 8.0\bin\;C:\Users\ashwani yadav\AppData\Local\Microsoft\WindowsApps;C:\Users\ashwani yadav\AppData\Local\Programs\Microsoft VS Code\bin;C:\Users\ashwani yadav\AppData\Roaming\npm;C:\Program Files\MongoDB\Server\5.0\bin;C:\Program Files\PostgreSQL\14\bin;C:\Program Files\PostgreSQL\14\lib;
USERNAME=ashwani yadav
OS=Windows_NT
PROCESSOR_IDENTIFIER=AMD64 Family 23 Model 104 Stepping 1, AuthenticAMD



---------------  S Y S T E M  ---------------

OS:
 Windows 10 , 64 bit Build 19041 (10.0.19041.1645)
OS uptime: 6 days 3:08 hours

CPU: total 12 (initial active 12) (12 cores per cpu, 2 threads per core) family 23 model 104 stepping 1 microcode 0x0, cx8, cmov, fxsr, ht, mmx, 3dnowpref, sse, sse2, sse3, ssse3, sse4a, sse4.1, sse4.2, popcnt, lzcnt, tsc, tscinvbit, avx, avx2, aes, clmul, bmi1, bmi2, adx, sha, fma, vzeroupper, clflush, clflushopt

Memory: 4k page, system-wide physical 7514M (621M free)
TotalPageFile size 31066M (AvailPageFile size 1M)
current process WorkingSet (physical memory assigned to process): 25M, peak: 25M
current process commit charge ("private bytes"): 194M, peak: 194M

vm_info: Java HotSpot(TM) 64-Bit Server VM (18+36-2087) for windows-amd64 JRE (18+36-2087), built on Feb 15 2022 09:43:11 by "mach5one" with MS VC++ 16.8 / 16.9 (VS2019)

END.
